27.07707	170.449789	170.475035	-169.856377	-169.942709	
27.08716	170.451322	170.448855	-169.857911	-169.933983	
27.09749	170.453539	170.413948	-169.860127	-169.925256	
27.10746	170.456263	170.387768	-169.862851	-169.899076	
27.11759	170.459655	170.361588	-169.866243	-169.881623	
27.12776	170.463678	170.344135	-169.870266	-169.855443	
27.13788	170.468296	170.344135	-169.874884	-169.820536	
27.14833	170.473734	170.352862	-169.880322	-169.803083	
27.15808	170.479351	170.361588	-169.885939	-169.78563	
27.1682	170.485807	170.379042	-169.892395	-169.776903	
27.17841	170.492958	170.405222	-169.899546	-169.78563	
27.18854	170.500662	170.431401	-169.90725	-169.78563	
27.19868	170.508988	170.466308	-169.915576	-169.803083	
27.20878	170.517888	170.501215	-169.924476	-169.820536	
27.21892	170.527443	170.536121	-169.934032	-169.846716	
27.22903	170.537583	170.571028	-169.944171	-169.872896	
27.23918	170.548391	170.605934	-169.954979	-169.907803	
27.25754	170.570414	170.649568	-169.977002	-169.960163	
27.26192	170.575591	170.658294	-169.982179	-169.977616	
27.27209	170.588423	170.658294	-169.995011	-170.012522	
27.28242	170.602122	170.658294	-170.00871	-170.056156	
27.29238	170.615874	170.658294	-170.022462	-170.099789	
27.30254	170.630559	170.649568	-170.037147	-170.125969	
27.31267	170.645787	170.632114	-170.052375	-170.152149	
27.3228	170.661657	170.623388	-170.068245	-170.160875	
27.33294	170.678157	170.623388	-170.084745	-170.169602	
27.34303	170.695172	170.623388	-170.10176	-170.169602	
27.3532	170.712955	170.632114	-170.119543	-170.160875	
27.36338	170.731381	170.640841	-170.137969	-170.152149	
27.37347	170.750248	170.658294	-170.156836	-170.134695	
27.386	170.774722	170.684474	-170.18131	-170.134695	
27.39376	170.790118	170.710654	-170.196706	-170.143422	
27.40388	170.810882	170.745561	-170.21747	-170.152149	
27.41397	170.832193	170.780467	-170.238781	-170.169602	
27.42417	170.854387	170.815374	-170.260975	-170.187055	
27.43426	170.876925	170.859007	-170.283513	-170.204509	
27.44441	170.900228	170.893914	-170.306816	-170.239415	
27.45448	170.923941	170.937547	-170.330529	-170.265595	
27.46468	170.948605	170.98118	-170.355194	-170.300502	
27.47482	170.973715	171.024813	-170.380303	-170.335408	
27.48503	170.999675	171.068447	-170.406263	-170.370315	
27.49513	171.025914	171.11208	-170.432502	-170.413948	
27.5053	171.052993	171.146986	-170.459581	-170.448855	
27.51576	171.081482	171.19062	-170.48807	-170.501215	
27.5258	171.109449	171.2168	-170.516037	-170.536121	
27.53601	171.138472	171.234253	-170.54506	-170.588481	
27.54613	171.167873	171.24298	-170.574461	-170.632114	
27.55623	171.197848	171.24298	-170.604436	-170.675748	
27.56631	171.228368	171.24298	-170.634956	-170.728107	
27.57687	171.261019	171.251706	-170.667607	-170.771741	
27.5867	171.291948	171.269159	-170.698536	-170.806647	
27.59683	171.324476	171.286613	-170.731064	-170.832827	
27.60692	171.357472	171.304066	-170.76406	-170.85028	
27.61706	171.39125	171.321519	-170.797838	-170.859007	
27.62724	171.425795	171.356426	-170.832383	-170.867734	
27.63729	171.460493	171.382606	-170.867081	-170.87646	
27.64745	171.496202	171.417512	-170.90279	-170.885187	
27.65757	171.532343	171.452419	-170.938931	-170.911367	
27.66774	171.569339	171.496052	-170.975927	-170.937547	
27.67828	171.60836	171.530959	-171.014948	-170.955	
27.68803	171.64499	171.583319	-171.051579	-170.989907	
27.69815	171.68359	171.635679	-171.090178	-171.024813	
27.70825	171.722759	171.679312	-171.129347	-171.05972	
27.71835	171.762564	171.740398	-171.169152	-171.094627	
27.72861	171.803734	171.792758	-171.210322	-171.146986	
27.73863	171.844273	171.845118	-171.250861	-171.181893	
27.74881	171.886274	171.897478	-171.292862	-171.234253	
27.7589	171.928436	171.949838	-171.335024	-171.286613	
27.769	171.971312	172.010924	-171.3779	-171.330246	
27.78731	172.051509	172.106918	-171.458097	-171.426239	
27.79209	172.07235	172.124371	-171.478938	-171.452419	
27.80189	172.115844	172.185457	-171.522432	-171.513506	
27.81203	172.161492	172.237817	-171.56808	-171.565865	
27.82209	172.207384	172.290177	-171.613972	-171.626952	
27.83228	172.254474	172.33381	-171.661062	-171.688039	
27.84243	172.301994	172.38617	-171.708582	-171.740398	
27.85257	172.350133	172.43853	-171.756721	-171.810212	
27.86267	172.398639	172.49089	-171.805227	-171.862571	
27.8728	172.44793	172.54325	-171.854519	-171.914931	
27.8836	172.501254	172.586883	-171.907842	-171.976018	
27.89311	172.548695	172.639243	-171.955283	-172.028378	
27.9032	172.599586	172.682876	-172.006174	-172.089464	
27.91336	172.651487	172.735236	-172.058075	-172.141824	
27.92352	172.704033	172.778869	-172.110621	-172.202911	
27.9444	172.815271	172.874862	-172.221859	-172.316357	
27.94884	172.838788	172.892316	-172.245376	-172.33381	
27.95893	172.893136	172.935949	-172.299724	-172.38617	
27.96904	172.948162	172.979582	-172.35475	-172.447257	
27.98752	173.051307	173.066849	-172.457895	-172.54325	
27.99191	173.075697	173.084302	-172.482285	-172.560703	
28.00206	173.132924	173.136662	-172.539512	-172.613063	
28.01225	173.191047	173.180295	-172.597635	-172.665423	
28.02273	173.251474	173.232655	-172.658062	-172.726509	
28.0329	173.31076	173.276288	-172.717348	-172.778869	
28.04301	173.370285	173.328648	-172.776873	-172.831229	
28.05315	173.430562	173.381008	-172.83715	-172.883589	
28.06327	173.491382	173.433368	-172.89797	-172.935949	
28.07337	173.552699	173.485728	-172.959287	-172.997035	
28.0846	173.621702	173.546814	-173.02829	-173.049395	
28.09401	173.678307	173.607901	-173.084895	-173.101755	
28.10382	173.736757	173.668987	-173.143345	-173.154115	
28.114	173.796858	173.730074	-173.203446	-173.206475	
28.12442	173.857652	173.799887	-173.26424	-173.276288	
28.13453	173.916086	173.8697	-173.322674	-173.328648	
28.14475	173.974481	173.930787	-173.381069	-173.381008	
28.15486	174.031678	174.0006	-173.438266	-173.442094	
28.16499	174.088323	174.070413	-173.494911	-173.503181	
28.1751	174.144258	174.140226	-173.550846	-173.564267	
28.18593	174.203559	174.201313	-173.610147	-173.625354	
28.19578	174.256822	174.271126	-173.66341	-173.686441	
28.20554	174.309053	174.340939	-173.715641	-173.747527	
28.21569	174.362754	174.402026	-173.769342	-173.808614	
28.22586	174.415954	174.463112	-173.822542	-173.8697	
28.23592	174.467966	174.532925	-173.874554	-173.930787	
28.24608	174.519866	174.594012	-173.926454	-173.991873	
28.25619	174.570927	174.655098	-173.977515	-174.044233	
28.26633	174.621519	174.707458	-174.028107	-174.114046	
28.27647	174.671469	174.768545	-174.078057	-174.166406	
28.28714	174.723411	174.829631	-174.13	-174.227493	
28.29689	174.770282	174.881991	-174.17687	-174.288579	
28.30685	174.817532	174.934351	-174.22412	-174.340939	
28.31698	174.864992	174.986711	-174.27158	-174.393299	
28.3271	174.911832	175.039071	-174.31842	-174.445659	
28.33721	174.958008	175.091431	-174.364596	-174.480565	
28.34741	175.003972	175.11761	-174.41056	-174.498019	
28.35748	175.048707	175.14379	-174.455295	-174.515472	
28.36761	175.093166	175.152517	-174.499754	-174.524199	
28.37777	175.137116	175.161244	-174.543704	-174.532925	
28.39135	175.194618	175.178697	-174.601206	-174.559105	
28.39829	175.223849	175.19615	-174.630437	-174.585285	
28.40814	175.264668	175.213604	-174.671256	-174.611465	
28.4182	175.305768	175.239784	-174.712356	-174.637645	
28.42863	175.347733	175.265963	-174.754321	-174.681278	
28.43861	175.387295	175.30087	-174.793883	-174.716185	
28.4486	175.426275	175.335777	-174.832863	-174.759818	
28.45886	175.465718	175.370683	-174.872306	-174.803451	
28.46887	175.503611	175.40559	-174.910199	-174.847084	
28.47895	175.541143	175.440496	-174.947731	-174.890718	
28.48998	175.58152	175.492856	-174.988108	-174.943078	
28.50724	175.642545	175.571396	-175.049133	-175.030344	
28.51163	175.658094	175.597576	-175.064682	-175.056524	
28.52197	175.693989	175.649936	-175.100577	-175.108884	
28.53262	175.730254	175.702296	-175.136842	-175.161244	
28.54274	175.764115	175.754656	-175.170703	-175.213604	
28.5529	175.797522	175.798289	-175.20411	-175.27469	
28.56301	175.830154	175.850649	-175.236742	-175.32705	
28.57315	175.862292	175.903009	-175.26888	-175.370683	
28.58324	175.893669	175.955369	-175.300257	-175.40559	
28.59414	175.926867	175.999002	-175.333455	-175.43177	
28.60367	175.955366	176.051362	-175.361954	-175.440496	
28.61374	175.984883	176.094995	-175.391471	-175.449223	
28.62386	176.013923	176.138628	-175.420511	-175.449223	
28.63404	176.042545	176.164808	-175.449134	-175.440496	
28.64414	176.070349	176.173535	-175.476937	-175.440496	
28.65427	176.097621	176.190988	-175.504209	-175.440496	
28.6644	176.124296	176.190988	-175.530885	-175.449223	
28.67455	176.150438	176.182261	-175.557026	-175.45795	
28.6847	176.175977	176.173535	-175.582565	-175.48413	
28.6954	176.20223	176.173535	-175.608818	-175.501583	
28.7053	176.225945	176.173535	-175.632533	-175.527763	
28.71509	176.248849	176.173535	-175.655437	-175.562669	
28.72522	176.272035	176.190988	-175.678623	-175.597576	
28.7356	176.295214	176.208441	-175.701802	-175.632483	
28.74548	176.316363	176.225895	-175.722951	-175.667389	
28.75564	176.337747	176.243348	-175.744335	-175.702296	
28.76576	176.358437	176.269528	-175.765025	-175.745929	
28.77588	176.378554	176.304434	-175.785142	-175.789562	
28.78596	176.398016	176.330614	-175.804604	-175.833195	
28.79676	176.418169	176.365521	-175.824757	-175.876829	
28.80627	176.435435	176.400427	-175.842023	-175.929189	
28.81642	176.453241	176.435334	-175.859829	-175.964095	
28.82651	176.470366	176.478967	-175.876954	-175.999002	
28.83714	176.487767	176.513874	-175.894355	-176.016455	
28.84677	176.503012	176.557507	-175.9096	-176.025182	
28.8569	176.518459	176.592414	-175.925048	-176.025182	
28.86701	176.533303	176.62732	-175.939891	-176.016455	
28.87712	176.547568	176.644774	-175.954156	-176.007728	
28.88725	176.561296	176.662227	-175.967884	-175.999002	
28.89807	176.575271	176.662227	-175.981859	-175.981548	
28.9076	176.587107	176.662227	-175.993695	-175.964095	
28.91772	176.599108	176.6535	-176.005696	-175.946642	
28.92781	176.610495	176.644774	-176.017083	-175.937915	
28.93848	176.621908	176.62732	-176.028496	-175.937915	
28.94823	176.631831	176.60114	-176.038419	-175.946642	
28.95834	176.641556	176.592414	-176.048144	-175.955369	
28.96847	176.650745	176.57496	-176.057334	-175.964095	
28.9786	176.65939	176.57496	-176.065978	-175.981548	
28.98882	176.66756	176.583687	-176.074148	-176.007728	
28.99935	176.675375	176.592414	-176.081963	-176.033908	
29.00909	176.682128	176.609867	-176.088716	-176.060088	
29.01928	176.688652	176.62732	-176.09524	-176.086268	
29.02937	176.694597	176.6535	-176.101185	-176.121175	
29.03948	176.700035	176.67968	-176.106623	-176.147355	
29.04984	176.705078	176.714587	-176.111666	-176.173535	
29.05999	176.709525	176.749493	-176.116113	-176.190988	
29.07006	176.713464	176.766947	-176.120052	-176.199715	
29.08024	176.716968	176.7844	-176.123556	-176.199715	
29.09033	176.719996	176.7844	-176.126584	-176.190988	
29.10961	176.723806	176.775673	-176.130394	-176.173535	
29.11405	176.724764	176.766947	-176.131352	-176.164808	
29.12419	176.726503	176.75822	-176.133091	-176.138628	
29.13425	176.73204	176.740767	-176.138628	-176.121175	
29.14443	176.73204	176.714587	-176.138628	-176.094995	
29.15455	176.73204	176.697133	-176.138628	-176.068815	
29.16471	176.73204	176.670954	-176.138628	-176.051362	
29.17481	176.73204	176.6535	-176.138628	-176.042635	
29.18496	176.73204	176.6535	-176.138628	-176.033908	
29.19505	176.73204	176.6535	-176.138628	-176.042635	
