6.559928	0.0	0.0	0.0	0.0
6.565588000000001	0.0008	0.0	-0.0008	0.0
6.575711999999999	0.00299	0.00873	-0.00299	0.0
6.585895	0.00581	0.01745	-0.00581	-0.00873
6.596013	0.00923	0.03491	-0.00923	-0.01745
6.606134	0.01326	0.05236	-0.01326	-0.03491
6.6163229999999995	0.01795	0.05236	-0.01795	-0.04363
6.626428999999999	0.0232	0.05236	-0.0232	-0.06109
6.636564999999999	0.02909	0.03491	-0.02909	-0.06109
6.646698	0.0356	0.02618	-0.0356	-0.06109
6.65687	0.04275	0.01745	-0.04275	-0.05236
6.667072999999999	0.05056	0.01745	-0.05056	-0.03491
6.677184	0.05889	0.01745	-0.05889	-0.02618
6.687325	0.06787	0.02618	-0.06787	-0.01745
6.6974279999999995	0.07743	0.03491	-0.07743	-0.01745
6.7075759999999995	0.08765	0.05236	-0.08765	-0.02618
6.7177169999999995	0.09848	0.07854	-0.09848	-0.03491
6.727853	0.10992	0.10472	-0.10992	-0.05236
6.738010000000001	0.12201	0.1309	-0.12201	-0.07854
6.748111	0.13463	0.16581	-0.13463	-0.09599
6.758249	0.14793	0.19199	-0.14793	-0.12217
6.768521000000001	0.16204	0.22689	-0.16204	-0.14835
6.778606	0.17649	0.25307	-0.17649	-0.18326
6.788715	0.19159	0.27053	-0.19159	-0.21817
6.798822	0.2073	0.27925	-0.2073	-0.25307
6.808946000000001	0.22366	0.27925	-0.22366	-0.28798
6.828621000000001	0.25834	0.27053	-0.25834	-0.35779
6.832999000000001	0.26596	0.2618	-0.26596	-0.36652
6.8431619999999995	0.28446	0.25307	-0.28446	-0.3927
6.853698	0.30433	0.25307	-0.30433	-0.41015
6.8645130000000005	0.32544	0.2618	-0.32543	-0.41888
6.873784	0.34399	0.27925	-0.34399	-0.41888
6.883625	0.36427	0.29671	-0.36427	-0.41015
6.8937539999999995	0.38579	0.31416	-0.38579	-0.41015
6.903853	0.40786	0.34034	-0.40785	-0.40143
6.914066	0.43081	0.36652	-0.43081	-0.40143
6.924167999999999	0.45476	0.40143	-0.45476	-0.41015
6.934334	0.47817	0.43633	-0.47817	-0.41888
6.9444740000000005	0.5028	0.47124	-0.5028	-0.43633
6.954611	0.52803	0.50615	-0.52803	-0.46251
6.973542	0.57783	0.58469	-0.57783	-0.50615
6.9779919999999995	0.58944	0.60214	-0.58944	-0.51487
6.988098	0.61663	0.64577	-0.61663	-0.54978
6.998344	0.64483	0.6894	-0.64483	-0.58469
7.008336	0.67292	0.73304	-0.67292	-0.61959
7.018457000000001	0.70199	0.7854	-0.70199	-0.6545
7.028641	0.73187	0.82903	-0.73187	-0.68941
7.038792	0.76226	0.87266	-0.76226	-0.74176
7.048914	0.79318	0.9163	-0.79317	-0.77667
7.059005	0.82461	0.94248	-0.82461	-0.82903
7.069225	0.8571	0.95993	-0.8571	-0.87267
7.079383	0.88999	0.97738	-0.88998	-0.9163
7.089519	0.92342	0.97738	-0.92342	-0.96866
7.099636	0.95741	0.97738	-0.95741	-1.01229
7.109729	0.99192	0.97738	-0.99192	-1.05592
7.119897	1.02733	0.97738	-1.02733	-1.10828
7.130081	1.06342	0.99484	-1.06342	-1.16064
7.140148	1.09967	1.01229	-1.09967	-1.20428
7.150268	1.13674	1.02974	-1.13674	-1.24791
7.160446	1.17465	1.05592	-1.17465	-1.29154
7.170574	1.21299	1.0821	-1.21299	-1.31772
7.180747	1.25211	1.11701	-1.25211	-1.33518
7.190842999999999	1.29155	1.15192	-1.29155	-1.35263
7.201007000000001	1.33189	1.19555	-1.33188	-1.36136
7.211196000000001	1.37295	1.23918	-1.37295	-1.37008
7.221246000000001	1.41402	1.29154	-1.41402	-1.38754
7.231414	1.45626	1.35263	-1.45626	-1.41372
7.241523	1.49879	1.41372	-1.49879	-1.4399
7.251644000000001	1.54202	1.48353	-1.54202	-1.46608
7.261713	1.58567	1.54462	-1.58567	-1.50098
7.271944	1.63062	1.61443	-1.63062	-1.53589
7.282114	1.67592	1.68424	-1.67592	-1.5708
7.292239	1.72163	1.75406	-1.72163	-1.61443
7.302312	1.7677	1.82387	-1.76771	-1.65806
7.312697	1.8159	1.88495	-1.8159	-1.7017
7.322572999999999	1.86225	1.95477	-1.86225	-1.75406
7.332953	1.91169	2.01585	-1.91169	-1.81514
7.342839	1.95929	2.07694	-1.95929	-1.87623
7.352945	2.0086	2.14676	-2.0086	-1.93732
7.36307	2.05864	2.19911	-2.05864	-1.9984
7.373327000000001	2.10995	2.2602	-2.10994	-2.06822
7.383423	2.16107	2.32129	-2.16107	-2.13803
7.393509	2.2127	2.36492	-2.2127	-2.20784
7.403682000000001	2.26546	2.39983	-2.26546	-2.27766
7.414136999999999	2.32033	2.42601	-2.32033	-2.34747
7.423876	2.37197	2.44346	-2.37197	-2.41728
7.434187	2.42734	2.46964	-2.42734	-2.47837
7.4441820000000005	2.48154	2.49582	-2.48154	-2.53945
7.45425	2.53678	2.53073	-2.53678	-2.60927
7.464503	2.59372	2.55691	-2.59372	-2.67035
7.474621000000001	2.65046	2.59181	-2.65046	-2.73144
7.484764	2.70795	2.63545	-2.70795	-2.80125
7.495114	2.76733	2.67035	-2.76733	-2.85361
7.504958	2.82429	2.71399	-2.82429	-2.9147
7.515211	2.8843	2.75762	-2.8843	-2.97579
7.525372	2.94441	2.80998	-2.94441	-3.03687
7.53551	3.00498	2.87107	-3.00498	-3.09796
7.545669999999999	3.06629	2.93215	-3.06629	-3.15032
7.555756	3.12778	3.00197	-3.12778	-3.20268
7.565964999999999	3.1888	3.07178	-3.1888	-3.26377
7.576142	3.24904	3.15032	-3.24904	-3.31613
7.5862289999999994	3.3081	3.22886	-3.3081	-3.36848
7.596406	3.36713	3.31612	-3.36713	-3.42957
7.6065059999999995	3.42511	3.39466	-3.42511	-3.48193
7.616708	3.48306	3.48193	-3.48306	-3.53429
7.626792	3.53976	3.56047	-3.53976	-3.58665
7.6369229999999995	3.59611	3.64774	-3.59611	-3.63901
7.647309	3.65326	3.72628	-3.65326	-3.69137
7.657357000000001	3.70797	3.80482	-3.70797	-3.74373
7.667524	3.76273	3.87463	-3.76273	-3.79609
7.677722	3.81702	3.95317	-3.81702	-3.85718
7.687882000000001	3.87053	4.02298	-3.87053	-3.90954
7.698264	3.92459	4.0928	-3.92459	-3.97062
7.708125999999999	3.97534	4.15388	-3.97534	-4.02298
7.718228999999999	4.02678	4.21497	-4.02678	-4.07534
7.728451	4.07821	4.2586	-4.07821	-4.1277
7.738528	4.12831	4.28478	-4.12831	-4.18006
7.7487	4.17829	4.30224	-4.17829	-4.23242
7.758824000000001	4.22742	4.31969	-4.22742	-4.28478
7.768930999999999	4.27589	4.32842	-4.27589	-4.33714
7.779147	4.32429	4.34587	-4.32429	-4.39823
7.789280000000001	4.37168	4.36332	-4.37168	-4.45059
7.799441000000001	4.4186	4.3895	-4.41859	-4.50295
7.8095419999999995	4.46466	4.41568	-4.46466	-4.54658
7.819625	4.51004	4.43314	-4.51004	-4.59894
7.829787	4.5552	4.46804	-4.5552	-4.6513
7.840134	4.60054	4.50295	-4.60054	-4.70366
7.850148	4.64384	4.53786	-4.64384	-4.75602
7.860263000000001	4.68699	4.57276	-4.68699	-4.7822
7.870361	4.72948	4.62512	-4.72948	-4.80838
7.880653999999999	4.77241	4.66876	-4.77241	-4.82583
7.890727	4.81338	4.72112	-4.81337	-4.82583
7.900842999999999	4.85416	4.77347	-4.85416	-4.83456
7.91098	4.89443	4.83456	-4.89443	-4.84329
7.921164	4.93431	4.88692	-4.93431	-4.86074
7.931225	4.97308	4.94801	-4.97308	-4.8782
7.9413279999999995	5.01145	5.0091	-5.01145	-4.89565
7.9515139999999995	5.04954	5.07018	-5.04954	-4.93056
7.961572	5.08657	5.13127	-5.08657	-4.95674
7.971705	5.12328	5.18363	-5.12328	-4.98291
7.983923	5.16665	5.24471	-5.16665	-5.02655
7.992064999999999	5.19521	5.3058	-5.19521	-5.07018
8.00212	5.22986	5.35816	-5.22986	-5.10509
8.012233	5.26414	5.40179	-5.26414	-5.15745
8.022536	5.29846	5.4367	-5.29846	-5.20981
8.032595	5.33137	5.46288	-5.33137	-5.26217
8.042639999999999	5.36366	5.47161	-5.36366	-5.31453
8.052753	5.39559	5.48033	-5.39559	-5.36689
8.062965	5.42723	5.48033	-5.42723	-5.41925
8.073029	5.45784	5.47161	-5.45784	-5.47161
8.083256	5.48834	5.46288	-5.48834	-5.52397
8.09333	5.5178	5.47161	-5.5178	-5.57633
8.103507	5.54697	5.48033	-5.54697	-5.62869
8.113562	5.57523	5.49779	-5.57523	-5.68105
8.123904	5.60367	5.50651	-5.60367	-5.73341
8.133859	5.63047	5.53269	-5.63047	-5.75959
8.143968	5.65712	5.55015	-5.65712	-5.77704
8.154116	5.68328	5.57633	-5.68328	-5.78577
8.164183999999999	5.70867	5.60251	-5.70867	-5.79449
8.174339	5.73369	5.63741	-5.73369	-5.79449
8.184605	5.75838	5.67232	-5.75838	-5.78577
8.194697999999999	5.78208	5.70723	-5.78208	-5.76831
8.204818	5.80526	5.75086	-5.80526	-5.75959
8.214896000000001	5.82777	5.79449	-5.82777	-5.75086
8.225223	5.85024	5.83813	-5.85023	-5.75959
8.235325	5.87164	5.88176	-5.87164	-5.76831
8.24548	5.89257	5.93412	-5.89257	-5.78577
8.25587	5.91338	5.97775	-5.91338	-5.80322
8.265755	5.93264	6.02139	-5.93264	-5.8294
8.275905999999999	5.95183	6.07375	-5.95183	-5.85558
8.28629	5.97087	6.10865	-5.97087	-5.89049
8.296246	5.98856	6.13483	-5.98856	-5.92539
8.306359	6.00596	6.15229	-6.00596	-5.9603
8.316469999999999	6.0228	6.16101	-6.0228	-5.99521
8.326655	6.03918	6.16101	-6.03918	-6.03011
8.336807	6.05493	6.15229	-6.05493	-6.06502
8.346908	6.07005	6.14356	-6.07005	-6.10865
8.357436	6.0852	6.12611	-6.0852	-6.15229
8.367191	6.09871	6.09993	-6.09871	-6.17847
8.377321	6.11219	6.07375	-6.11219	-6.20465
8.387504	6.12517	6.05629	-6.12517	-6.21337
8.397639999999999	6.13752	6.04757	-6.13752	-6.2221
8.407786999999999	6.14934	6.03884	-6.14934	-6.2221
8.426145	6.1685	6.05629	-6.1685	-6.20465
8.430711	6.17332	6.06502	-6.17332	-6.19592
8.440724000000001	6.18323	6.08247	-6.18323	-6.18719
8.450764	6.19263	6.10865	-6.19263	-6.16974
8.461158	6.20179	6.13483	-6.20179	-6.14356
8.471161	6.2101	6.16101	-6.2101	-6.12611
8.482382000000001	6.21873	6.19592	-6.21873	-6.11738
8.491465	6.22535	6.23083	-6.22535	-6.11738
8.501415	6.23208	6.26573	-6.23208	-6.12611
8.511538999999999	6.23841	6.30064	-6.23841	-6.13483
8.521602	6.24421	6.33554	-6.24421	-6.15229
8.531825999999999	6.24958	6.353	-6.24958	-6.16974
8.5419	6.2544	6.353	-6.2544	-6.19592
8.55203	6.25876	6.353	-6.25876	-6.2221
8.562351	6.26272	6.353	-6.26272	-6.25701
8.572546	6.26616	6.34427	-6.26616	-6.27446
8.585364	6.26972	6.32682	-6.26972	-6.30937
8.592573	6.2716	6.30064	-6.2716	-6.33554
8.602647	6.27377	6.28319	-6.27377	-6.34427
8.612722	6.27557	6.257	-6.27557	-6.36173
8.622841000000001	6.28112	6.23083	-6.28112	-6.36173
8.633017	6.28112	6.21337	-6.28112	-6.353
8.643189	6.28112	6.19592	-6.28112	-6.34427
8.653293	6.28112	6.19592	-6.28112	-6.32682
8.663431	6.28112	6.19592	-6.28112	-6.30937
8.673503	6.28112	6.20464	-6.28112	-6.28319
8.683963	6.28112	6.21337	-6.28112	-6.25701
8.694187	6.28112	6.23083	-6.28112	-6.23955
8.703926	6.28112	6.257	-6.28112	-6.2221
8.71411	6.28112	6.28319	-6.28112	-6.21337
8.724178	6.28112	6.30936	-6.28112	-6.20465
8.734316	6.28112	6.33554	-6.28112	-6.21337
8.74441	6.28112	6.36173	-6.28112	-6.2221
8.75464	6.28112	6.37045	-6.28112	-6.23955
8.76474	6.28112	6.37918	-6.28112	-6.25701
8.775246000000001	6.28112	6.37045	-6.28112	-6.27446
