69.61616	0.0	0.0	0.0	0.0
69.62619000000001	0.00173	0.02618	-0.00173	0.0
69.63624	0.00407	0.05236	-0.00407	-0.01745
69.64631	0.00703	0.08727	-0.00703	-0.02618
69.65658	0.01068	0.12217	-0.01068	-0.05236
69.66664	0.01485	0.14835	-0.01485	-0.06981
69.6768	0.01969	0.17453	-0.01969	-0.09599
69.68701999999999	0.02538	0.19199	-0.02538	-0.1309
69.69712	0.03124	0.19199	-0.03124	-0.15708
69.7077	0.03826	0.19199	-0.03826	-0.18326
69.71743000000001	0.04526	0.18326	-0.04526	-0.20071
69.72758	0.05319	0.16581	-0.05319	-0.20071
69.73791	0.0619	0.14835	-0.0619	-0.20071
69.74781999999999	0.07084	0.12217	-0.07084	-0.20071
69.75802	0.08067	0.10472	-0.08067	-0.18326
69.76808	0.09098	0.09599	-0.09098	-0.16581
69.77823000000001	0.10198	0.09599	-0.10198	-0.15708
69.78835	0.11359	0.09599	-0.11359	-0.14835
69.79845	0.12577	0.11345	-0.12577	-0.14835
69.81695	0.15061	0.1309	-0.15061	-0.16581
69.82132	0.1564	0.16581	-0.1564	-0.17453
69.83148	0.17066	0.19199	-0.17066	-0.20071
69.84161999999999	0.18554	0.23562	-0.18554	-0.21817
69.85175	0.201	0.27053	-0.201	-0.25307
69.862	0.21727	0.30543	-0.21727	-0.27925
69.87205	0.23382	0.34034	-0.23382	-0.31416
69.88221	0.25119	0.38397	-0.25119	-0.35779
69.89231	0.26906	0.41888	-0.26906	-0.3927
69.90245	0.28763	0.44506	-0.28763	-0.43633
69.91261999999999	0.30693	0.47124	-0.30693	-0.47997
69.92283	0.32681	0.47997	-0.32681	-0.50615
69.93296	0.3472	0.47997	-0.3472	-0.53233
69.9431	0.36823	0.47124	-0.36823	-0.54105
69.9532	0.3898	0.46251	-0.3898	-0.54978
69.96341	0.41221	0.45379	-0.41221	-0.54105
69.97349	0.43497	0.45379	-0.43497	-0.53233
69.98362	0.45844	0.46251	-0.45844	-0.5236
69.9938	0.48266	0.47124	-0.48266	-0.5236
70.00386999999999	0.5072	0.48869	-0.5072	-0.53233
70.01405	0.53266	0.5236	-0.53266	-0.54978
70.02423	0.55873	0.54978	-0.55873	-0.56723
70.03435999999999	0.5853	0.58469	-0.5853	-0.58469
70.04453000000001	0.61258	0.61959	-0.61258	-0.61959
70.05466	0.64037	0.6545	-0.64037	-0.6545
70.06475999999999	0.66868	0.69813	-0.66868	-0.68941
70.07494	0.69787	0.74176	-0.69787	-0.72431
70.08507	0.72751	0.7854	-0.72751	-0.76794
70.09519	0.75774	0.83776	-0.75774	-0.81158
70.10534	0.78867	0.89012	-0.78867	-0.86394
70.11549000000001	0.82022	0.93375	-0.82022	-0.90757
70.12567	0.85251	0.98611	-0.85251	-0.95993
70.13582	0.88528	1.03847	-0.88528	-1.01229
70.14594	0.9186	1.0821	-0.9186	-1.06465
70.15611	0.9527	1.11701	-0.9527	-1.11701
70.1663	0.98806	1.15192	-0.98806	-1.16937
70.17633000000001	1.02232	1.16937	-1.02232	-1.213
70.1865	1.05827	1.1781	-1.05827	-1.24791
70.19663	1.0947	1.18682	-1.0947	-1.26536
70.20671999999999	1.13158	1.20428	-1.13158	-1.27409
70.21683	1.16917	1.22173	-1.16917	-1.28282
70.22705	1.20777	1.23918	-1.20777	-1.28282
70.23725999999999	1.24699	1.26536	-1.24699	-1.29154
70.24729	1.28607	1.30027	-1.28607	-1.30027
70.25745	1.3263	1.33518	-1.3263	-1.32645
70.26782	1.36804	1.37881	-1.36804	-1.35263
70.27768	1.40826	1.41372	-1.40826	-1.38754
70.28779	1.45014	1.45735	-1.45014	-1.42244
70.29796999999999	1.49293	1.50971	-1.49293	-1.46608
70.30806	1.53597	1.56207	-1.53597	-1.51844
70.31818	1.57974	1.61443	-1.57974	-1.5708
70.32836999999999	1.62442	1.67552	-1.62442	-1.63188
70.3386	1.66993	1.72788	-1.66993	-1.68424
70.3487	1.71546	1.78896	-1.71546	-1.75406
70.35878000000001	1.76151	1.85005	-1.76151	-1.82387
70.36925	1.81002	1.91114	-1.81002	-1.88496
70.37903	1.85589	1.97222	-1.85589	-1.95477
70.38911999999999	1.90378	2.03331	-1.90378	-2.02458
70.39929000000001	1.95274	2.0944	-1.95274	-2.08567
70.40949	2.00243	2.15548	-2.00243	-2.15548
70.41969	2.05276	2.20784	-2.05276	-2.22529
70.42978000000001	2.10314	2.2602	-2.10314	-2.29511
70.44012	2.15545	2.31256	-2.15545	-2.35619
70.45014	2.20668	2.37365	-2.20668	-2.41728
70.46016999999999	2.25865	2.42601	-2.25865	-2.46964
70.47064	2.31348	2.47837	-2.31348	-2.51327
70.48079	2.36728	2.53073	-2.36728	-2.53945
70.49091999999999	2.42159	2.58309	-2.42159	-2.55691
70.50104	2.47647	2.62672	-2.47647	-2.57436
70.51116	2.53193	2.67908	-2.53193	-2.59181
70.52134000000001	2.58837	2.72271	-2.58837	-2.61799
70.53159000000001	2.64586	2.77507	-2.64586	-2.64417
70.5417	2.70316	2.81871	-2.70316	-2.67908
70.55181	2.76105	2.86234	-2.76105	-2.72271
70.56192	2.81953	2.9147	-2.81953	-2.77507
70.5721	2.87909	2.96706	-2.87909	-2.82743
70.58221999999999	2.93888	3.01069	-2.93888	-2.88852
70.59235	2.99932	3.06305	-2.99932	-2.95833
70.60251	3.06061	3.11541	-3.06061	-3.02815
70.61265999999999	3.12246	3.16777	-3.12246	-3.11541
70.62392	3.18961	3.22013	-3.18961	-3.19395
70.63294	3.24295	3.28122	-3.24295	-3.28122
70.64305999999999	3.30221	3.34231	-3.30221	-3.36849
70.65321999999999	3.3611	3.40339	-3.3611	-3.45575
70.66334	3.41916	3.46448	-3.41916	-3.55175
70.6735	3.47684	3.52557	-3.47684	-3.63901
70.68368000000001	3.53403	3.58665	-3.53403	-3.72628
70.69377	3.59015	3.65646	-3.59015	-3.80482
70.7039	3.64588	3.71755	-3.64588	-3.88336
70.71404	3.70107	3.78736	-3.70107	-3.95317
70.72761	3.7738	3.84845	-3.7738	-4.00553
70.73458000000001	3.81093	3.90954	-3.81093	-4.04044
70.74441999999999	3.86277	3.97935	-3.86277	-4.07534
70.75454	3.91545	4.04044	-3.91545	-4.08407
70.76474	3.96795	4.10152	-3.96795	-4.0928
70.77483000000001	4.01936	4.16261	-4.01936	-4.10152
70.78497	4.07038	4.2237	-4.07038	-4.11025
70.79513	4.12087	4.27606	-4.12087	-4.1277
70.80525	4.17058	4.32842	-4.17058	-4.15388
70.81533	4.21956	4.3895	-4.21956	-4.18879
70.82552	4.26844	4.44186	-4.26844	-4.23242
70.83570999999999	4.31675	4.49422	-4.31675	-4.28478
70.84586999999999	4.3643	4.54658	-4.3643	-4.33714
70.85599	4.41103	4.59894	-4.41103	-4.3895
70.86614	4.45734	4.64258	-4.45734	-4.45932
70.87647	4.50417	4.67748	-4.50417	-4.5204
70.88638	4.5479	4.69494	-4.5479	-4.58149
70.89645	4.59209	4.71239	-4.59209	-4.6513
70.90664	4.63615	4.72984	-4.63615	-4.72984
70.91682	4.67967	4.75602	-4.67967	-4.79966
70.92711	4.72298	4.7822	-4.72298	-4.8782
70.93709	4.76443	4.80838	-4.76443	-4.94801
70.9473	4.80619	4.84329	-4.80619	-5.01782
70.95736	4.84681	4.8782	-4.84681	-5.07891
70.96748000000001	4.88707	4.9131	-4.88707	-5.12254
70.97792	4.92797	4.94801	-4.92797	-5.15745
70.98776	4.96594	4.99164	-4.96594	-5.1749
70.99786	5.00434	5.03527	-5.00434	-5.18363
71.00798	5.04222	5.07891	-5.04222	-5.19235
71.01814	5.0797	5.13127	-5.0797	-5.19235
71.02823000000001	5.11632	5.18363	-5.11632	-5.19235
71.03846	5.15285	5.23599	-5.15285	-5.19235
71.04862	5.18849	5.27962	-5.18849	-5.20981
71.05874	5.22346	5.33198	-5.22346	-5.22726
71.0689	5.25794	5.38434	-5.25794	-5.25344
71.07932	5.29269	5.4367	-5.29269	-5.27962
71.08913000000001	5.32486	5.48033	-5.32486	-5.32325
71.09929	5.35759	5.53269	-5.35759	-5.36689
71.10939	5.38953	5.57633	-5.38953	-5.40179
71.11950999999999	5.42099	5.60251	-5.42099	-5.45415
71.12971	5.45206	5.61996	-5.45206	-5.50651
71.13981	5.48227	5.63741	-5.48227	-5.55015
71.15005	5.51228	5.63741	-5.51228	-5.60251
71.16015	5.5413	5.63741	-5.5413	-5.65487
71.17025	5.56974	5.63741	-5.56974	-5.70723
71.18066	5.59845	5.63741	-5.59845	-5.76831
71.1907	5.62555	5.65487	-5.62555	-5.82067
71.20087	5.65253	5.66359	-5.65253	-5.87303
71.21101	5.67864	5.68977	-5.67864	-5.90794
71.22109	5.70413	5.70723	-5.70413	-5.92539
71.23123000000001	5.72918	5.73341	-5.72918	-5.94285
71.24171	5.75447	5.75959	-5.75447	-5.94285
71.25161	5.77779	5.79449	-5.77779	-5.94285
71.26172	5.80101	5.8294	-5.80101	-5.93412
71.27181	5.82362	5.86431	-5.82362	-5.92539
71.28204000000001	5.84598	5.89921	-5.84598	-5.91667
71.29214	5.86746	5.94285	-5.86746	-5.91667
71.30226	5.88842	5.98648	-5.88842	-5.92539
71.31238	5.9088	6.03011	-5.9088	-5.92539
71.3225	5.92861	6.07375	-5.92861	-5.94285
71.33371	5.94983	6.10865	-5.94983	-5.96903
71.34285	5.96669	6.14356	-5.96669	-5.99521
71.35300000000001	5.98484	6.16974	-5.98484	-6.03011
71.36317	6.00244	6.17847	-6.00244	-6.05629
71.37324	6.0193	6.18719	-6.0193	-6.0912
71.38343	6.0358	6.18719	-6.0358	-6.12611
71.39372	6.05188	6.17847	-6.05187	-6.16974
71.41183000000001	6.07797	6.15229	-6.07797	-6.23955
71.41625	6.08439	6.14356	-6.08439	-6.25701
71.42673	6.09887	6.12611	-6.09887	-6.29191
71.43763	6.11326	6.12611	-6.11326	-6.30937
71.44662	6.12473	6.12611	-6.12473	-6.32682
71.45676999999999	6.13715	6.13483	-6.13715	-6.32682
71.46692	6.14892	6.14356	-6.14892	-6.32682
71.47702	6.16015	6.16974	-6.16015	-6.32682
71.48725	6.17094	6.19592	-6.17094	-6.30937
71.49731	6.18103	6.2221	-6.18103	-6.30064
71.50753	6.19073	6.24828	-6.19073	-6.28319
71.51756999999999	6.19973	6.28319	-6.19973	-6.25701
71.52793	6.20846	6.31809	-6.20846	-6.23955
71.53898000000001	6.21712	6.353	-6.21712	-6.23083
71.548	6.22381	6.37918	-6.22381	-6.23083
71.55809	6.23076	6.39663	-6.23076	-6.23955
71.56823	6.23723	6.40536	-6.23723	-6.24828
71.57838000000001	6.2432	6.40536	-6.2432	-6.26573
71.58858000000001	6.24869	6.39663	-6.24869	-6.28319
71.5987	6.25364	6.38791	-6.25364	-6.30937
71.60876999999999	6.2581	6.37045	-6.2581	-6.34427
71.61889000000001	6.2621	6.353	-6.2621	-6.37045
71.62939	6.26575	6.32682	-6.26575	-6.39663
71.64024	6.26901	6.30064	-6.26901	-6.42281
71.64931	6.27143	6.28319	-6.27143	-6.43154
71.65956	6.27372	6.26573	-6.27372	-6.44899
71.66962	6.2756	6.26573	-6.2756	-6.44027
71.67969000000001	6.27712	6.27446	-6.27712	-6.43154
71.69098000000001	6.28149	6.28319	-6.28149	-6.42281
71.70004	6.28149	6.30937	-6.28149	-6.41409
71.71989	6.28149	6.353	-6.28149	-6.37045
71.72428000000001	6.28149	6.37045	-6.28149	-6.36173
71.73442	6.28149	6.40536	-6.28149	-6.34427
