27.94872	0.0	0.0	0.0	0.0
27.958640000000003	0.0015	-0.02618	0.0015	0.00873
27.968759999999996	0.00366	-0.04363	0.00366	0.02618
27.97888	0.00642	-0.07854	0.00642	0.05236
27.989040000000003	0.00982	-0.10472	0.00983	0.06981
27.999159999999996	0.01382	-0.12217	0.01382	0.09599
28.00931	0.01845	-0.13963	0.01845	0.1309
28.0195	0.02373	-0.13963	0.02373	0.15708
28.02952	0.02951	-0.13963	0.02951	0.17453
28.04001	0.03624	-0.1309	0.03624	0.19199
28.04983	0.0431	-0.11345	0.0431	0.20071
28.05995	0.05078	-0.09599	0.05078	0.20071
28.07007	0.05909	-0.07854	0.05909	0.19199
28.080170000000003	0.06798	-0.04363	0.06798	0.18326
28.09038	0.07762	-0.01745	0.07762	0.16581
28.100459999999998	0.08773	0.01745	0.08773	0.14835
28.110640000000004	0.09856	0.05236	0.09856	0.1309
28.12074	0.10991	0.07854	0.10991	0.12217
28.130879999999998	0.12194	0.11345	0.12194	0.12217
28.14143	0.13513	0.14835	0.13513	0.1309
28.151490000000003	0.14829	0.18326	0.14829	0.13963
28.161640000000002	0.16219	0.20071	0.16219	0.15708
28.17178	0.17672	0.20944	0.17672	0.17453
28.18188	0.19178	0.20944	0.19178	0.20944
28.19205	0.20757	0.20071	0.20757	0.23562
28.2022	0.22394	0.20071	0.22394	0.27053
28.212529999999997	0.24126	0.18326	0.24126	0.30543
28.22257	0.25868	0.17453	0.25868	0.34034
28.23262	0.27672	0.16581	0.27672	0.37525
28.24277	0.29558	0.17453	0.29558	0.41015
28.253040000000002	0.31528	0.18326	0.31528	0.44506
28.263070000000003	0.33513	0.19199	0.33513	0.47996
28.273229999999998	0.35584	0.20944	0.35584	0.51487
28.283340000000003	0.37707	0.23562	0.37707	0.54105
28.293459999999996	0.39896	0.2618	0.39896	0.56723
28.30363	0.42155	0.28798	0.42156	0.57596
28.31373	0.4446	0.32289	0.4446	0.58468
28.323890000000002	0.46841	0.35779	0.46841	0.58468
28.334059999999997	0.49288	0.3927	0.49288	0.57596
28.344140000000003	0.51772	0.42761	0.51772	0.57596
28.35435	0.54363	0.47124	0.54363	0.58468
28.36454	0.56988	0.50615	0.56988	0.59341
28.374640000000003	0.59661	0.54978	0.59661	0.60214
28.38474	0.62397	0.59341	0.62397	0.62832
28.39483	0.65192	0.63705	0.65192	0.64577
28.40505	0.68084	0.68068	0.68084	0.68068
28.4152	0.71022	0.72431	0.71022	0.70686
28.425279999999997	0.73996	0.75922	0.73996	0.74176
28.43548	0.77068	0.80285	0.77068	0.77667
28.44555	0.80164	0.84648	0.80164	0.8203
28.45575	0.83363	0.88139	0.83363	0.85521
28.4659	0.86606	0.89884	0.86606	0.90757
28.476020000000002	0.89901	0.9163	0.89901	0.94248
28.486140000000002	0.93257	0.92502	0.93257	0.99484
28.496229999999997	0.96664	0.93375	0.96664	1.03847
28.516270000000002	1.03736	0.9512	1.03736	1.13446
28.52065	1.05272	0.95993	1.05272	1.16064
28.53077	1.08898	0.97738	1.08898	1.213
28.54877	1.15589	1.02102	1.15589	1.29154
28.55445	1.17702	1.03847	1.17702	1.31772
28.5633	1.2104	1.07338	1.2104	1.36136
28.57343	1.24932	1.10828	1.24932	1.41372
28.583540000000003	1.28877	1.14319	1.28877	1.46608
28.59364	1.32877	1.19555	1.32877	1.50971
28.60388	1.36999	1.23918	1.36999	1.55334
28.61399	1.41125	1.28282	1.41126	1.6057
28.62412	1.45324	1.33518	1.45324	1.64934
28.634190000000004	1.49557	1.38754	1.49557	1.67552
28.64435	1.53893	1.4399	1.53893	1.69297
28.65571	1.58826	1.49226	1.58826	1.71042
28.664959999999997	1.62884	1.54462	1.62884	1.7366
28.674770000000002	1.67247	1.6057	1.67247	1.76278
28.684990000000003	1.71854	1.66679	1.71854	1.78024
28.69499	1.76423	1.71915	1.76423	1.81514
28.70518	1.81142	1.78024	1.81142	1.85005
28.715320000000002	1.85904	1.84132	1.85904	1.88495
28.725479999999997	1.90731	1.89368	1.90731	1.92859
28.735590000000002	1.95598	1.94604	1.95598	1.97222
28.745690000000003	2.00519	2.00713	2.00519	2.01585
28.75705	2.06141	2.05949	2.06141	2.06821
28.766270000000002	2.10748	2.12058	2.10748	2.11185
28.77611	2.15721	2.17293	2.15721	2.16421
28.786240000000003	2.20902	2.2253	2.20902	2.21657
28.79638	2.26155	2.27765	2.26155	2.26893
28.80657	2.31495	2.33001	2.31495	2.33001
28.81666	2.36843	2.38237	2.36843	2.3911
28.826890000000002	2.42358	2.43473	2.42358	2.45219
28.837090000000003	2.47859	2.48709	2.47859	2.51327
28.84729	2.5351	2.53945	2.53511	2.57436
28.85848	2.59672	2.59181	2.59672	2.64417
28.875559999999997	2.6936	2.67908	2.6936	2.75762
28.87997	2.71858	2.70526	2.71858	2.79253
28.89003	2.77634	2.75762	2.77634	2.85361
28.900240000000004	2.83558	2.80998	2.83558	2.92343
28.910290000000003	2.89449	2.85361	2.8945	2.98451
28.9204	2.95433	2.90597	2.95433	3.05433
28.9306	3.01537	2.95833	3.01537	3.10669
28.94067	3.07629	3.01069	3.07629	3.1765
28.95133	3.14142	3.06305	3.14142	3.24631
28.96107	3.19973	3.11541	3.19973	3.3074
28.97123	3.26002	3.16777	3.26002	3.36848
28.9814	3.31973	3.22886	3.31973	3.4383
28.99147	3.3782	3.28995	3.3782	3.49938
29.001620000000003	3.43664	3.34231	3.43664	3.56047
29.01182	3.49468	3.40339	3.49468	3.62156
29.0219	3.55149	3.46448	3.55149	3.68264
29.03205	3.60805	3.51684	3.60805	3.74373
29.042140000000003	3.66368	3.58665	3.66368	3.80482
29.0523	3.71914	3.63901	3.71915	3.8659
29.06258	3.77459	3.70882	3.77459	3.91826
29.072609999999997	3.82807	3.76118	3.82807	3.97935
29.08281	3.88194	3.831	3.88194	4.04044
29.09297	3.9349	3.89208	3.9349	4.10152
29.103009999999998	3.9867	3.95317	3.9867	4.15388
29.11317	4.0385	4.00553	4.0385	4.20624
29.12332	4.08963	4.06662	4.08963	4.2586
29.13365	4.14104	4.1277	4.14104	4.31969
29.143590000000003	4.18995	4.18006	4.18995	4.37205
29.15369	4.23906	4.24115	4.23906	4.42441
29.163940000000004	4.28827	4.29351	4.28827	4.4855
29.17403	4.33609	4.3546	4.33609	4.53786
29.18417	4.38355	4.40696	4.38355	4.57276
29.19428	4.43031	4.45932	4.43031	4.60767
29.2044	4.47649	4.51168	4.47649	4.63385
29.21462	4.52255	4.56404	4.52255	4.6513
29.22472	4.56744	4.6164	4.56744	4.66003
29.234840000000002	4.61183	4.66876	4.61183	4.67748
29.24506	4.65604	4.71239	4.65604	4.70366
29.255090000000003	4.69886	4.73857	4.69886	4.72984
29.265309999999996	4.74185	4.76475	4.74185	4.76475
29.27543	4.78384	4.77348	4.78384	4.79965
29.285559999999997	4.82531	4.79093	4.82531	4.83456
29.2957	4.86618	4.80838	4.86618	4.86947
29.305770000000003	4.90618	4.82584	4.90619	4.9131
29.31598	4.94612	4.84329	4.94612	4.95673
29.3261	4.98516	4.86947	4.98516	5.00037
29.336170000000003	5.02337	4.89565	5.02337	5.044
29.3464	5.06159	4.92183	5.06159	5.08763
29.356479999999998	5.09866	4.95674	5.09866	5.13127
29.36672	5.13574	4.99164	5.13574	5.18363
29.376820000000002	5.17167	5.03528	5.17167	5.22726
29.38697	5.20722	5.07018	5.20722	5.27962
29.397159999999996	5.24231	5.11381	5.24231	5.32325
29.40734	5.27701	5.15745	5.27701	5.37561
29.41736	5.31005	5.20981	5.31005	5.42797
29.42748	5.34311	5.25344	5.34311	5.48033
29.437559999999998	5.37546	5.29707	5.37546	5.53269
29.44769	5.40736	5.34943	5.40736	5.58505
29.4578	5.43864	5.40179	5.43864	5.61996
29.4681	5.46986	5.44543	5.46986	5.65487
29.478140000000003	5.49972	5.49779	5.49972	5.67232
29.48828	5.52927	5.54142	5.52927	5.68977
29.498379999999997	5.55814	5.59378	5.55814	5.68977
29.50869	5.58697	5.63741	5.58697	5.68977
29.535629999999998	5.65689	5.68105	5.65689	5.68105
29.54562	5.68274	5.6985	5.68274	5.67232
29.5557	5.70823	5.6985	5.70824	5.67232
29.567079999999997	5.73623	5.68977	5.73623	5.68105
29.576	5.75778	5.68105	5.75778	5.6985
29.58655	5.78262	5.68105	5.78262	5.71595
29.596629999999998	5.80575	5.68105	5.80575	5.74213
29.606709999999996	5.82832	5.68105	5.82832	5.77704
29.6169	5.85064	5.6985	5.85064	5.80322
29.627029999999998	5.87206	5.71595	5.87206	5.83813
29.63717	5.89303	5.73341	5.89303	5.88176
29.6473	5.91338	5.75959	5.91338	5.91667
29.65744	5.93318	5.78577	5.93318	5.9603
29.668409999999998	5.95392	5.82067	5.95392	6.00393
29.677609999999998	5.97085	5.85558	5.97085	6.03884
29.68778	5.98898	5.89049	5.98899	6.08247
29.6979	6.00645	5.92539	6.00645	6.1261
29.70815	6.02355	5.9603	6.02355	6.17846
29.71815	6.03968	5.99521	6.03968	6.21337
29.728270000000002	6.05545	6.03884	6.05545	6.23955
29.738390000000003	6.07063	6.07375	6.07063	6.26573
29.7485	6.08525	6.10865	6.08525	6.27446
29.75879	6.09954	6.13483	6.09954	6.27446
29.769809999999996	6.11415	6.15229	6.11415	6.27446
29.77893	6.12583	6.16101	6.12583	6.26573
29.78909	6.13826	6.16101	6.13826	6.24828
29.799159999999997	6.15002	6.15229	6.15002	6.23955
29.80929	6.16132	6.14356	6.16132	6.23082
29.8273	6.17924	6.13483	6.17924	6.21337
29.831609999999998	6.18359	6.10865	6.18359	6.19592
29.841790000000003	6.19317	6.0912	6.19317	6.19592
29.8519	6.20215	6.06502	6.20215	6.19592
29.86208	6.21065	6.06502	6.21065	6.20464
29.87228	6.21863	6.05629	6.21863	6.21337
29.882409999999997	6.22602	6.06502	6.22602	6.23082
29.89255	6.23291	6.06502	6.23291	6.24828
29.90268	6.23927	6.08247	6.23927	6.27446
29.912740000000003	6.24509	6.09993	6.24509	6.30064
29.92292	6.25047	6.11738	6.25047	6.31809
29.933159999999997	6.25539	6.14356	6.25539	6.353
29.94316	6.25972	6.16974	6.25972	6.37045
29.9535	6.2637	6.20465	6.2637	6.3879
29.9636	6.26714	6.23082	6.26714	6.3879
29.97382	6.27016	6.25701	6.27016	6.3879
29.983929999999997	6.27274	6.27446	6.27274	6.3879
29.994059999999998	6.27492	6.27446	6.27492	6.37045
30.004209999999997	6.27672	6.27446	6.27672	6.353
30.0143	6.28222	6.27446	6.28222	6.34427
30.0245	6.28222	6.26573	6.28222	6.32682
30.03463	6.28222	6.25701	6.28222	6.30936
30.04475	6.28222	6.23955	6.28222	6.30064
30.054890000000004	6.28222	6.21337	6.28222	6.30064
30.06498	6.28222	6.19592	6.28222	6.30064
