11.8527	0.0	0.0	0.0	0.0
11.86046	0.00232	0.0	-0.00116	0.0
11.86984	0.00626	0.0	-0.00313	-0.00873
11.87994	0.01178	0.01745	-0.00589	-0.01745
11.89017	0.01863	0.03491	-0.00932	-0.04363
11.90023	0.02657	0.05236	-0.01328	-0.06109
11.91035	0.03579	0.08727	-0.0179	-0.09599
11.92048	0.04626	0.12217	-0.02313	-0.12217
11.93845	0.06955	0.19199	-0.03478	-0.18326
11.942730000000001	0.07495	0.20944	-0.03748	-0.20071
11.954139999999999	0.09145	0.25307	-0.04572	-0.25307
11.97135	0.12047	0.29671	-0.06024	-0.28798
11.97569	0.12766	0.36652	-0.06383	-0.35779
11.98585	0.14614	0.41888	-0.07307	-0.41015
11.99594	0.16568	0.47124	-0.08284	-0.46251
12.00613	0.18668	0.5236	-0.09334	-0.51487
12.01626	0.20881	0.57596	-0.1044	-0.56723
12.02644	0.23227	0.63705	-0.11613	-0.62832
12.036539999999999	0.25676	0.68941	-0.12838	-0.68941
12.046610000000001	0.28299	0.75049	-0.1415	-0.74176
12.05805	0.31319	0.8203	-0.15659	-0.81158
12.06808	0.3413	0.88139	-0.17065	-0.88139
12.07819	0.37088	0.94248	-0.18544	-0.94248
12.088289999999999	0.40167	1.00356	-0.20083	-1.00356
12.09857	0.43425	1.06465	-0.21713	-1.07338
12.10859	0.46721	1.13446	-0.2336	-1.14319
12.11871	0.50172	1.19555	-0.25086	-1.20428
12.12887	0.53765	1.26536	-0.26882	-1.27409
12.13894	0.57443	1.32645	-0.28721	-1.3439
12.1493	0.6136	1.39626	-0.3068	-1.40499
12.1593	0.6526	1.45735	-0.3263	-1.4748
12.1695	0.6936	1.52716	-0.3468	-1.54462
12.17959	0.73542	1.58825	-0.36771	-1.61443
12.189630000000001	0.77818	1.65806	-0.38909	-1.68424
12.20003	0.82385	1.72788	-0.41192	-1.75406
12.20993	0.86842	1.79769	-0.43421	-1.82387
12.22004	0.91523	1.8675	-0.45762	-1.89368
12.23017	0.96334	1.93732	-0.48167	-1.9635
12.240269999999999	1.01251	2.00713	-0.50625	-2.03331
12.25046	1.06342	2.07694	-0.53171	-2.10312
12.26862	1.15894	2.19911	-0.57947	-2.23402
12.27307	1.18219	2.22529	-0.5911	-2.26893
12.28315	1.23644	2.29511	-0.61822	-2.33874
12.29323	1.29193	2.36492	-0.64597	-2.40855
12.303410000000001	1.34923	2.44346	-0.67462	-2.48709
12.31354	1.40749	2.51327	-0.70374	-2.55691
12.32376	1.46748	2.58309	-0.73374	-2.62672
12.33385	1.52797	2.6529	-0.76399	-2.69653
12.34397	1.58986	2.73144	-0.79493	-2.77507
12.35417	1.65351	2.80125	-0.82675	-2.84489
12.36432	1.71806	2.87979	-0.85903	-2.92343
12.37448	1.78393	2.94961	-0.89197	-2.99324
12.38462	1.85085	3.02815	-0.92542	-3.07178
12.39472	1.91874	3.10669	-0.95937	-3.14159
12.40485	1.98807	3.1765	-0.99403	-3.22013
12.41502	2.05896	3.26377	-1.02948	-3.28995
12.42517	2.1309	3.33358	-1.06545	-3.35976
12.435319999999999	2.20406	3.42085	-1.10203	-3.4383
12.44541	2.27802	3.49066	-1.13901	-3.51684
12.45553	2.3535	3.57792	-1.17675	-3.58665
12.465760000000001	2.43107	3.64774	-1.21553	-3.66519
12.47597	2.50967	3.735	-1.25484	-3.74373
12.48607	2.5886	3.82227	-1.2943	-3.81354
12.496189999999999	2.66896	3.90081	-1.33448	-3.89208
12.50635	2.75089	3.97935	-1.37544	-3.97062
12.51647	2.83376	4.06662	-1.41688	-4.04044
12.5266	2.9179	4.15388	-1.45895	-4.11898
12.53674	3.00336	4.24115	-1.50168	-4.19752
12.54687	3.08994	4.32842	-1.54497	-4.27606
12.55725	3.18005	4.41568	-1.59002	-4.34587
12.56729	3.26469	4.50295	-1.63416	-4.42441
12.57812	3.35457	4.59022	-1.68251	-4.51168
12.58785	3.43424	4.68621	-1.72647	-4.58149
12.59792	3.51544	4.77348	-1.77258	-4.66003
12.608369999999999	3.59847	4.86074	-1.82116	-4.73857
12.61817	3.67513	4.95674	-1.86721	-4.80838
12.62823	3.75268	5.044	-1.91515	-4.89565
12.63838	3.82959	5.13127	-1.96406	-4.96546
12.648480000000001	3.90499	5.21853	-2.01341	-5.05273
12.658660000000001	3.97979	5.31453	-2.06379	-5.12254
12.66883	4.05318	5.41052	-2.11468	-5.20981
12.678939999999999	4.12495	5.49779	-2.1659	-5.27962
12.68925	4.19695	5.58505	-2.21884	-5.35816
12.69926	4.26561	5.67232	-2.27077	-5.4367
12.70974	4.33612	5.76831	-2.32579	-5.51524
12.7195	4.40072	5.86431	-2.37759	-5.59378
12.729619999999999	4.46653	5.95157	-2.43198	-5.67232
12.7398	4.53145	6.03884	-2.48729	-5.75086
12.7501	4.59587	6.12611	-2.54387	-5.83813
12.76019	4.6578	6.2221	-2.59993	-5.90794
12.77042	4.71937	6.30937	-2.65743	-5.99521
12.78052	4.7789	6.40536	-2.71474	-6.07375
12.79068	4.83755	6.49262	-2.773	-6.15229
12.80129	4.89753	6.57989	-2.83463	-6.23083
12.81124	4.95254	6.66716	-2.89287	-6.31809
12.8213	5.00707	6.75442	-2.9525	-6.39663
12.831439999999999	5.06072	6.84169	-3.0131	-6.47517
12.8416	5.11331	6.92896	-3.0745	-6.55371
12.85175	5.16462	7.0075	-3.13644	-6.64098
12.86186	5.21455	7.09476	-3.19695	-6.72824
12.872069999999999	5.2638	7.1733	-3.2575	-6.80678
12.88224	5.31155	7.26057	-3.31709	-6.88532
12.8928	5.35989	7.33911	-3.37841	-6.97259
12.90288	5.40479	7.41765	-3.43625	-7.05986
12.913089999999999	5.44913	7.50492	-3.49433	-7.14712
12.92319	5.49177	7.58346	-3.55113	-7.22566
12.93331	5.53332	7.662	-3.60748	-7.31293
12.94342	5.57363	7.73181	-3.66314	-7.39147
12.95355	5.61281	7.81035	-3.7183	-7.47874
12.964889999999999	5.65516	7.88889	-3.77932	-7.566
12.973889999999999	5.68792	7.96743	-3.82727	-7.65327
12.984010000000001	5.72353	8.03724	-3.8806	-7.73181
12.99421	5.75825	8.11578	-3.93377	-7.81035
13.00427	5.7913	8.18559	-3.98557	-7.89761
13.01442	5.82349	8.25541	-4.03727	-7.98488
13.0343	5.8809	8.39503	-4.13561	-8.14196
13.03864	5.89359	8.42994	-4.15714	-8.18559
13.048760000000001	5.92175	8.49975	-4.20666	-8.26413
13.05892	5.94886	8.56957	-4.25577	-8.3514
13.07017	5.97737	8.64811	-4.30934	-8.43867
13.08033	6.00204	8.71792	-4.35716	-8.52593
13.09051	6.02562	8.78773	-4.4045	-8.60447
13.100610000000001	6.04788	8.85755	-4.45083	-8.68301
13.11115	6.06986	8.92736	-4.49853	-8.77028
13.121229999999999	6.08981	8.99717	-4.54357	-8.85755
13.13136	6.10872	9.05826	-4.58821	-8.93609
13.14148	6.12654	9.12807	-4.63226	-9.01463
13.1516	6.14325	9.19789	-4.67569	-9.09317
13.161779999999998	6.15897	9.2677	-4.71879	-9.17171
13.172	6.17364	9.33751	-4.76144	-9.25897
13.182160000000001	6.18717	9.3986	-4.80326	-9.33751
13.19254	6.19987	9.45968	-4.84534	-9.41605
13.20248	6.21105	9.5295	-4.88506	-9.49459
13.21251	6.22132	9.59931	-4.92453	-9.57313
13.22269	6.23075	9.6604	-4.96405	-9.6604
13.232820000000002	6.23914	9.72148	-5.00275	-9.73021
13.242970000000001	6.24659	9.7913	-5.04093	-9.81748
13.253110000000001	6.25311	9.86111	-5.07849	-9.88729
13.26321	6.25872	9.9222	-5.11528	-9.97456
13.273470000000001	6.26354	9.98328	-5.15207	-10.0531
13.283660000000001	6.26753	10.0531	-5.18801	-10.13164
13.293729999999998	6.27074	10.11418	-5.22291	-10.20145
13.3039	6.27331	10.17527	-5.2576	-10.27999
13.313989999999999	6.27527	10.24508	-5.29141	-10.35853
13.324160000000001	6.28003	10.30617	-5.32491	-10.43707
13.334320000000002	6.28003	10.37598	-5.35774	-10.51561
13.34445	6.28003	10.43707	-5.3899	-10.58542
13.354610000000001	6.28003	10.4807	-5.42158	-10.66396
13.364679999999998	6.28003	10.52434	-5.45238	-10.7425
13.374920000000001	6.28003	10.56797	-5.48313	-10.81231
13.38514	6.28003	10.6116	-5.51318	-10.89958
13.395179999999998	6.28003	10.64651	-5.54212	-10.96939
13.405389999999999	6.28003	10.67269	-5.57097	-11.03921
13.41549	6.28003	10.70759	-5.59893	-11.11775
13.425720000000002	6.28003	10.73377	-5.62663	-11.19629
13.435920000000001	6.28003	10.75995	-5.65367	-11.2661
13.445979999999999	6.28003	10.77741	-5.67976	-11.34464
13.45614	6.28003	10.80359	-5.70552	-11.42318
13.466320000000001	6.28003	10.82104	-5.73073	-11.49299
13.476479999999999	6.28003	10.83849	-5.75532	-11.57153
13.48669	6.28003	10.84722	-5.77942	-11.65007
13.49675	6.28003	10.85595	-5.80259	-11.71989
13.506929999999999	6.28003	10.86467	-5.82547	-11.7897
13.51714	6.28003	10.8734	-5.84781	-11.86824
13.52718	6.28003	10.8734	-5.86919	-11.94678
13.5373	6.28003	10.88213	-5.8902	-12.01659
13.54742	6.28003	10.88213	-5.9106	-12.08641
13.557720000000002	6.28003	10.88213	-5.93078	-12.15622
13.56765	6.28003	10.88213	-5.94968	-12.23476
13.587320000000002	6.28003	10.8734	-5.98442	-12.37438
13.591660000000001	6.28003	10.8734	-5.99216	-12.40056
13.60188	6.28003	10.8734	-6.00967	-12.47038
13.612	6.28003	10.8734	-6.02641	-12.54892
13.6221	6.28003	10.8734	-6.04255	-12.61873
13.63225	6.28003	10.8734	-6.05822	-12.69727
13.642479999999999	6.28003	10.8734	-6.07342	-12.76708
13.652529999999999	6.28003	10.8734	-6.08781	-12.8369
13.66264	6.28003	10.8734	-6.10173	-12.90671
13.67341	6.28003	10.8734	-6.1159	-12.98525
13.683010000000001	6.28003	10.8734	-6.12805	-13.05506
13.693079999999998	6.28003	10.8734	-6.14024	-13.12488
13.70328	6.28003	10.8734	-6.15201	-13.20342
13.713370000000001	6.28003	10.8734	-6.16312	-13.27323
13.72355	6.28003	10.8734	-6.17376	-13.34304
13.733670000000002	6.28003	10.8734	-6.18381	-13.41286
13.743839999999999	6.28003	10.8734	-6.19335	-13.48267
13.753979999999999	6.28003	10.8734	-6.20232	-13.56121
13.76406	6.28003	10.8734	-6.21072	-13.63102
13.774629999999998	6.28003	10.8734	-6.21893	-13.70083
13.784379999999999	6.28003	10.8734	-6.22603	-13.77065
13.7945	6.28003	10.8734	-6.23287	-13.84046
13.80464	6.28003	10.8734	-6.2392	-13.919
13.814739999999999	6.28003	10.8734	-6.24501	-13.98881
13.82495	6.28003	10.8734	-6.25037	-14.05863
13.83506	6.28003	10.8734	-6.25519	-14.12844
13.84518	6.28003	10.8734	-6.25953	-14.19825
13.85532	6.28003	10.8734	-6.26341	-14.27679
13.865429999999998	6.28003	10.8734	-6.26682	-14.34661
13.875860000000001	6.28003	10.8734	-6.26986	-14.41642
13.885929999999998	6.28003	10.8734	-6.27238	-14.49496
13.8959	6.28003	10.8734	-6.2745	-14.56477
13.90603	6.28003	10.8734	-6.27626	-14.63459
13.91619	6.28003	10.8734	-6.28161	-14.7044
13.926329999999998	6.28003	10.8734	-6.28161	-14.78294
13.93646	6.28003	10.8734	-6.28161	-14.84403
13.946589999999999	6.28003	10.8734	-6.28161	-14.91384
13.95672	6.28003	10.8734	-6.28161	-14.9662
13.96703	6.28003	10.8734	-6.28161	-15.00983
13.97719	6.28003	10.8734	-6.28161	-15.05346
13.98751	6.28003	10.8734	-6.28161	-15.0971
13.99722	6.28003	10.8734	-6.28161	-15.14073
14.00738	6.28003	10.8734	-6.28161	-15.17564
14.0176	6.28003	10.8734	-6.28161	-15.21054
14.02765	6.28003	10.8734	-6.28161	-15.23672
14.03783	6.28003	10.8734	-6.28161	-15.27163
14.047939999999999	6.28003	10.8734	-6.28161	-15.29781
14.05825	6.28003	10.8734	-6.28161	-15.32399
14.06819	6.28003	10.8734	-6.28161	-15.35017
14.07956	6.28003	10.8734	-6.28161	-15.36762
14.088479999999999	6.28003	10.8734	-6.28161	-15.38508
14.09866	6.28003	10.8734	-6.28161	-15.41126
14.108720000000002	6.28003	10.8734	-6.28161	-15.42871
14.11886	6.28003	10.8734	-6.28161	-15.44616
14.12905	6.28003	10.8734	-6.28161	-15.46362
14.13919	6.28003	10.8734	-6.28161	-15.47234
14.14931	6.28003	10.8734	-6.28161	-15.4898
14.1594	6.28003	10.8734	-6.28161	-15.49852
14.1695	6.28003	10.8734	-6.28161	-15.50725
14.180979999999998	6.28003	10.8734	-6.28161	-15.51598
14.189779999999999	6.28003	10.8734	-6.28161	-15.5247
14.199929999999998	6.28003	10.8734	-6.28161	-15.5247
14.21003	6.28003	10.8734	-6.28161	-15.53343
14.22016	6.28003	10.8734	-6.28161	-15.54216
14.23032	6.28003	10.8734	-6.28161	-15.54216
14.240429999999998	6.28003	10.8734	-6.28161	-15.54216
14.250670000000001	6.28003	10.8734	-6.28161	-15.54216
14.26075	6.28003	10.8734	-6.28161	-15.53343
14.27085	6.28003	10.8734	-6.28161	-15.53343
14.28227	6.28003	10.8734	-6.28161	-15.53343
14.29139	6.28003	10.8734	-6.28161	-15.53343
14.30149	6.28003	10.8734	-6.28161	-15.53343
14.31165	6.28003	10.8734	-6.28161	-15.53343
14.32199	6.28003	10.8734	-6.28161	-15.53343
14.33215	6.28003	10.8734	-6.28161	-15.53343
14.342270000000001	6.28003	10.8734	-6.28161	-15.53343
14.35241	6.28003	10.8734	-6.28161	-15.53343
14.3626	6.28003	10.8734	-6.28161	-15.53343
14.37265	6.28003	10.8734	-6.28161	-15.53343
14.383560000000001	6.28003	10.8734	-6.28161	-15.53343
14.39301	6.28003	10.8734	-6.28161	-15.53343
14.403129999999999	6.28003	10.8734	-6.28161	-15.53343
14.41324	6.28003	10.8734	-6.28161	-15.53343
14.423370000000002	6.28003	10.8734	-6.28161	-15.53343
14.43355	6.28003	10.8734	-6.28161	-15.53343
14.443629999999999	6.28003	10.8734	-6.28161	-15.53343
14.45389	6.28003	10.8734	-6.28161	-15.53343
14.46406	6.28003	10.8734	-6.28161	-15.53343
14.474129999999999	6.28003	10.8734	-6.28161	-15.53343
14.484829999999999	6.28003	10.8734	-6.28161	-15.53343
14.49448	6.28003	10.8734	-6.28161	-15.53343
14.5046	6.28003	10.8734	-6.28161	-15.53343
14.51477	6.28003	10.8734	-6.28161	-15.53343
14.525120000000001	6.28003	10.8734	-6.28161	-15.53343
14.53501	6.28003	10.8734	-6.28161	-15.53343
14.545179999999998	6.28003	10.8734	-6.28161	-15.53343
14.5553	6.28003	10.8734	-6.28161	-15.53343
14.56729	6.28003	10.8734	-6.28161	-15.53343
14.576139999999999	6.28003	10.8734	-6.28161	-15.53343
14.58676	6.28003	10.8734	-6.28161	-15.53343
14.603810000000001	6.28003	10.8734	-6.28161	-15.53343
14.608179999999999	6.28003	10.8734	-6.28161	-15.53343
14.618279999999999	6.28003	10.8734	-6.28161	-15.53343
14.628520000000002	6.28003	10.8734	-6.28161	-15.53343
14.638570000000001	6.28003	10.8734	-6.28161	-15.53343
14.648679999999999	6.28003	10.8734	-6.28161	-15.53343
14.65885	6.28003	10.8734	-6.28161	-15.53343
14.668920000000002	6.28003	10.8734	-6.28161	-15.53343
14.67905	6.28003	10.8734	-6.28161	-15.53343
14.689470000000002	6.28003	10.8734	-6.28161	-15.53343
14.699760000000001	6.28003	10.8734	-6.28161	-15.53343
14.70948	6.28003	10.8734	-6.28161	-15.53343
14.71954	6.28003	10.8734	-6.28161	-15.53343
14.730210000000001	6.28003	10.8734	-6.28161	-15.53343
14.739870000000002	6.28003	10.8734	-6.28161	-15.53343
14.750670000000001	6.28003	10.8734	-6.28161	-15.53343
14.760079999999999	6.28003	10.8734	-6.28161	-15.53343
14.770179999999998	6.28003	10.8734	-6.28161	-15.53343
14.780320000000001	6.28003	10.8734	-6.28161	-15.53343
14.79076	6.28003	10.8734	-6.28161	-15.53343
14.808620000000001	6.28003	10.8734	-6.28161	-15.53343
14.81298	6.28003	10.8734	-6.28161	-15.53343
14.823120000000001	6.28003	10.8734	-6.28161	-15.53343
14.8333	6.28003	10.8734	-6.28161	-15.53343
14.84344	6.28003	10.8734	-6.28161	-15.53343
14.853539999999999	6.28003	10.8734	-6.28161	-15.53343
14.863679999999999	6.28003	10.8734	-6.28161	-15.53343
14.87384	6.28003	10.8734	-6.28161	-15.53343
14.88403	6.28003	10.8734	-6.28161	-15.53343
14.894229999999999	6.28003	10.8734	-6.28161	-15.53343
14.904379999999998	6.28003	10.8734	-6.28161	-15.53343
14.914579999999999	6.28003	10.8734	-6.28161	-15.53343
14.924629999999999	6.28003	10.8734	-6.28161	-15.53343
14.935070000000001	6.28003	10.8734	-6.28161	-15.53343
14.944870000000002	6.28003	10.8734	-6.28161	-15.53343
14.955029999999999	6.28003	10.8734	-6.28161	-15.53343
14.96517	6.28003	10.8734	-6.28161	-15.53343
14.97528	6.28003	10.8734	-6.28161	-15.53343
14.98543	6.28003	10.8734	-6.28161	-15.53343
14.99559	6.28003	10.8734	-6.28161	-15.53343
15.00578	6.28003	10.8734	-6.28161	-15.53343
15.01585	6.28003	10.8734	-6.28161	-15.53343
15.035870000000001	6.28003	10.8734	-6.28161	-15.53343
15.040239999999999	6.28003	10.8734	-6.28161	-15.53343
15.05039	6.28003	10.8734	-6.28161	-15.53343
15.06068	6.28003	10.8734	-6.28161	-15.53343
15.078479999999999	6.28003	10.8734	-6.28161	-15.53343
15.08281	6.28003	10.8734	-6.28161	-15.53343
15.10205	6.28003	10.8734	-6.28161	-15.53343
15.10646	6.28003	10.8734	-6.28161	-15.53343
15.116539999999999	6.28003	10.8734	-6.28161	-15.53343
15.12669	6.28003	10.8734	-6.28161	-15.53343
15.13739	6.28003	10.8734	-6.28161	-15.53343
15.146989999999999	6.28003	10.8734	-6.28161	-15.53343
15.157079999999999	6.28003	10.8734	-6.28161	-15.53343
15.167229999999998	6.28003	10.8734	-6.28161	-15.53343
15.17736	6.28003	10.8734	-6.28161	-15.53343
15.18745	6.28003	10.8734	-6.28161	-15.53343
15.197629999999998	6.28003	10.8734	-6.28161	-15.53343
15.20783	6.28003	10.8734	-6.28161	-15.53343
15.21796	6.28003	10.8734	-6.28161	-15.53343
15.228110000000001	6.28003	10.8734	-6.28161	-15.53343
15.23841	6.28003	10.8734	-6.28161	-15.53343
15.248370000000001	6.28003	10.8734	-6.28161	-15.53343
15.258560000000001	6.28003	10.8734	-6.28161	-15.53343
15.26861	6.28003	10.8734	-6.28161	-15.53343
15.27873	6.28003	10.8734	-6.28161	-15.53343
15.28885	6.28003	10.8734	-6.28161	-15.53343
15.299120000000002	6.28003	10.8734	-6.28161	-15.53343
15.30926	6.28003	10.8734	-6.28161	-15.53343
15.31931	6.28003	10.8734	-6.28161	-15.53343
15.32947	6.28003	10.8734	-6.28161	-15.53343
15.339960000000001	6.28003	10.8734	-6.28161	-15.53343
15.34973	6.28003	10.8734	-6.28161	-15.53343
15.359829999999999	6.28003	10.8734	-6.28161	-15.53343
15.369979999999998	6.28003	10.8734	-6.28161	-15.53343
15.3801	6.28003	10.8734	-6.28161	-15.53343
15.39021	6.28003	10.8734	-6.28161	-15.53343
15.40044	6.28003	10.8734	-6.28161	-15.53343
15.41065	6.28003	10.8734	-6.28161	-15.53343
15.42071	6.28003	10.8734	-6.28161	-15.53343
15.43077	6.28003	10.8734	-6.28161	-15.53343
15.441189999999999	6.28003	10.8734	-6.28161	-15.53343
15.4513	6.28003	10.8734	-6.28161	-15.53343
15.461429999999998	6.28003	10.8734	-6.28161	-15.53343
15.471589999999999	6.28003	10.8734	-6.28161	-15.53343
15.481679999999999	6.28003	10.8734	-6.28161	-15.53343
15.49185	6.28003	10.8734	-6.28161	-15.53343
15.50205	6.28003	10.8734	-6.28161	-15.53343
15.512229999999999	6.28003	10.8734	-6.28161	-15.53343
15.52235	6.28003	10.8734	-6.28161	-15.53343
15.532429999999998	6.28003	10.8734	-6.28161	-15.53343
15.542620000000001	6.28003	10.8734	-6.28161	-15.53343
15.55279	6.28003	10.8734	-6.28161	-15.53343
15.56299	6.28003	10.8734	-6.28161	-15.53343
15.57305	6.28003	10.8734	-6.28161	-15.53343
15.592070000000001	6.28003	10.8734	-6.28161	-15.53343
15.596429999999998	6.28003	10.8734	-6.28161	-15.53343
15.60694	6.28003	10.8734	-6.28161	-15.53343
15.61677	6.28003	10.8734	-6.28161	-15.53343
15.626879999999998	6.28003	10.8734	-6.28161	-15.53343
15.63701	6.28003	10.8734	-6.28161	-15.53343
15.647170000000001	6.28003	10.8734	-6.28161	-15.53343
15.65734	6.28003	10.8734	-6.28161	-15.53343
15.66744	6.28003	10.8734	-6.28161	-15.53343
15.67755	6.28003	10.8734	-6.28161	-15.53343
15.687629999999999	6.28003	10.8734	-6.28161	-15.53343
15.69907	6.28003	10.8734	-6.28161	-15.53343
15.70835	6.28003	10.8734	-6.28161	-15.53343
15.71814	6.28003	10.8734	-6.28161	-15.53343
15.72821	6.28003	10.8734	-6.28161	-15.53343
15.73833	6.28003	10.8734	-6.28161	-15.53343
15.748529999999999	6.28003	10.8734	-6.28161	-15.53343
15.75865	6.28003	10.8734	-6.28161	-15.53343
15.768720000000002	6.28003	10.8734	-6.28161	-15.53343
15.778870000000001	6.28003	10.8734	-6.28161	-15.53343
15.788979999999999	6.28003	10.8734	-6.28161	-15.53343
15.80734	6.28003	10.8734	-6.28161	-15.53343
15.81175	6.28003	10.8734	-6.28161	-15.53343
15.821860000000001	6.28003	10.8734	-6.28161	-15.53343
15.83205	6.28003	10.8734	-6.28161	-15.53343
15.84211	6.28003	10.8734	-6.28161	-15.53343
15.8523	6.28003	10.8734	-6.28161	-15.53343
15.86248	6.28003	10.8734	-6.28161	-15.53343
15.872589999999999	6.28003	10.8734	-6.28161	-15.53343
15.882779999999999	6.28003	10.8734	-6.28161	-15.53343
15.892829999999998	6.28003	10.8734	-6.28161	-15.53343
15.90422	6.28003	10.8734	-6.28161	-15.53343
15.91325	6.28003	10.8734	-6.28161	-15.53343
15.92331	6.28003	10.8734	-6.28161	-15.53343
15.93344	6.28003	10.8734	-6.28161	-15.53343
15.943539999999999	6.28003	10.8734	-6.28161	-15.53343
15.95374	6.28003	10.8734	-6.28161	-15.53343
15.96395	6.28003	10.8734	-6.28161	-15.53343
15.974020000000001	6.28003	10.8734	-6.28161	-15.53343
15.984210000000001	6.28003	10.8734	-6.28161	-15.53343
15.9943	6.28003	10.8734	-6.28161	-15.53343
16.0056	6.28003	10.8734	-6.28161	-15.53343
16.01461	6.28003	10.8734	-6.28161	-15.53343
16.02477	6.28003	10.8734	-6.28161	-15.53343
16.034979999999997	6.28003	10.8734	-6.28161	-15.53343
16.045	6.28003	10.8734	-6.28161	-15.53343
16.05546	6.28003	10.8734	-6.28161	-15.53343
16.065379999999998	6.28003	10.8734	-6.28161	-15.53343
16.07545	6.28003	10.8734	-6.28161	-15.53343
16.08558	6.28003	10.8734	-6.28161	-15.53343
16.09569	6.28003	10.8734	-6.28161	-15.53343
16.10697	6.28003	10.8734	-6.28161	-15.53343
16.123920000000002	6.28003	10.8734	-6.28161	-15.53343
16.12828	6.28003	10.8734	-6.28161	-15.53343
16.1384	6.28003	10.8734	-6.28161	-15.53343
16.148529999999997	6.28003	10.8734	-6.28161	-15.53343
16.15867	6.28003	10.8734	-6.28161	-15.53343
16.16883	6.28003	10.8734	-6.28161	-15.53343
16.179000000000002	6.28003	10.8734	-6.28161	-15.53343
16.18911	6.28003	10.8734	-6.28161	-15.53343
16.19971	6.28003	10.8734	-6.28161	-15.53343
16.20948	6.28003	10.8734	-6.28161	-15.53343
16.21988	6.28003	10.8734	-6.28161	-15.53343
16.22997	6.28003	10.8734	-6.28161	-15.53343
16.24009	6.28003	10.8734	-6.28161	-15.53343
16.25026	6.28003	10.8734	-6.28161	-15.53343
16.260360000000002	6.28003	10.8734	-6.28161	-15.53343
16.27059	6.28003	10.8734	-6.28161	-15.53343
16.2807	6.28003	10.8734	-6.28161	-15.53343
16.290789999999998	6.28003	10.8734	-6.28161	-15.53343
16.3012	6.28003	10.8734	-6.28161	-15.53343
16.311329999999998	6.28003	10.8734	-6.28161	-15.53343
16.3215	6.28003	10.8734	-6.28161	-15.53343
16.33163	6.28003	10.8734	-6.28161	-15.53343
16.34173	6.28003	10.8734	-6.28161	-15.53343
16.35191	6.28003	10.8734	-6.28161	-15.53343
16.362029999999997	6.28003	10.8734	-6.28161	-15.53343
16.37229	6.28003	10.8734	-6.28161	-15.53343
16.38237	6.28003	10.8734	-6.28161	-15.53343
16.39248	6.28003	10.8734	-6.28161	-15.53343
16.40273	6.28003	10.8734	-6.28161	-15.53343
16.412860000000002	6.28003	10.8734	-6.28161	-15.53343
16.423	6.28003	10.8734	-6.28161	-15.53343
16.43313	6.28003	10.8734	-6.28161	-15.53343
16.44323	6.28003	10.8734	-6.28161	-15.53343
16.45335	6.28003	10.8734	-6.28161	-15.53343
16.46354	6.28003	10.8734	-6.28161	-15.53343
16.4737	6.28003	10.8734	-6.28161	-15.53343
16.48382	6.28003	10.8734	-6.28161	-15.53343
16.49395	6.28003	10.8734	-6.28161	-15.53343
16.504070000000002	6.28003	10.8734	-6.28161	-15.53343
16.514310000000002	6.28003	10.8734	-6.28161	-15.53343
16.52441	6.28003	10.8734	-6.28161	-15.53343
16.53455	6.28003	10.8734	-6.28161	-15.53343
16.54469	6.28003	10.8734	-6.28161	-15.53343
16.55483	6.28003	10.8734	-6.28161	-15.53343
16.56515	6.28003	10.8734	-6.28161	-15.53343
16.5753	6.28003	10.8734	-6.28161	-15.53343
16.59436	6.28003	10.8734	-6.28161	-15.53343
16.598679999999998	6.28003	10.8734	-6.28161	-15.53343
16.608829999999998	6.28003	10.8734	-6.28161	-15.53343
16.61919	6.28003	10.8734	-6.28161	-15.53343
16.629189999999998	6.28003	10.8734	-6.28161	-15.53343
16.6393	6.28003	10.8734	-6.28161	-15.53343
16.6494	6.28003	10.8734	-6.28161	-15.53343
16.65991	6.28003	10.8734	-6.28161	-15.53343
16.669629999999998	6.28003	10.8734	-6.28161	-15.53343
16.67977	6.28003	10.8734	-6.28161	-15.53343
16.68989	6.28003	10.8734	-6.28161	-15.53343
16.700039999999998	6.28003	10.8734	-6.28161	-15.53343
16.711289999999998	6.28003	10.8734	-6.28161	-15.53343
16.7206	6.28003	10.8734	-6.28161	-15.53343
16.730439999999998	6.28003	10.8734	-6.28161	-15.53343
16.74063	6.28003	10.8734	-6.28161	-15.53343
16.75071	6.28003	10.8734	-6.28161	-15.53343
16.76125	6.28003	10.8734	-6.28161	-15.53343
16.77131	6.28003	10.8734	-6.28161	-15.53343
16.78144	6.28003	10.8734	-6.28161	-15.53343
16.79155	6.28003	10.8734	-6.28161	-15.53343
16.80169	6.28003	10.8734	-6.28161	-15.53343
16.812520000000003	6.28003	10.8734	-6.28161	-15.53343
16.822029999999998	6.28003	10.8734	-6.28161	-15.53343
16.83219	6.28003	10.8734	-6.28161	-15.53343
16.842489999999998	6.28003	10.8734	-6.28161	-15.53343
16.85257	6.28003	10.8734	-6.28161	-15.53343
16.86274	6.28003	10.8734	-6.28161	-15.53343
16.87288	6.28003	10.8734	-6.28161	-15.53343
16.88309	6.28003	10.8734	-6.28161	-15.53343
16.89319	6.28003	10.8734	-6.28161	-15.53343
16.90329	6.28003	10.8734	-6.28161	-15.53343
16.91375	6.28003	10.8734	-6.28161	-15.53343
16.923939999999998	6.28003	10.8734	-6.28161	-15.53343
16.93375	6.28003	10.8734	-6.28161	-15.53343
16.94386	6.28003	10.8734	-6.28161	-15.53343
16.95402	6.28003	10.8734	-6.28161	-15.53343
16.96428	6.28003	10.8734	-6.28161	-15.53343
16.97435	6.28003	10.8734	-6.28161	-15.53343
16.98454	6.28003	10.8734	-6.28161	-15.53343
16.9947	6.28003	10.8734	-6.28161	-15.53343
17.00475	6.28003	10.8734	-6.28161	-15.53343
17.01605	6.28003	10.8734	-6.28161	-15.53343
17.0348	6.28003	10.8734	-6.28161	-15.53343
17.0471	6.28003	10.8734	-6.28161	-15.53343
17.05141	6.28003	10.8734	-6.28161	-15.53343
17.06174	6.28003	10.8734	-6.28161	-15.53343
17.07174	6.28003	10.8734	-6.28161	-15.53343
17.08193	6.28003	10.8734	-6.28161	-15.53343
17.09209	6.28003	10.8734	-6.28161	-15.53343
17.10214	6.28003	10.8734	-6.28161	-15.53343
17.11235	6.28003	10.8734	-6.28161	-15.53343
17.122529999999998	6.28003	10.8734	-6.28161	-15.53343
17.13267	6.28003	10.8734	-6.28161	-15.53343
17.14278	6.28003	10.8734	-6.28161	-15.53343
17.15288	6.28003	10.8734	-6.28161	-15.53343
17.163120000000003	6.28003	10.8734	-6.28161	-15.53343
17.173189999999998	6.28003	10.8734	-6.28161	-15.53343
17.18335	6.28003	10.8734	-6.28161	-15.53343
17.19352	6.28003	10.8734	-6.28161	-15.53343
17.2036	6.28003	10.8734	-6.28161	-15.53343
17.21377	6.28003	10.8734	-6.28161	-15.53343
17.22396	6.28003	10.8734	-6.28161	-15.53343
17.23418	6.28003	10.8734	-6.28161	-15.53343
17.24435	6.28003	10.8734	-6.28161	-15.53343
17.25446	6.28003	10.8734	-6.28161	-15.53343
17.26456	6.28003	10.8734	-6.28161	-15.53343
17.274829999999998	6.28003	10.8734	-6.28161	-15.53343
17.284879999999998	6.28003	10.8734	-6.28161	-15.53343
17.29504	6.28003	10.8734	-6.28161	-15.53343
17.30517	6.28003	10.8734	-6.28161	-15.53343
17.31527	6.28003	10.8734	-6.28161	-15.53343
17.3255	6.28003	10.8734	-6.28161	-15.53343
17.335639999999998	6.28003	10.8734	-6.28161	-15.53343
17.345779999999998	6.28003	10.8734	-6.28161	-15.53343
17.3559	6.28003	10.8734	-6.28161	-15.53343
17.366	6.28003	10.8734	-6.28161	-15.53343
17.37623	6.28003	10.8734	-6.28161	-15.53343
17.38631	6.28003	10.8734	-6.28161	-15.53343
17.39644	6.28003	10.8734	-6.28161	-15.53343
17.4066	6.28003	10.8734	-6.28161	-15.53343
17.41686	6.28003	10.8734	-6.28161	-15.53343
17.42698	6.28003	10.8734	-6.28161	-15.53343
17.437079999999998	6.28003	10.8734	-6.28161	-15.53343
17.44714	6.28003	10.8734	-6.28161	-15.53343
17.4573	6.28003	10.8734	-6.28161	-15.53343
17.4674	6.28003	10.8734	-6.28161	-15.53343
17.47756	6.28003	10.8734	-6.28161	-15.53343
17.487679999999997	6.28003	10.8734	-6.28161	-15.53343
17.49786	6.28003	10.8734	-6.28161	-15.53343
17.507929999999998	6.28003	10.8734	-6.28161	-15.53343
17.51835	6.28003	10.8734	-6.28161	-15.53343
17.52865	6.28003	10.8734	-6.28161	-15.53343
17.53838	6.28003	10.8734	-6.28161	-15.53343
17.54849	6.28003	10.8734	-6.28161	-15.53343
17.55861	6.28003	10.8734	-6.28161	-15.53343
17.56879	6.28003	10.8734	-6.28161	-15.53343
17.57893	6.28003	10.8734	-6.28161	-15.53343
17.58931	6.28003	10.8734	-6.28161	-15.53343
17.59958	6.28003	10.8734	-6.28161	-15.53343
17.60957	6.28003	10.8734	-6.28161	-15.53343
17.61995	6.28003	10.8734	-6.28161	-15.53343
17.62987	6.28003	10.8734	-6.28161	-15.53343
17.64005	6.28003	10.8734	-6.28161	-15.53343
17.65012	6.28003	10.8734	-6.28161	-15.53343
17.66027	6.28003	10.8734	-6.28161	-15.53343
17.670379999999998	6.28003	10.8734	-6.28161	-15.53343
17.68047	6.28003	10.8734	-6.28161	-15.53343
17.69857	6.28003	10.8734	-6.28161	-15.53343
17.70293	6.28003	10.8734	-6.28161	-15.53343
17.71304	6.28003	10.8734	-6.28161	-15.53343
17.72407	6.28003	10.8734	-6.28161	-15.53343
17.733420000000002	6.28003	10.8734	-6.28161	-15.53343
17.74351	6.28003	10.8734	-6.28161	-15.53343
17.75433	6.28003	10.8734	-6.28161	-15.53343
17.76377	6.28003	10.8734	-6.28161	-15.53343
17.773889999999998	6.28003	10.8734	-6.28161	-15.53343
17.784010000000002	6.28003	10.8734	-6.28161	-15.53343
17.79412	6.28003	10.8734	-6.28161	-15.53343
17.80477	6.28003	10.8734	-6.28161	-15.53343
17.81483	6.28003	10.8734	-6.28161	-15.53343
17.82539	6.28003	10.8734	-6.28161	-15.53343
18.182679999999998	6.28003	10.8734	-6.28161	-15.53343
18.19266	6.28003	10.8734	-6.28161	-15.53343
18.20289	6.28003	10.8734	-6.28161	-15.53343
18.21312	6.28003	10.8734	-6.28161	-15.53343
18.2232	6.28003	10.8734	-6.28161	-15.53343
18.234389999999998	6.28003	10.8734	-6.28161	-15.53343
18.24479	6.28003	10.8734	-6.28161	-15.53343
18.25464	6.28003	10.8734	-6.28161	-15.53343
18.26478	6.28003	10.8734	-6.28161	-15.53343
18.27494	6.28003	10.8734	-6.28161	-15.53343
18.28507	6.28003	10.8734	-6.28161	-15.53343
18.29518	6.28003	10.8734	-6.28161	-15.53343
18.305329999999998	6.28003	10.8734	-6.28161	-15.53343
18.31573	6.28003	10.8734	-6.28161	-15.53343
18.3258	6.28003	10.8734	-6.28161	-15.53343
18.336029999999997	6.28003	10.8734	-6.28161	-15.53343
18.34646	6.28003	10.8734	-6.28161	-15.53343
18.356360000000002	6.28003	10.8734	-6.28161	-15.53343
18.3664	6.28003	10.8734	-6.28161	-15.53343
18.3765	6.28003	10.8734	-6.28161	-15.53343
18.3867	6.28003	10.8734	-6.28161	-15.53343
18.39679	6.28003	10.8734	-6.28161	-15.53343
18.40696	6.28003	10.8734	-6.28161	-15.53343
18.4171	6.28003	10.8734	-6.28161	-15.53343
18.42719	6.28003	10.8734	-6.28161	-15.53343
18.4374	6.28003	10.8734	-6.28161	-15.53343
18.44751	6.28003	10.8734	-6.28161	-15.53343
18.45768	6.28003	10.8734	-6.28161	-15.53343
18.46783	6.28003	10.8734	-6.28161	-15.53343
18.478270000000002	6.28003	10.8734	-6.28161	-15.53343
18.48806	6.28003	10.8734	-6.28161	-15.53343
18.4982	6.28003	10.8734	-6.28161	-15.53343
18.50839	6.28003	10.8734	-6.28161	-15.53343
18.518639999999998	6.28003	10.8734	-6.28161	-15.53343
18.528570000000002	6.28003	10.8734	-6.28161	-15.53343
18.53884	6.28003	10.8734	-6.28161	-15.53343
18.548920000000003	6.28003	10.8734	-6.28161	-15.53343
18.55904	6.28003	10.8734	-6.28161	-15.53343
18.56922	6.28003	10.8734	-6.28161	-15.53343
18.579720000000002	6.28003	10.8734	-6.28161	-15.53343
18.598779999999998	6.28003	10.8734	-6.28161	-15.53343
18.60318	6.28003	10.8734	-6.28161	-15.53343
18.61326	6.28003	10.8734	-6.28161	-15.53343
18.62342	6.28003	10.8734	-6.28161	-15.53343
18.6336	6.28003	10.8734	-6.28161	-15.53343
18.64378	6.28003	10.8734	-6.28161	-15.53343
18.65391	6.28003	10.8734	-6.28161	-15.53343
18.66406	6.28003	10.8734	-6.28161	-15.53343
18.67415	6.28003	10.8734	-6.28161	-15.53343
18.68433	6.28003	10.8734	-6.28161	-15.53343
18.6944	6.28003	10.8734	-6.28161	-15.53343
18.70455	6.28003	10.8734	-6.28161	-15.53343
18.71471	6.28003	10.8734	-6.28161	-15.53343
18.72479	6.28003	10.8734	-6.28161	-15.53343
18.73495	6.28003	10.8734	-6.28161	-15.53343
18.74517	6.28003	10.8734	-6.28161	-15.53343
18.755979999999997	6.28003	10.8734	-6.28161	-15.53343
18.765420000000002	6.28003	10.8734	-6.28161	-15.53343
18.77551	6.28003	10.8734	-6.28161	-15.53343
18.7857	6.28003	10.8734	-6.28161	-15.53343
18.79578	6.28003	10.8734	-6.28161	-15.53343
18.80594	6.28003	10.8734	-6.28161	-15.53343
18.81605	6.28003	10.8734	-6.28161	-15.53343
18.82616	6.28003	10.8734	-6.28161	-15.53343
18.83761	6.28003	10.8734	-6.28161	-15.53343
18.84654	6.28003	10.8734	-6.28161	-15.53343
18.85663	6.28003	10.8734	-6.28161	-15.53343
18.86678	6.28003	10.8734	-6.28161	-15.53343
18.8769	6.28003	10.8734	-6.28161	-15.53343
18.88714	6.28003	10.8734	-6.28161	-15.53343
18.897170000000003	6.28003	10.8734	-6.28161	-15.53343
18.907329999999998	6.28003	10.8734	-6.28161	-15.53343
18.91745	6.28003	10.8734	-6.28161	-15.53343
18.9277	6.28003	10.8734	-6.28161	-15.53343
18.93879	6.28003	10.8734	-6.28161	-15.53343
18.947979999999998	6.28003	10.8734	-6.28161	-15.53343
18.95795	6.28003	10.8734	-6.28161	-15.53343
18.96809	6.28003	10.8734	-6.28161	-15.53343
18.97818	6.28003	10.8734	-6.28161	-15.53343
18.9885	6.28003	10.8734	-6.28161	-15.53343
18.99844	6.28003	10.8734	-6.28161	-15.53343
19.00855	6.28003	10.8734	-6.28161	-15.53343
19.02003	6.28003	10.8734	-6.28161	-15.53343
19.029020000000003	6.28003	10.8734	-6.28161	-15.53343
19.04844	6.28003	10.8734	-6.28161	-15.53343
19.052870000000002	6.28003	10.8734	-6.28161	-15.53343
19.063	6.28003	10.8734	-6.28161	-15.53343
19.07316	6.28003	10.8734	-6.28161	-15.53343
19.08331	6.28003	10.8734	-6.28161	-15.53343
19.09346	6.28003	10.8734	-6.28161	-15.53343
19.10359	6.28003	10.8734	-6.28161	-15.53343
19.11376	6.28003	10.8734	-6.28161	-15.53343
19.12387	6.28003	10.8734	-6.28161	-15.53343
19.133960000000002	6.28003	10.8734	-6.28161	-15.53343
19.14529	6.28003	10.8734	-6.28161	-15.53343
19.15556	6.28003	10.8734	-6.28161	-15.53343
19.165570000000002	6.28003	10.8734	-6.28161	-15.53343
19.17568	6.28003	10.8734	-6.28161	-15.53343
19.18587	6.28003	10.8734	-6.28161	-15.53343
19.19595	6.28003	10.8734	-6.28161	-15.53343
19.20611	6.28003	10.8734	-6.28161	-15.53343
19.21621	6.28003	10.8734	-6.28161	-15.53343
19.22641	6.28003	10.8734	-6.28161	-15.53343
19.23655	6.28003	10.8734	-6.28161	-15.53343
19.24675	6.28003	10.8734	-6.28161	-15.53343
19.25699	6.28003	10.8734	-6.28161	-15.53343
19.26706	6.28003	10.8734	-6.28161	-15.53343
19.27712	6.28003	10.8734	-6.28161	-15.53343
19.2872	6.28003	10.8734	-6.28161	-15.53343
19.29739	6.28003	10.8734	-6.28161	-15.53343
19.3075	6.28003	10.8734	-6.28161	-15.53343
19.317629999999998	6.28003	10.8734	-6.28161	-15.53343
19.32781	6.28003	10.8734	-6.28161	-15.53343
19.338379999999997	6.28003	10.8734	-6.28161	-15.53343
19.348110000000002	6.28003	10.8734	-6.28161	-15.53343
19.358220000000003	6.28003	10.8734	-6.28161	-15.53343
19.36833	6.28003	10.8734	-6.28161	-15.53343
19.378439999999998	6.28003	10.8734	-6.28161	-15.53343
19.38861	6.28003	10.8734	-6.28161	-15.53343
19.39873	6.28003	10.8734	-6.28161	-15.53343
19.40886	6.28003	10.8734	-6.28161	-15.53343
19.41913	6.28003	10.8734	-6.28161	-15.53343
19.429170000000003	6.28003	10.8734	-6.28161	-15.53343
19.43972	6.28003	10.8734	-6.28161	-15.53343
19.44949	6.28003	10.8734	-6.28161	-15.53343
19.45959	6.28003	10.8734	-6.28161	-15.53343
19.46968	6.28003	10.8734	-6.28161	-15.53343
19.479770000000002	6.28003	10.8734	-6.28161	-15.53343
19.48999	6.28003	10.8734	-6.28161	-15.53343
19.50006	6.28003	10.8734	-6.28161	-15.53343
19.510189999999998	6.28003	10.8734	-6.28161	-15.53343
19.520310000000002	6.28003	10.8734	-6.28161	-15.53343
19.53043	6.28003	10.8734	-6.28161	-15.53343
19.55005	6.28003	10.8734	-6.28161	-15.53343
19.55445	6.28003	10.8734	-6.28161	-15.53343
19.56479	6.28003	10.8734	-6.28161	-15.53343
19.57565	6.28003	10.8734	-6.28161	-15.53343
19.58575	6.28003	10.8734	-6.28161	-15.53343
19.5959	6.28003	10.8734	-6.28161	-15.53343
19.60599	6.28003	10.8734	-6.28161	-15.53343
19.61615	6.28003	10.8734	-6.28161	-15.53343
19.62625	6.28003	10.8734	-6.28161	-15.53343
19.63644	6.28003	10.8734	-6.28161	-15.53343
19.64732	6.28003	10.8734	-6.28161	-15.53343
19.65675	6.28003	10.8734	-6.28161	-15.53343
19.66684	6.28003	10.8734	-6.28161	-15.53343
19.67695	6.28003	10.8734	-6.28161	-15.53343
19.68723	6.28003	10.8734	-6.28161	-15.53343
19.69719	6.28003	10.8734	-6.28161	-15.53343
19.70741	6.28003	10.8734	-6.28161	-15.53343
19.717489999999998	6.28003	10.8734	-6.28161	-15.53343
19.727610000000002	6.28003	10.8734	-6.28161	-15.53343
19.73793	6.28003	10.8734	-6.28161	-15.53343
19.74854	6.28003	10.8734	-6.28161	-15.53343
19.75879	6.28003	10.8734	-6.28161	-15.53343
19.76812	6.28003	10.8734	-6.28161	-15.53343
19.77824	6.28003	10.8734	-6.28161	-15.53343
19.78849	6.28003	10.8734	-6.28161	-15.53343
19.79852	6.28003	10.8734	-6.28161	-15.53343
19.80865	6.28003	10.8734	-6.28161	-15.53343
19.81878	6.28003	10.8734	-6.28161	-15.53343
19.828889999999998	6.28003	10.8734	-6.28161	-15.53343
19.83902	6.28003	10.8734	-6.28161	-15.53343
19.85765	6.28003	10.8734	-6.28161	-15.53343
19.86204	6.28003	10.8734	-6.28161	-15.53343
19.87218	6.28003	10.8734	-6.28161	-15.53343
19.882360000000002	6.28003	10.8734	-6.28161	-15.53343
19.89254	6.28003	10.8734	-6.28161	-15.53343
19.90269	6.28003	10.8734	-6.28161	-15.53343
19.9128	6.28003	10.8734	-6.28161	-15.53343
19.92304	6.28003	10.8734	-6.28161	-15.53343
19.9331	6.28003	10.8734	-6.28161	-15.53343
19.94322	6.28003	10.8734	-6.28161	-15.53343
19.95502	6.28003	10.8734	-6.28161	-15.53343
19.96358	6.28003	10.8734	-6.28161	-15.53343
19.973670000000002	6.28003	10.8734	-6.28161	-15.53343
19.983810000000002	6.28003	10.8734	-6.28161	-15.53343
19.99396	6.28003	10.8734	-6.28161	-15.53343
20.00412	6.28003	10.8734	-6.28161	-15.53343
20.01426	6.28003	10.8734	-6.28161	-15.53343
20.02439	6.28003	10.8734	-6.28161	-15.53343
20.03454	6.28003	10.8734	-6.28161	-15.53343
20.04466	6.28003	10.8734	-6.28161	-15.53343
20.055989999999998	6.28003	10.8734	-6.28161	-15.53343
20.065160000000002	6.28003	10.8734	-6.28161	-15.53343
20.07522	6.28003	10.8734	-6.28161	-15.53343
20.085279999999997	6.28003	10.8734	-6.28161	-15.53343
20.09536	6.28003	10.8734	-6.28161	-15.53343
20.10555	6.28003	10.8734	-6.28161	-15.53343
20.11569	6.28003	10.8734	-6.28161	-15.53343
20.12581	6.28003	10.8734	-6.28161	-15.53343
20.13595	6.28003	10.8734	-6.28161	-15.53343
20.146060000000002	6.28003	10.8734	-6.28161	-15.53343
20.15774	6.28003	10.8734	-6.28161	-15.53343
20.16639	6.28003	10.8734	-6.28161	-15.53343
20.17655	6.28003	10.8734	-6.28161	-15.53343
20.18669	6.28003	10.8734	-6.28161	-15.53343
20.19691	6.28003	10.8734	-6.28161	-15.53343
20.20692	6.28003	10.8734	-6.28161	-15.53343
20.217029999999998	6.28003	10.8734	-6.28161	-15.53343
20.22724	6.28003	10.8734	-6.28161	-15.53343
20.237289999999998	6.28003	10.8734	-6.28161	-15.53343
20.24738	6.28003	10.8734	-6.28161	-15.53343
20.25883	6.28003	10.8734	-6.28161	-15.53343
20.26773	6.28003	10.8734	-6.28161	-15.53343
20.277839999999998	6.28003	10.8734	-6.28161	-15.53343
20.28801	6.28003	10.8734	-6.28161	-15.53343
20.298370000000002	6.28003	10.8734	-6.28161	-15.53343
20.308220000000002	6.28003	10.8734	-6.28161	-15.53343
20.31835	6.28003	10.8734	-6.28161	-15.53343
20.32846	6.28003	10.8734	-6.28161	-15.53343
20.33859	6.28003	10.8734	-6.28161	-15.53343
20.34874	6.28003	10.8734	-6.28161	-15.53343
20.36015	6.28003	10.8734	-6.28161	-15.53343
20.36913	6.28003	10.8734	-6.28161	-15.53343
20.3793	6.28003	10.8734	-6.28161	-15.53343
20.38929	6.28003	10.8734	-6.28161	-15.53343
20.39939	6.28003	10.8734	-6.28161	-15.53343
20.40982	6.28003	10.8734	-6.28161	-15.53343
20.41968	6.28003	10.8734	-6.28161	-15.53343
20.42979	6.28003	10.8734	-6.28161	-15.53343
20.4399	6.28003	10.8734	-6.28161	-15.53343
20.450029999999998	6.28003	10.8734	-6.28161	-15.53343
20.46134	6.28003	10.8734	-6.28161	-15.53343
20.47038	6.28003	10.8734	-6.28161	-15.53343
20.48048	6.28003	10.8734	-6.28161	-15.53343
20.49846	6.28003	10.8734	-6.28161	-15.53343
20.502760000000002	6.28003	10.8734	-6.28161	-15.53343
20.51294	6.28003	10.8734	-6.28161	-15.53343
20.52315	6.28003	10.8734	-6.28161	-15.53343
20.53321	6.28003	10.8734	-6.28161	-15.53343
20.543329999999997	6.28003	10.8734	-6.28161	-15.53343
20.55345	6.28003	10.8734	-6.28161	-15.53343
20.56381	6.28003	10.8734	-6.28161	-15.53343
20.573929999999997	6.28003	10.8734	-6.28161	-15.53343
20.584039999999998	6.28003	10.8734	-6.28161	-15.53343
20.60354	6.28003	10.8734	-6.28161	-15.53343
20.60829	6.28003	10.8734	-6.28161	-15.53343
20.61807	6.28003	10.8734	-6.28161	-15.53343
20.62819	6.28003	10.8734	-6.28161	-15.53343
20.63833	6.28003	10.8734	-6.28161	-15.53343
20.648429999999998	6.28003	10.8734	-6.28161	-15.53343
20.65858	6.28003	10.8734	-6.28161	-15.53343
20.67718	6.28003	10.8734	-6.28161	-15.53343
20.681520000000003	6.28003	10.8734	-6.28161	-15.53343
20.69165	6.28003	10.8734	-6.28161	-15.53343
20.70178	6.28003	10.8734	-6.28161	-15.53343
20.71195	6.28003	10.8734	-6.28161	-15.53343
20.722089999999998	6.28003	10.8734	-6.28161	-15.53343
20.73222	6.28003	10.8734	-6.28161	-15.53343
20.74234	6.28003	10.8734	-6.28161	-15.53343
20.752470000000002	6.28003	10.8734	-6.28161	-15.53343
20.763560000000002	6.28003	10.8734	-6.28161	-15.53343
20.77328	6.28003	10.8734	-6.28161	-15.53343
20.783379999999998	6.28003	10.8734	-6.28161	-15.53343
20.79349	6.28003	10.8734	-6.28161	-15.53343
20.80363	6.28003	10.8734	-6.28161	-15.53343
20.8138	6.28003	10.8734	-6.28161	-15.53343
20.82391	6.28003	10.8734	-6.28161	-15.53343
20.83409	6.28003	10.8734	-6.28161	-15.53343
20.84422	6.28003	10.8734	-6.28161	-15.53343
20.8543	6.28003	10.8734	-6.28161	-15.53343
20.86485	6.28003	10.8734	-6.28161	-15.53343
20.87499	6.28003	10.8734	-6.28161	-15.53343
20.885089999999998	6.28003	10.8734	-6.28161	-15.53343
20.895220000000002	6.28003	10.8734	-6.28161	-15.53343
20.9053	6.28003	10.8734	-6.28161	-15.53343
20.91553	6.28003	10.8734	-6.28161	-15.53343
20.92561	6.28003	10.8734	-6.28161	-15.53343
20.93575	6.28003	10.8734	-6.28161	-15.53343
20.945870000000003	6.28003	10.8734	-6.28161	-15.53343
20.95597	6.28003	10.8734	-6.28161	-15.53343
20.96734	6.28003	10.8734	-6.28161	-15.53343
20.97632	6.28003	10.8734	-6.28161	-15.53343
20.9865	6.28003	10.8734	-6.28161	-15.53343
20.99677	6.28003	10.8734	-6.28161	-15.53343
21.006870000000003	6.28003	10.8734	-6.28161	-15.53343
21.01708	6.28003	10.8734	-6.28161	-15.53343
21.02733	6.28003	10.8734	-6.28161	-15.53343
21.037370000000003	6.28003	10.8734	-6.28161	-15.53343
21.04753	6.28003	10.8734	-6.28161	-15.53343
21.05761	6.28003	10.8734	-6.28161	-15.53343
21.069020000000002	6.28003	10.8734	-6.28161	-15.53343
21.07815	6.28003	10.8734	-6.28161	-15.53343
21.08825	6.28003	10.8734	-6.28161	-15.53343
21.09834	6.28003	10.8734	-6.28161	-15.53343
21.108520000000002	6.28003	10.8734	-6.28161	-15.53343
21.11861	6.28003	10.8734	-6.28161	-15.53343
21.128770000000003	6.28003	10.8734	-6.28161	-15.53343
21.13887	6.28003	10.8734	-6.28161	-15.53343
21.148970000000002	6.28003	10.8734	-6.28161	-15.53343
21.16864	6.28003	10.8734	-6.28161	-15.53343
21.17305	6.28003	10.8734	-6.28161	-15.53343
21.18325	6.28003	10.8734	-6.28161	-15.53343
21.19333	6.28003	10.8734	-6.28161	-15.53343
21.20356	6.28003	10.8734	-6.28161	-15.53343
21.21358	6.28003	10.8734	-6.28161	-15.53343
21.223779999999998	6.28003	10.8734	-6.28161	-15.53343
21.23394	6.28003	10.8734	-6.28161	-15.53343
21.24405	6.28003	10.8734	-6.28161	-15.53343
21.254189999999998	6.28003	10.8734	-6.28161	-15.53343
21.26428	6.28003	10.8734	-6.28161	-15.53343
21.27453	6.28003	10.8734	-6.28161	-15.53343
21.28474	6.28003	10.8734	-6.28161	-15.53343
21.29479	6.28003	10.8734	-6.28161	-15.53343
21.3049	6.28003	10.8734	-6.28161	-15.53343
21.31501	6.28003	10.8734	-6.28161	-15.53343
21.3252	6.28003	10.8734	-6.28161	-15.53343
21.33532	6.28003	10.8734	-6.28161	-15.53343
21.34545	6.28003	10.8734	-6.28161	-15.53343
21.355620000000002	6.28003	10.8734	-6.28161	-15.53343
21.36569	6.28003	10.8734	-6.28161	-15.53343
21.37591	6.28003	10.8734	-6.28161	-15.53343
21.386120000000002	6.28003	10.8734	-6.28161	-15.53343
21.39617	6.28003	10.8734	-6.28161	-15.53343
21.40634	6.28003	10.8734	-6.28161	-15.53343
21.41643	6.28003	10.8734	-6.28161	-15.53343
21.4266	6.28003	10.8734	-6.28161	-15.53343
21.43681	6.28003	10.8734	-6.28161	-15.53343
21.44686	6.28003	10.8734	-6.28161	-15.53343
21.45702	6.28003	10.8734	-6.28161	-15.53343
21.46717	6.28003	10.8734	-6.28161	-15.53343
21.47736	6.28003	10.8734	-6.28161	-15.53343
21.48755	6.28003	10.8734	-6.28161	-15.53343
21.49764	6.28003	10.8734	-6.28161	-15.53343
21.507820000000002	6.28003	10.8734	-6.28161	-15.53343
21.51827	6.28003	10.8734	-6.28161	-15.53343
21.52805	6.28003	10.8734	-6.28161	-15.53343
21.53817	6.28003	10.8734	-6.28161	-15.53343
21.548270000000002	6.28003	10.8734	-6.28161	-15.53343
21.55838	6.28003	10.8734	-6.28161	-15.53343
21.56873	6.28003	10.8734	-6.28161	-15.53343
21.57874	6.28003	10.8734	-6.28161	-15.53343
21.58888	6.28003	10.8734	-6.28161	-15.53343
21.59902	6.28003	10.8734	-6.28161	-15.53343
21.60921	6.28003	10.8734	-6.28161	-15.53343
21.61974	6.28003	10.8734	-6.28161	-15.53343
21.62949	6.28003	10.8734	-6.28161	-15.53343
21.63954	6.28003	10.8734	-6.28161	-15.53343
21.64967	6.28003	10.8734	-6.28161	-15.53343
21.65977	6.28003	10.8734	-6.28161	-15.53343
21.67	6.28003	10.8734	-6.28161	-15.53343
21.68009	6.28003	10.8734	-6.28161	-15.53343
21.69022	6.28003	10.8734	-6.28161	-15.53343
21.70041	6.28003	10.8734	-6.28161	-15.53343
21.71048	6.28003	10.8734	-6.28161	-15.53343
21.728939999999998	6.28003	10.8734	-6.28161	-15.53343
21.73329	6.28003	10.8734	-6.28161	-15.53343
21.74341	6.28003	10.8734	-6.28161	-15.53343
21.75356	6.28003	10.8734	-6.28161	-15.53343
21.7644	6.28003	10.8734	-6.28161	-15.53343
21.77565	6.28003	10.8734	-6.28161	-15.53343
21.78464	6.28003	10.8734	-6.28161	-15.53343
21.79475	6.28003	10.8734	-6.28161	-15.53343
21.80494	6.28003	10.8734	-6.28161	-15.53343
21.81501	6.28003	10.8734	-6.28161	-15.53343
21.8252	6.28003	10.8734	-6.28161	-15.53343
21.8354	6.28003	10.8734	-6.28161	-15.53343
21.845470000000002	6.28003	10.8734	-6.28161	-15.53343
21.85559	6.28003	10.8734	-6.28161	-15.53343
21.86569	6.28003	10.8734	-6.28161	-15.53343
21.87705	6.28003	10.8734	-6.28161	-15.53343
21.886039999999998	6.28003	10.8734	-6.28161	-15.53343
21.896179999999998	6.28003	10.8734	-6.28161	-15.53343
21.90629	6.28003	10.8734	-6.28161	-15.53343
21.91638	6.28003	10.8734	-6.28161	-15.53343
21.926560000000002	6.28003	10.8734	-6.28161	-15.53343
21.93672	6.28003	10.8734	-6.28161	-15.53343
21.94677	6.28003	10.8734	-6.28161	-15.53343
21.95694	6.28003	10.8734	-6.28161	-15.53343
21.96715	6.28003	10.8734	-6.28161	-15.53343
21.9784	6.28003	10.8734	-6.28161	-15.53343
21.98742	6.28003	10.8734	-6.28161	-15.53343
21.99744	6.28003	10.8734	-6.28161	-15.53343
22.0076	6.28003	10.8734	-6.28161	-15.53343
22.01771	6.28003	10.8734	-6.28161	-15.53343
22.02787	6.28003	10.8734	-6.28161	-15.53343
22.03803	6.28003	10.8734	-6.28161	-15.53343
22.0481	6.28003	10.8734	-6.28161	-15.53343
22.058220000000002	6.28003	10.8734	-6.28161	-15.53343
22.06867	6.28003	10.8734	-6.28161	-15.53343
22.0796	6.28003	10.8734	-6.28161	-15.53343
22.08867	6.28003	10.8734	-6.28161	-15.53343
22.09875	6.28003	10.8734	-6.28161	-15.53343
22.10894	6.28003	10.8734	-6.28161	-15.53343
22.11903	6.28003	10.8734	-6.28161	-15.53343
22.13746	6.28003	10.8734	-6.28161	-15.53343
22.1418	6.28003	10.8734	-6.28161	-15.53343
22.15203	6.28003	10.8734	-6.28161	-15.53343
22.162329999999997	6.28003	10.8734	-6.28161	-15.53343
22.172220000000003	6.28003	10.8734	-6.28161	-15.53343
22.183510000000002	6.28003	10.8734	-6.28161	-15.53343
22.1936	6.28003	10.8734	-6.28161	-15.53343
22.203789999999998	6.28003	10.8734	-6.28161	-15.53343
22.21388	6.28003	10.8734	-6.28161	-15.53343
22.22403	6.28003	10.8734	-6.28161	-15.53343
22.23424	6.28003	10.8734	-6.28161	-15.53343
22.24437	6.28003	10.8734	-6.28161	-15.53343
22.25449	6.28003	10.8734	-6.28161	-15.53343
22.26461	6.28003	10.8734	-6.28161	-15.53343
22.274729999999998	6.28003	10.8734	-6.28161	-15.53343
22.28499	6.28003	10.8734	-6.28161	-15.53343
22.29506	6.28003	10.8734	-6.28161	-15.53343
22.30556	6.28003	10.8734	-6.28161	-15.53343
22.315479999999997	6.28003	10.8734	-6.28161	-15.53343
22.325470000000003	6.28003	10.8734	-6.28161	-15.53343
22.335639999999998	6.28003	10.8734	-6.28161	-15.53343
22.34577	6.28003	10.8734	-6.28161	-15.53343
22.35592	6.28003	10.8734	-6.28161	-15.53343
22.36606	6.28003	10.8734	-6.28161	-15.53343
22.37613	6.28003	10.8734	-6.28161	-15.53343
22.38638	6.28003	10.8734	-6.28161	-15.53343
22.39644	6.28003	10.8734	-6.28161	-15.53343
22.4067	6.28003	10.8734	-6.28161	-15.53343
22.41684	6.28003	10.8734	-6.28161	-15.53343
22.42706	6.28003	10.8734	-6.28161	-15.53343
22.437089999999998	6.28003	10.8734	-6.28161	-15.53343
22.44714	6.28003	10.8734	-6.28161	-15.53343
22.45733	6.28003	10.8734	-6.28161	-15.53343
22.4675	6.28003	10.8734	-6.28161	-15.53343
22.47754	6.28003	10.8734	-6.28161	-15.53343
22.48784	6.28003	10.8734	-6.28161	-15.53343
22.49796	6.28003	10.8734	-6.28161	-15.53343
22.50804	6.28003	10.8734	-6.28161	-15.53343
22.51817	6.28003	10.8734	-6.28161	-15.53343
22.52851	6.28003	10.8734	-6.28161	-15.53343
22.5384	6.28003	10.8734	-6.28161	-15.53343
22.54855	6.28003	10.8734	-6.28161	-15.53343
22.55864	6.28003	10.8734	-6.28161	-15.53343
22.56895	6.28003	10.8734	-6.28161	-15.53343
22.57892	6.28003	10.8734	-6.28161	-15.53343
22.58916	6.28003	10.8734	-6.28161	-15.53343
22.60899	6.28003	10.8734	-6.28161	-15.53343
22.61337	6.28003	10.8734	-6.28161	-15.53343
22.62346	6.28003	10.8734	-6.28161	-15.53343
22.63364	6.28003	10.8734	-6.28161	-15.53343
22.64379	6.28003	10.8734	-6.28161	-15.53343
22.6539	6.28003	10.8734	-6.28161	-15.53343
22.66404	6.28003	10.8734	-6.28161	-15.53343
22.67416	6.28003	10.8734	-6.28161	-15.53343
22.68544	6.28003	10.8734	-6.28161	-15.53343
22.69445	6.28003	10.8734	-6.28161	-15.53343
22.7046	6.28003	10.8734	-6.28161	-15.53343
22.71474	6.28003	10.8734	-6.28161	-15.53343
22.72491	6.28003	10.8734	-6.28161	-15.53343
22.73508	6.28003	10.8734	-6.28161	-15.53343
22.74524	6.28003	10.8734	-6.28161	-15.53343
22.75545	6.28003	10.8734	-6.28161	-15.53343
22.76606	6.28003	10.8734	-6.28161	-15.53343
22.77616	6.28003	10.8734	-6.28161	-15.53343
22.78679	6.28003	10.8734	-6.28161	-15.53343
22.796429999999997	6.28003	10.8734	-6.28161	-15.53343
22.807010000000002	6.28003	10.8734	-6.28161	-15.53343
22.8171	6.28003	10.8734	-6.28161	-15.53343
22.82723	6.28003	10.8734	-6.28161	-15.53343
22.83738	6.28003	10.8734	-6.28161	-15.53343
22.8475	6.28003	10.8734	-6.28161	-15.53343
22.85761	6.28003	10.8734	-6.28161	-15.53343
22.867829999999998	6.28003	10.8734	-6.28161	-15.53343
22.878239999999998	6.28003	10.8734	-6.28161	-15.53343
22.88918	6.28003	10.8734	-6.28161	-15.53343
22.89855	6.28003	10.8734	-6.28161	-15.53343
22.9084	6.28003	10.8734	-6.28161	-15.53343
22.91854	6.28003	10.8734	-6.28161	-15.53343
22.92868	6.28003	10.8734	-6.28161	-15.53343
22.93879	6.28003	10.8734	-6.28161	-15.53343
22.94895	6.28003	10.8734	-6.28161	-15.53343
22.959120000000002	6.28003	10.8734	-6.28161	-15.53343
22.969260000000002	6.28003	10.8734	-6.28161	-15.53343
22.97937	6.28003	10.8734	-6.28161	-15.53343
22.9904	6.28003	10.8734	-6.28161	-15.53343
22.99975	6.28003	10.8734	-6.28161	-15.53343
23.00966	6.28003	10.8734	-6.28161	-15.53343
23.030839999999998	6.28003	10.8734	-6.28161	-15.53343
23.03517	6.28003	10.8734	-6.28161	-15.53343
23.045360000000002	6.28003	10.8734	-6.28161	-15.53343
23.05547	6.28003	10.8734	-6.28161	-15.53343
23.0656	6.28003	10.8734	-6.28161	-15.53343
23.075789999999998	6.28003	10.8734	-6.28161	-15.53343
23.08585	6.28003	10.8734	-6.28161	-15.53343
23.09608	6.28003	10.8734	-6.28161	-15.53343
23.10623	6.28003	10.8734	-6.28161	-15.53343
23.11634	6.28003	10.8734	-6.28161	-15.53343
23.134520000000002	6.28003	10.8734	-6.28161	-15.53343
23.13887	6.28003	10.8734	-6.28161	-15.53343
23.14904	6.28003	10.8734	-6.28161	-15.53343
23.16702	6.28003	10.8734	-6.28161	-15.53343
23.17141	6.28003	10.8734	-6.28161	-15.53343
23.18144	6.28003	10.8734	-6.28161	-15.53343
23.19275	6.28003	10.8734	-6.28161	-15.53343
23.2018	6.28003	10.8734	-6.28161	-15.53343
23.2119	6.28003	10.8734	-6.28161	-15.53343
23.22202	6.28003	10.8734	-6.28161	-15.53343
23.23218	6.28003	10.8734	-6.28161	-15.53343
23.24237	6.28003	10.8734	-6.28161	-15.53343
23.25248	6.28003	10.8734	-6.28161	-15.53343
23.262620000000002	6.28003	10.8734	-6.28161	-15.53343
23.27279	6.28003	10.8734	-6.28161	-15.53343
23.28288	6.28003	10.8734	-6.28161	-15.53343
23.29403	6.28003	10.8734	-6.28161	-15.53343
23.30324	6.28003	10.8734	-6.28161	-15.53343
23.31335	6.28003	10.8734	-6.28161	-15.53343
23.32355	6.28003	10.8734	-6.28161	-15.53343
23.33364	6.28003	10.8734	-6.28161	-15.53343
23.34379	6.28003	10.8734	-6.28161	-15.53343
23.353939999999998	6.28003	10.8734	-6.28161	-15.53343
23.364079999999998	6.28003	10.8734	-6.28161	-15.53343
23.3742	6.28003	10.8734	-6.28161	-15.53343
23.3843	6.28003	10.8734	-6.28161	-15.53343
23.39536	6.28003	10.8734	-6.28161	-15.53343
23.40467	6.28003	10.8734	-6.28161	-15.53343
23.41473	6.28003	10.8734	-6.28161	-15.53343
23.424889999999998	6.28003	10.8734	-6.28161	-15.53343
23.43529	6.28003	10.8734	-6.28161	-15.53343
23.445120000000003	6.28003	10.8734	-6.28161	-15.53343
23.4553	6.28003	10.8734	-6.28161	-15.53343
23.465410000000002	6.28003	10.8734	-6.28161	-15.53343
23.48795	6.28003	10.8734	-6.28161	-15.53343
23.49257	6.28003	10.8734	-6.28161	-15.53343
23.50275	6.28003	10.8734	-6.28161	-15.53343
23.51304	6.28003	10.8734	-6.28161	-15.53343
23.5231	6.28003	10.8734	-6.28161	-15.53343
23.53333	6.28003	10.8734	-6.28161	-15.53343
23.54353	6.28003	10.8734	-6.28161	-15.53343
23.553720000000002	6.28003	10.8734	-6.28161	-15.53343
23.56399	6.28003	10.8734	-6.28161	-15.53343
23.57413	6.28003	10.8734	-6.28161	-15.53343
23.58427	6.28003	10.8734	-6.28161	-15.53343
23.59447	6.28003	10.8734	-6.28161	-15.53343
23.60466	6.28003	10.8734	-6.28161	-15.53343
23.61488	6.28003	10.8734	-6.28161	-15.53343
23.6251	6.28003	10.8734	-6.28161	-15.53343
23.635289999999998	6.28003	10.8734	-6.28161	-15.53343
23.64548	6.28003	10.8734	-6.28161	-15.53343
23.65568	6.28003	10.8734	-6.28161	-15.53343
23.665879999999998	6.28003	10.8734	-6.28161	-15.53343
23.67608	6.28003	10.8734	-6.28161	-15.53343
23.68628	6.28003	10.8734	-6.28161	-15.53343
23.69687	6.28003	10.8734	-6.28161	-15.53343
23.706960000000002	6.28003	10.8734	-6.28161	-15.53343
23.71688	6.28003	10.8734	-6.28161	-15.53343
23.72705	6.28003	10.8734	-6.28161	-15.53343
23.73728	6.28003	10.8734	-6.28161	-15.53343
23.7476	6.28003	10.8734	-6.28161	-15.53343
23.75769	6.28003	10.8734	-6.28161	-15.53343
23.768	6.28003	10.8734	-6.28161	-15.53343
23.77824	6.28003	10.8734	-6.28161	-15.53343
23.788520000000002	6.28003	10.8734	-6.28161	-15.53343
23.79899	6.28003	10.8734	-6.28161	-15.53343
23.81733	6.28003	10.8734	-6.28161	-15.53343
23.82191	6.28003	10.8734	-6.28161	-15.53343
23.83213	6.28003	10.8734	-6.28161	-15.53343
23.84238	6.28003	10.8734	-6.28161	-15.53343
23.8525	6.28003	10.8734	-6.28161	-15.53343
23.8627	6.28003	10.8734	-6.28161	-15.53343
23.87288	6.28003	10.8734	-6.28161	-15.53343
23.88312	6.28003	10.8734	-6.28161	-15.53343
23.89336	6.28003	10.8734	-6.28161	-15.53343
23.90354	6.28003	10.8734	-6.28161	-15.53343
23.91375	6.28003	10.8734	-6.28161	-15.53343
23.92397	6.28003	10.8734	-6.28161	-15.53343
23.93412	6.28003	10.8734	-6.28161	-15.53343
23.94474	6.28003	10.8734	-6.28161	-15.53343
23.954539999999998	6.28003	10.8734	-6.28161	-15.53343
23.96475	6.28003	10.8734	-6.28161	-15.53343
23.97498	6.28003	10.8734	-6.28161	-15.53343
23.98517	6.28003	10.8734	-6.28161	-15.53343
23.99539	6.28003	10.8734	-6.28161	-15.53343
24.00556	6.28003	10.8734	-6.28161	-15.53343
24.01578	6.28003	10.8734	-6.28161	-15.53343
24.02595	6.28003	10.8734	-6.28161	-15.53343
24.03615	6.28003	10.8734	-6.28161	-15.53343
24.04637	6.28003	10.8734	-6.28161	-15.53343
24.05655	6.28003	10.8734	-6.28161	-15.53343
24.06677	6.28003	10.8734	-6.28161	-15.53343
24.07692	6.28003	10.8734	-6.28161	-15.53343
24.087139999999998	6.28003	10.8734	-6.28161	-15.53343
24.09733	6.28003	10.8734	-6.28161	-15.53343
24.1159	6.28003	10.8734	-6.28161	-15.53343
24.12047	6.28003	10.8734	-6.28161	-15.53343
24.13079	6.28003	10.8734	-6.28161	-15.53343
24.14101	6.28003	10.8734	-6.28161	-15.53343
24.15139	6.28003	10.8734	-6.28161	-15.53343
24.16131	6.28003	10.8734	-6.28161	-15.53343
24.17155	6.28003	10.8734	-6.28161	-15.53343
24.181720000000002	6.28003	10.8734	-6.28161	-15.53343
24.1919	6.28003	10.8734	-6.28161	-15.53343
24.202289999999998	6.28003	10.8734	-6.28161	-15.53343
24.220660000000002	6.28003	10.8734	-6.28161	-15.53343
24.22524	6.28003	10.8734	-6.28161	-15.53343
24.23545	6.28003	10.8734	-6.28161	-15.53343
24.24568	6.28003	10.8734	-6.28161	-15.53343
24.25584	6.28003	10.8734	-6.28161	-15.53343
24.2661	6.28003	10.8734	-6.28161	-15.53343
24.27625	6.28003	10.8734	-6.28161	-15.53343
24.28645	6.28003	10.8734	-6.28161	-15.53343
24.29678	6.28003	10.8734	-6.28161	-15.53343
24.306820000000002	6.28003	10.8734	-6.28161	-15.53343
24.31704	6.28003	10.8734	-6.28161	-15.53343
24.32715	6.28003	10.8734	-6.28161	-15.53343
24.33742	6.28003	10.8734	-6.28161	-15.53343
24.3477	6.28003	10.8734	-6.28161	-15.53343
24.3579	6.28003	10.8734	-6.28161	-15.53343
24.368000000000002	6.28003	10.8734	-6.28161	-15.53343
24.37828	6.28003	10.8734	-6.28161	-15.53343
24.3884	6.28003	10.8734	-6.28161	-15.53343
24.39866	6.28003	10.8734	-6.28161	-15.53343
24.40894	6.28003	10.8734	-6.28161	-15.53343
24.41899	6.28003	10.8734	-6.28161	-15.53343
24.42931	6.28003	10.8734	-6.28161	-15.53343
24.43948	6.28003	10.8734	-6.28161	-15.53343
24.449820000000003	6.28003	10.8734	-6.28161	-15.53343
24.45992	6.28003	10.8734	-6.28161	-15.53343
24.47005	6.28003	10.8734	-6.28161	-15.53343
24.48023	6.28003	10.8734	-6.28161	-15.53343
24.49053	6.28003	10.8734	-6.28161	-15.53343
24.50093	6.28003	10.8734	-6.28161	-15.53343
24.51095	6.28003	10.8734	-6.28161	-15.53343
24.52115	6.28003	10.8734	-6.28161	-15.53343
24.53124	6.28003	10.8734	-6.28161	-15.53343
24.54147	6.28003	10.8734	-6.28161	-15.53343
24.55165	6.28003	10.8734	-6.28161	-15.53343
24.56181	6.28003	10.8734	-6.28161	-15.53343
24.5721	6.28003	10.8734	-6.28161	-15.53343
24.58221	6.28003	10.8734	-6.28161	-15.53343
24.5924	6.28003	10.8734	-6.28161	-15.53343
24.60347	6.28003	10.8734	-6.28161	-15.53343
24.61311	6.28003	10.8734	-6.28161	-15.53343
24.622970000000002	6.28003	10.8734	-6.28161	-15.53343
24.6332	6.28003	10.8734	-6.28161	-15.53343
24.64336	6.28003	10.8734	-6.28161	-15.53343
24.65356	6.28003	10.8734	-6.28161	-15.53343
24.66374	6.28003	10.8734	-6.28161	-15.53343
24.67395	6.28003	10.8734	-6.28161	-15.53343
24.68419	6.28003	10.8734	-6.28161	-15.53343
24.69425	6.28003	10.8734	-6.28161	-15.53343
24.70494	6.28003	10.8734	-6.28161	-15.53343
24.71472	6.28003	10.8734	-6.28161	-15.53343
24.724829999999997	6.28003	10.8734	-6.28161	-15.53343
24.73493	6.28003	10.8734	-6.28161	-15.53343
24.745070000000002	6.28003	10.8734	-6.28161	-15.53343
24.75524	6.28003	10.8734	-6.28161	-15.53343
24.7664	6.28003	10.8734	-6.28161	-15.53343
24.775470000000002	6.28003	10.8734	-6.28161	-15.53343
24.78557	6.28003	10.8734	-6.28161	-15.53343
24.79574	6.28003	10.8734	-6.28161	-15.53343
24.80626	6.28003	10.8734	-6.28161	-15.53343
24.81606	6.28003	10.8734	-6.28161	-15.53343
24.82619	6.28003	10.8734	-6.28161	-15.53343
24.8363	6.28003	10.8734	-6.28161	-15.53343
24.8464	6.28003	10.8734	-6.28161	-15.53343
24.85674	6.28003	10.8734	-6.28161	-15.53343
24.86695	6.28003	10.8734	-6.28161	-15.53343
24.87712	6.28003	10.8734	-6.28161	-15.53343
24.88719	6.28003	10.8734	-6.28161	-15.53343
24.89726	6.28003	10.8734	-6.28161	-15.53343
24.91649	6.28003	10.8734	-6.28161	-15.53343
24.92095	6.28003	10.8734	-6.28161	-15.53343
24.9311	6.28003	10.8734	-6.28161	-15.53343
24.94122	6.28003	10.8734	-6.28161	-15.53343
24.95139	6.28003	10.8734	-6.28161	-15.53343
24.96155	6.28003	10.8734	-6.28161	-15.53343
24.97174	6.28003	10.8734	-6.28161	-15.53343
24.98183	6.28003	10.8734	-6.28161	-15.53343
24.99192	6.28003	10.8734	-6.28161	-15.53343
25.0021	6.28003	10.8734	-6.28161	-15.53343
25.01248	6.28003	10.8734	-6.28161	-15.53343
25.0325	6.28003	10.8734	-6.28161	-15.53343
25.036839999999998	6.28003	10.8734	-6.28161	-15.53343
25.04715	6.28003	10.8734	-6.28161	-15.53343
25.057129999999997	6.28003	10.8734	-6.28161	-15.53343
25.06728	6.28003	10.8734	-6.28161	-15.53343
25.07745	6.28003	10.8734	-6.28161	-15.53343
25.08754	6.28003	10.8734	-6.28161	-15.53343
25.097620000000003	6.28003	10.8734	-6.28161	-15.53343
25.108539999999998	6.28003	10.8734	-6.28161	-15.53343
25.1261	6.28003	10.8734	-6.28161	-15.53343
25.13046	6.28003	10.8734	-6.28161	-15.53343
25.14065	6.28003	10.8734	-6.28161	-15.53343
25.1507	6.28003	10.8734	-6.28161	-15.53343
25.1612	6.28003	10.8734	-6.28161	-15.53343
25.17125	6.28003	10.8734	-6.28161	-15.53343
25.1814	6.28003	10.8734	-6.28161	-15.53343
25.1915	6.28003	10.8734	-6.28161	-15.53343
25.20164	6.28003	10.8734	-6.28161	-15.53343
25.21249	6.28003	10.8734	-6.28161	-15.53343
25.222620000000003	6.28003	10.8734	-6.28161	-15.53343
25.23275	6.28003	10.8734	-6.28161	-15.53343
25.24289	6.28003	10.8734	-6.28161	-15.53343
25.25306	6.28003	10.8734	-6.28161	-15.53343
25.26318	6.28003	10.8734	-6.28161	-15.53343
25.273310000000002	6.28003	10.8734	-6.28161	-15.53343
25.28357	6.28003	10.8734	-6.28161	-15.53343
25.29363	6.28003	10.8734	-6.28161	-15.53343
25.303720000000002	6.28003	10.8734	-6.28161	-15.53343
25.31397	6.28003	10.8734	-6.28161	-15.53343
25.324089999999998	6.28003	10.8734	-6.28161	-15.53343
25.3342	6.28003	10.8734	-6.28161	-15.53343
25.34436	6.28003	10.8734	-6.28161	-15.53343
25.354470000000003	6.28003	10.8734	-6.28161	-15.53343
25.364639999999998	6.28003	10.8734	-6.28161	-15.53343
25.3748	6.28003	10.8734	-6.28161	-15.53343
25.38492	6.28003	10.8734	-6.28161	-15.53343
25.39505	6.28003	10.8734	-6.28161	-15.53343
25.40521	6.28003	10.8734	-6.28161	-15.53343
25.41539	6.28003	10.8734	-6.28161	-15.53343
25.42555	6.28003	10.8734	-6.28161	-15.53343
25.43575	6.28003	10.8734	-6.28161	-15.53343
25.44577	6.28003	10.8734	-6.28161	-15.53343
25.45589	6.28003	10.8734	-6.28161	-15.53343
25.466070000000002	6.28003	10.8734	-6.28161	-15.53343
25.476210000000002	6.28003	10.8734	-6.28161	-15.53343
25.48639	6.28003	10.8734	-6.28161	-15.53343
25.4965	6.28003	10.8734	-6.28161	-15.53343
25.506610000000002	6.28003	10.8734	-6.28161	-15.53343
25.51686	6.28003	10.8734	-6.28161	-15.53343
25.52695	6.28003	10.8734	-6.28161	-15.53343
25.53706	6.28003	10.8734	-6.28161	-15.53343
25.5472	6.28003	10.8734	-6.28161	-15.53343
25.55729	6.28003	10.8734	-6.28161	-15.53343
25.56747	6.28003	10.8734	-6.28161	-15.53343
25.57762	6.28003	10.8734	-6.28161	-15.53343
25.58783	6.28003	10.8734	-6.28161	-15.53343
25.597920000000002	6.28003	10.8734	-6.28161	-15.53343
25.61729	6.28003	10.8734	-6.28161	-15.53343
25.62199	6.28003	10.8734	-6.28161	-15.53343
25.63182	6.28003	10.8734	-6.28161	-15.53343
25.64193	6.28003	10.8734	-6.28161	-15.53343
25.652079999999998	6.28003	10.8734	-6.28161	-15.53343
25.66224	6.28003	10.8734	-6.28161	-15.53343
25.67236	6.28003	10.8734	-6.28161	-15.53343
25.682489999999998	6.28003	10.8734	-6.28161	-15.53343
25.69264	6.28003	10.8734	-6.28161	-15.53343
25.702779999999997	6.28003	10.8734	-6.28161	-15.53343
25.71292	6.28003	10.8734	-6.28161	-15.53343
25.72466	6.28003	10.8734	-6.28161	-15.53343
25.749760000000002	6.28003	10.8734	-6.28161	-15.53343
25.754379999999998	6.28003	10.8734	-6.28161	-15.53343
