39.68454	189.301702	189.394404	-188.70829	-188.731179	
39.68892	189.302376	189.394404	-188.708964	-188.757359	
39.69909	189.304741	189.385677	-188.711329	-188.774812	
39.70928	189.307735	189.368224	-188.714323	-188.792265	
39.71934	189.311289	189.350771	-188.717877	-188.792265	
39.72944	189.315479	189.333317	-188.722067	-188.783539	
39.7398	189.320424	189.307137	-188.727012	-188.774812	
39.74993	189.325864	189.280957	-188.732452	-188.757359	
39.76002	189.331899	189.254777	-188.738487	-188.739905	
39.77013	189.338558	189.246051	-188.745146	-188.722452	
39.78036	189.345929	189.237324	-188.752517	-188.704999	
39.79048	189.353828	189.246051	-188.760416	-188.696272	
39.80064	189.362383	189.254777	-188.768971	-188.687545	
39.81093	189.371679	189.272231	-188.778268	-188.696272	
39.82092	189.381297	189.298411	-188.787885	-188.704999	
39.83122	189.391867	189.324591	-188.798455	-188.722452	
39.84117	189.402659	189.359497	-188.809247	-188.739905	
39.85138	189.414366	189.394404	-188.820954	-188.766085	
39.86146	189.426516	189.42931	-188.833104	-188.792265	
39.87161	189.439387	189.464217	-188.845975	-188.827172	
39.88176	189.452872	189.499124	-188.85946	-188.853352	
39.89194	189.467019	189.525303	-188.873607	-188.888258	
39.90208	189.481716	189.56021	-188.888305	-188.923165	
39.91216	189.496944	189.577663	-188.903532	-188.958071	
39.92228	189.512852	189.577663	-188.91944	-189.001705	
39.94223	189.547197	189.577663	-188.953785	-189.045338	
39.94662	189.554658	189.577663	-188.961246	-189.054065	
39.95688	189.572911	189.568937	-188.979499	-189.054065	
39.96711	189.591754	189.568937	-188.998342	-189.062791	
39.97746	189.611449	189.577663	-189.018038	-189.054065	
39.98753	189.631216	189.58639	-189.037804	-189.045338	
39.99741	189.651177	189.603843	-189.057765	-189.036611	
40.00752	189.672239	189.621297	-189.078827	-189.036611	
40.01769	189.694045	189.647477	-189.100633	-189.036611	
40.03605	189.735875	189.673656	-189.142463	-189.054065	
40.04042	189.745751	189.71729	-189.152339	-189.071518	
40.05058	189.769559	189.74347	-189.176147	-189.088971	
40.06078	189.794067	189.778376	-189.200655	-189.123878	
40.07081	189.81876	189.813283	-189.225348	-189.150058	
40.08137	189.845457	189.856916	-189.252045	-189.184964	
40.09154	189.871771	189.891823	-189.278359	-189.219871	
40.10168	189.898633	189.926729	-189.305221	-189.263504	
40.1118	189.926014	189.970362	-189.332602	-189.298411	
40.1219	189.954065	190.013996	-189.360653	-189.342044	
40.13205	189.982729	190.057629	-189.389317	-189.385677	
40.14219	190.012014	190.101262	-189.418602	-189.42931	
40.15231	190.041903	190.153622	-189.448491	-189.472944	
40.16245	190.072432	190.188529	-189.47902	-189.525303	
40.17267	190.103875	190.214709	-189.510463	-189.568937	
40.18287	190.135842	190.232162	-189.54243	-189.621297	
40.193	190.168225	190.240888	-189.574813	-189.66493	
40.20319	190.201399	190.240888	-189.607987	-189.71729	
40.21331	190.235001	190.240888	-189.641589	-189.76965	
40.22338	190.269	190.249615	-189.675588	-189.804556	
40.23356	190.304027	190.258342	-189.710615	-189.839463	
40.2437	190.33951	190.275795	-189.746098	-189.856916	
40.25387	190.375717	190.293248	-189.782305	-189.865643	
40.26396	190.412268	190.310702	-189.818857	-189.865643	
40.27409	190.449571	190.336882	-189.856159	-189.874369	
40.28431	190.487835	190.371788	-189.894423	-189.883096	
40.29443	190.526335	190.397968	-189.932923	-189.891823	
40.30453	190.565351	190.441601	-189.971939	-189.909276	
40.31469	190.605248	190.485235	-190.011836	-189.935456	
40.32482	190.645622	190.537594	-190.05221	-189.961636	
40.33496	190.686702	190.589954	-190.09329	-189.996542	
40.34515	190.728555	190.642314	-190.135143	-190.031449	
40.35533	190.771005	190.694674	-190.177593	-190.066356	
40.36543	190.813749	190.755761	-190.220337	-190.109989	
40.37573	190.85796	190.816847	-190.264548	-190.153622	
40.38568	190.90127	190.877934	-190.307858	-190.205982	
40.39591	190.946385	190.93902	-190.352973	-190.258342	
40.40605	190.99174	191.008833	-190.398328	-190.310702	
40.41824	191.047293	191.06992	-190.453881	-190.371788	
40.42623	191.083958	191.131006	-190.490546	-190.432875	
40.43633	191.130976	191.183366	-190.537564	-190.493961	
40.44647	191.178789	191.244453	-190.585377	-190.563774	
40.45661	191.227238	191.305539	-190.633826	-190.624861	
40.46684	191.276763	191.357899	-190.683351	-190.694674	
40.47705	191.326811	191.410259	-190.733399	-190.755761	
40.48706	191.376419	191.462619	-190.783008	-190.825574	
40.49721	191.427415	191.523705	-190.834003	-190.88666	
40.50734	191.478869	191.567339	-190.885457	-190.956473	
40.51743	191.53075	191.619699	-190.937338	-191.01756	
40.52757	191.583538	191.672058	-190.990126	-191.078647	
40.53776	191.637184	191.724418	-191.043772	-191.139733	
40.54792	191.691291	191.768052	-191.097879	-191.20082	
40.55804	191.745771	191.820411	-191.152359	-191.253179	
40.5682	191.801109	191.864045	-191.207697	-191.314266	
40.57855	191.858158	191.916405	-191.264746	-191.375352	
40.58843	191.913189	191.960038	-191.319777	-191.427712	
40.59854	191.970088	192.003671	-191.376676	-191.488799	
40.60864	192.027524	192.056031	-191.434112	-191.541159	
40.61877	192.085782	192.099664	-191.49237	-191.602245	
40.62893	192.144821	192.152024	-191.551409	-191.654605	
40.63903	192.204152	192.195657	-191.61074	-191.706965	
40.6492	192.264504	192.248017	-191.671092	-191.759325	
40.65937	192.325435	192.300377	-191.732023	-191.811685	
40.66939	192.386101	192.352737	-191.792689	-191.864045	
40.67978	192.44966	192.405097	-191.856248	-191.925131	
40.69004	192.511176	192.457457	-191.917764	-191.977491	
40.70018	192.571386	192.509816	-191.977974	-192.029851	
40.7103	192.63082	192.570903	-192.037408	-192.090937	
40.72039	192.68946	192.63199	-192.096048	-192.143297	
40.73057	192.748089	192.693076	-192.154677	-192.195657	
40.74074	192.806021	192.754163	-192.21261	-192.256744	
40.75084	192.862949	192.823976	-192.269537	-192.309104	
40.76097	192.919417	192.885062	-192.326005	-192.37019	
40.77111	192.975372	192.946149	-192.38196	-192.42255	
40.78122	193.030542	193.015962	-192.43713	-192.483637	
40.79143	193.085635	193.085775	-192.492223	-192.544723	
40.80159	193.139872	193.146862	-192.54646	-192.597083	
40.81174	193.193422	193.207948	-192.60001	-192.649443	
40.82214	193.247646	193.277761	-192.654234	-192.719256	
40.83218	193.299425	193.338848	-192.706013	-192.771616	
40.84279	193.353512	193.399934	-192.7601	-192.823976	
40.85264	193.403059	193.469748	-192.809647	-192.885062	
40.86265	193.452882	193.522107	-192.85947	-192.946149	
40.87275	193.502574	193.591921	-192.909162	-192.998509	
40.88287	193.551746	193.644281	-192.958334	-193.050869	
40.8931	193.600853	193.69664	-193.007441	-193.111955	
40.9032	193.648631	193.757727	-193.055219	-193.173042	
40.91335	193.696142	193.810087	-193.102731	-193.216675	
40.9235	193.743043	193.862447	-193.149631	-193.269035	
40.93357	193.788926	193.914807	-193.195515	-193.303941	
40.94376	193.834793	193.967166	-193.241381	-193.330121	
40.9539	193.879841	194.0108	-193.286429	-193.347575	
40.96403	193.924224	194.03698	-193.330812	-193.356301	
40.97421	193.968208	194.054433	-193.374796	-193.373754	
40.98427	194.011076	194.06316	-193.417664	-193.391208	
40.9945	194.054074	194.080613	-193.460662	-193.417388	
41.00471	194.096369	194.089339	-193.502958	-193.443568	
41.01476	194.137415	194.106793	-193.544003	-193.478474	
41.02486	194.178062	194.132973	-193.58465	-193.513381	
41.03497	194.218146	194.150426	-193.624734	-193.557014	
41.04566	194.259829	194.176606	-193.666417	-193.591921	
41.0556	194.298038	194.202786	-193.704626	-193.635554	
41.06571	194.336313	194.237692	-193.742901	-193.679187	
41.07579	194.373911	194.272599	-193.780499	-193.72282	
41.08594	194.411129	194.307506	-193.817717	-193.766454	
41.09612	194.447859	194.351139	-193.854447	-193.818813	
41.10628	194.48389	194.394772	-193.890478	-193.871173	
41.11644	194.519331	194.438405	-193.925919	-193.923533	
41.12654	194.55401	194.490765	-193.960598	-193.975893	
41.13698	194.58916	194.534398	-193.995748	-194.028253	
41.14676	194.62156	194.586758	-194.028148	-194.080613	
41.15691	194.654604	194.639118	-194.061192	-194.132973	
41.16703	194.686918	194.682751	-194.093506	-194.185333	
41.17712	194.718562	194.735111	-194.12515	-194.237692	
41.18732	194.749964	194.778745	-194.156552	-194.272599	
41.19748	194.780619	194.831104	-194.187207	-194.290052	
41.20758	194.810504	194.883464	-194.217092	-194.298779	
41.21775	194.840018	194.927098	-194.246606	-194.307506	
41.2279	194.868867	194.970731	-194.275455	-194.307506	
41.23833	194.897882	195.014364	-194.30447	-194.298779	
41.2481	194.924489	195.031817	-194.331077	-194.298779	
41.25823	194.951519	195.049271	-194.358108	-194.307506	
41.26833	194.977852	195.057997	-194.38444	-194.316232	
41.27842	195.003593	195.057997	-194.410181	-194.324959	
41.2886	195.028967	195.057997	-194.435555	-194.351139	
41.29877	195.05373	195.049271	-194.460318	-194.368592	
41.3089	195.077789	195.049271	-194.484377	-194.394772	
41.31895	195.101073	195.057997	-194.507661	-194.429679	
41.32911	195.124033	195.07545	-194.530621	-194.464585	
41.34757	195.163349	195.10163	-194.569937	-194.525672	
41.35193	195.172706	195.110357	-194.579294	-194.543125	
41.36211	195.193788	195.12781	-194.600376	-194.578032	
41.37224	195.214192	195.15399	-194.62078	-194.621665	
41.38234	195.233937	195.18017	-194.640525	-194.656571	
41.39308	195.254307	195.20635	-194.660896	-194.708931	
41.40266	195.27194	195.23253	-194.678528	-194.752565	
41.41283	195.290079	195.267437	-194.696667	-194.787471	
41.42293	195.307523	195.302343	-194.714111	-194.813651	
41.43306	195.324449	195.33725	-194.731037	-194.831104	
41.44321	195.340819	195.372156	-194.747408	-194.848558	
41.45328	195.356498	195.407063	-194.763086	-194.848558	
41.46346	195.371777	195.44197	-194.778365	-194.839831	
41.47359	195.386401	195.476876	-194.792989	-194.831104	
41.48369	195.400423	195.49433	-194.807011	-194.813651	
41.49429	195.414511	195.503056	-194.821099	-194.796198	
41.50401	195.426915	195.511783	-194.833503	-194.778745	
41.51415	195.439282	195.503056	-194.84587	-194.761291	
41.52425	195.451053	195.49433	-194.857641	-194.752565	
41.53436	195.462278	195.476876	-194.868866	-194.752565	
41.54475	195.473224	195.46815	-194.879812	-194.761291	
41.55468	195.48317	195.450696	-194.889758	-194.770018	
41.56482	195.492759	195.44197	-194.899347	-194.787471	
41.57496	195.501803	195.44197	-194.908391	-194.804924	
41.58503	195.510258	195.450696	-194.916847	-194.831104	
41.59557	195.518516	195.46815	-194.925104	-194.857284	
41.60538	195.525708	195.476876	-194.932296	-194.883464	
41.61548	195.532595	195.503056	-194.939183	-194.918371	
41.62561	195.53897	195.529236	-194.945558	-194.953277	
41.63577	195.544856	195.555416	-194.951444	-194.988184	
41.64592	195.550222	195.581596	-194.95681	-195.005637	
41.65601	195.55506	195.607776	-194.961648	-195.031817	
41.66617	195.559445	195.616503	-194.966033	-195.040544	
41.67626	195.563327	195.616503	-194.969915	-195.040544	
41.68664	195.566831	195.616503	-194.973419	-195.031817	
41.69677	195.569811	195.616503	-194.976399	-195.023091	
41.70669	195.572322	195.599049	-194.97891	-195.005637	
41.71682	195.574476	195.581596	-194.981064	-194.988184	
41.72688	195.576241	195.564143	-194.982829	-194.970731	
41.737	195.581596	195.537963	-194.988184	-194.953277	
41.74719	195.581596	195.511783	-194.988184	-194.918371	
41.75733	195.581596	195.503056	-194.988184	-194.900918	
41.76741	195.581596	195.503056	-194.988184	-194.883464	
41.77755	195.581596	195.511783	-194.988184	-194.883464	
41.78771	195.581596	195.511783	-194.988184	-194.883464	
41.79937	195.581596	195.529236	-194.988184	-194.892191	
41.80799	195.581596	195.546689	-194.988184	-194.900918	
41.81815	195.581596	195.572869	-194.988184	-194.918371	
41.82823	195.581596	195.599049	-194.988184	-194.944551	
41.83833	195.581596	195.625229	-194.988184	-194.962004	
41.84859	195.581596	195.651409	-194.988184	-194.988184	
41.85863	195.581596	195.668862	-194.988184	-195.023091	
41.86881	195.581596	195.677589	-194.988184	-195.040544	
41.87882	195.581596	195.668862	-194.988184	-195.066724	
41.88895	195.581596	195.668862	-194.988184	-195.07545	
