6.009213	0.0	0.0	0.0	0.0
6.019304	0.00167	0.0	-0.00167	0.0
6.029444	0.00397	0.0	-0.00397	0.0
6.039529	0.00687	0.00873	-0.00687	-0.00873
6.04966	0.0104	0.01745	-0.0104	-0.01745
6.059918	0.0146	0.03491	-0.0146	-0.03491
6.069969	0.01933	0.05236	-0.01932	-0.04363
6.080088	0.02469	0.07854	-0.02469	-0.06109
6.090187	0.03066	0.08727	-0.03066	-0.06981
6.100569	0.03746	0.08727	-0.03746	-0.06981
6.110998	0.04494	0.08727	-0.04494	-0.06109
6.121201999999999	0.05287	0.07854	-0.05287	-0.04363
6.131312	0.06134	0.06981	-0.06134	-0.03491
6.1414040000000005	0.07041	0.05236	-0.07041	-0.03491
6.151859	0.08048	0.03491	-0.08048	-0.03491
6.161646	0.09044	0.03491	-0.09044	-0.04363
6.171794	0.10141	0.03491	-0.10141	-0.05236
6.181897	0.11295	0.03491	-0.11295	-0.06981
6.191978	0.12506	0.05236	-0.12506	-0.08727
6.202175	0.13795	0.06981	-0.13795	-0.11345
6.212322	0.15138	0.08727	-0.15138	-0.13963
6.222498000000001	0.16548	0.11345	-0.16548	-0.16581
6.232646	0.18015	0.13963	-0.18015	-0.19199
6.242743	0.19542	0.17453	-0.19542	-0.22689
6.253469	0.21224	0.20944	-0.21224	-0.2618
6.263251	0.22816	0.23562	-0.22816	-0.29671
6.273394000000001	0.24531	0.27053	-0.24531	-0.32289
6.283535	0.26308	0.29671	-0.26308	-0.34034
6.293642	0.28139	0.33161	-0.28139	-0.34907
6.303799	0.30041	0.36652	-0.30041	-0.35779
6.314013	0.32018	0.41015	-0.32018	-0.35779
6.324177	0.34045	0.43633	-0.34046	-0.34907
6.3343050000000005	0.36127	0.46251	-0.36127	-0.34907
6.3443760000000005	0.38259	0.47124	-0.38259	-0.34907
6.354553	0.40475	0.47124	-0.40475	-0.35779
6.364694999999999	0.42745	0.47124	-0.42745	-0.36652
6.374823	0.45074	0.47124	-0.45074	-0.38397
6.384967	0.47467	0.47124	-0.47467	-0.40142
6.395075	0.49914	0.47124	-0.49914	-0.4276
6.405309	0.52455	0.47996	-0.52455	-0.45379
6.415422	0.55026	0.49742	-0.55026	-0.48869
6.425505	0.57651	0.50614	-0.57651	-0.5236
6.4356860000000005	0.60364	0.53232	-0.60364	-0.5585
6.4458150000000005	0.63124	0.5585	-0.63124	-0.59341
6.455914	0.65936	0.57596	-0.65936	-0.63704
6.466083	0.68832	0.61086	-0.68832	-0.68068
6.476223	0.7178	0.64577	-0.7178	-0.72431
6.48635	0.74785	0.68068	-0.74786	-0.76794
6.496476	0.77852	0.71559	-0.77852	-0.8203
6.5065669999999995	0.8097	0.75922	-0.80971	-0.86394
6.516756	0.84182	0.80285	-0.84182	-0.90757
6.5269449999999996	0.87454	0.84648	-0.87454	-0.95993
6.537047	0.90759	0.89012	-0.90759	-1.01229
6.5471900000000005	0.9414	0.94248	-0.9414	-1.05592
6.5573429999999995	0.97586	0.99484	-0.97586	-1.09956
6.56747	1.01085	1.03847	-1.01086	-1.11701
6.5775809999999995	1.0464	1.09083	-1.0464	-1.14319
6.587704	1.0826	1.13446	-1.0826	-1.15192
6.597856	1.11954	1.18682	-1.11953	-1.15192
6.607937	1.1568	1.23046	-1.1568	-1.15192
6.618299	1.19579	1.28282	-1.19579	-1.16937
6.62833	1.2341	1.32645	-1.2341	-1.1781
6.638444	1.27334	1.37881	-1.27334	-1.19555
6.6486149999999995	1.31344	1.42244	-1.31344	-1.22173
6.65895	1.35548	1.4748	-1.35548	-1.24791
6.6689039999999995	1.39528	1.51844	-1.39528	-1.28282
6.679017	1.43697	1.56207	-1.43697	-1.32645
6.689141	1.47933	1.58825	-1.47933	-1.36136
6.699253999999999	1.52228	1.6057	-1.52228	-1.40499
6.7094119999999995	1.56605	1.62316	-1.56605	-1.44862
6.719765	1.61128	1.64934	-1.61128	-1.50098
6.7297	1.65526	1.66679	-1.65526	-1.55334
6.739953	1.70132	1.69297	-1.70132	-1.6057
6.749938	1.74671	1.72788	-1.74671	-1.66679
6.760385	1.79493	1.75406	-1.79493	-1.72788
6.770303999999999	1.84125	1.78896	-1.84126	-1.79769
6.780296000000001	1.88854	1.82387	-1.88854	-1.85878
6.792486	1.94721	1.85877	-1.94721	-1.92859
6.800528	1.98616	1.90241	-1.98616	-1.9984
6.812047	2.04294	1.93731	-2.04294	-2.05949
6.820949000000001	2.0872	1.98968	-2.0872	-2.1293
6.832459	2.14616	2.04203	-2.14616	-2.19911
6.850161	2.23687	2.14675	-2.23687	-2.32129
6.854487	2.25917	2.16421	-2.25917	-2.34747
6.864665	2.31252	2.22529	-2.31252	-2.40855
6.87478	2.36609	2.28638	-2.36609	-2.46964
6.884947	2.42059	2.35619	-2.42059	-2.53073
6.895064	2.47543	2.41728	-2.47543	-2.58309
6.905155000000001	2.53073	2.48709	-2.53073	-2.64417
6.915305	2.58701	2.54818	-2.58701	-2.70526
6.93372	2.69157	2.67035	-2.69157	-2.80998
6.93808	2.7162	2.70526	-2.7162	-2.82743
6.948223	2.77443	2.77507	-2.77442	-2.88852
6.958346000000001	2.83316	2.83616	-2.83316	-2.94088
6.9684539999999995	2.89239	2.90597	-2.89239	-2.99324
6.978797999999999	2.95388	2.96706	-2.95388	-3.0456
6.988758	3.01326	3.03687	-3.01326	-3.10669
6.999175999999999	3.07628	3.10669	-3.07628	-3.15032
7.009189	3.1374	3.16777	-3.1374	-3.21141
7.020425	3.20456	3.22886	-3.20456	-3.26376
7.029494000000001	3.2583	3.28994	-3.2583	-3.31612
7.039549000000001	3.31727	3.35103	-3.31727	-3.36849
7.049681	3.37612	3.41212	-3.37612	-3.42084
7.059761999999999	3.4341	3.4732	-3.4341	-3.4732
7.06997	3.49214	3.53429	-3.49214	-3.53429
7.080073	3.54902	3.59538	-3.54902	-3.58665
7.090196000000001	3.60541	3.64774	-3.60541	-3.64774
7.100288000000001	3.66102	3.70882	-3.66102	-3.7001
7.11056	3.71703	3.76991	-3.71703	-3.75246
7.121747	3.77726	3.82227	-3.77726	-3.81354
7.131042	3.82681	3.88336	-3.82681	-3.87463
7.141245	3.88059	3.93572	-3.88059	-3.92699
7.1513	3.933	3.98808	-3.933	-3.97935
7.16178	3.98699	4.04044	-3.98699	-4.04044
7.171558	4.03679	4.0928	-4.03679	-4.0928
7.181686	4.0878	4.15388	-4.0878	-4.15388
7.19176	4.13792	4.20624	-4.13792	-4.20624
7.201894	4.18776	4.2586	-4.18776	-4.26733
7.212095	4.23731	4.30224	-4.23731	-4.32842
7.223072	4.28991	4.3546	-4.28991	-4.37205
7.232324	4.33375	4.40696	-4.33375	-4.43314
7.242439	4.38109	4.45059	-4.38109	-4.4855
7.25259	4.42802	4.50295	-4.42802	-4.53786
7.2627809999999995	4.47448	4.55531	-4.47448	-4.59022
7.273204	4.52138	4.60767	-4.52138	-4.63385
7.2832740000000005	4.56612	4.66003	-4.56612	-4.66875
7.293462	4.61077	4.70366	-4.61077	-4.68621
7.303532000000001	4.65429	4.74729	-4.65429	-4.69494
7.3136399999999995	4.69742	4.79965	-4.69741	-4.71239
7.3243529999999994	4.74245	4.84329	-4.74245	-4.72984
7.333999	4.78244	4.88692	-4.78244	-4.74729
7.344099000000001	4.82373	4.93055	-4.82372	-4.76475
7.354222999999999	4.86452	4.97419	-4.86452	-4.79965
7.364362	4.90477	5.01782	-4.90477	-4.82584
7.3745210000000005	4.9445	5.06145	-4.9445	-4.86074
7.384636	4.98347	5.07891	-4.98347	-4.89565
7.394800999999999	5.02203	5.09636	-5.02202	-4.93055
7.404924	5.05983	5.10509	-5.05983	-4.97419
7.415011	5.09692	5.13127	-5.09692	-5.01782
7.425631	5.13531	5.14872	-5.13531	-5.06145
7.435346000000001	5.16988	5.1749	-5.16988	-5.10509
7.445525	5.2055	5.20108	-5.2055	-5.15745
7.4556059999999995	5.24019	5.21853	-5.24019	-5.20108
7.4657029999999995	5.27434	5.25344	-5.27434	-5.25344
7.475911999999999	5.30828	5.27962	-5.30828	-5.3058
7.4860050000000005	5.34124	5.31453	-5.34124	-5.36689
7.496135000000001	5.37372	5.34943	-5.37372	-5.41925
7.5062619999999995	5.40562	5.37561	-5.40562	-5.48033
7.516405000000001	5.43697	5.41052	-5.43697	-5.53269
7.526948	5.46891	5.45415	-5.46891	-5.58505
7.536733	5.49802	5.48906	-5.49802	-5.61123
7.546848	5.52749	5.52397	-5.52749	-5.63741
7.5569679999999995	5.55639	5.5676	-5.55639	-5.65487
7.567050999999999	5.58463	5.60251	-5.58462	-5.65487
7.577230999999999	5.61253	5.63741	-5.61253	-5.65487
7.587356	5.63969	5.68105	-5.63969	-5.65487
7.597535000000001	5.6664	5.72468	-5.66641	-5.65487
7.607626	5.69231	5.75959	-5.69231	-5.65487
7.617733	5.71767	5.80322	-5.71767	-5.66359
7.628266	5.74347	5.83813	-5.74347	-5.68105
7.6380669999999995	5.76692	5.85558	-5.76692	-5.6985
7.648169	5.79051	5.87303	-5.79051	-5.71595
7.658285	5.81356	5.88176	-5.81356	-5.74213
7.668410000000001	5.83605	5.87303	-5.83605	-5.76831
7.678575	5.85804	5.87303	-5.85804	-5.80322
7.688677	5.87939	5.86431	-5.87939	-5.8294
7.698836999999999	5.90011	5.87303	-5.90011	-5.86431
7.708981	5.92031	5.88176	-5.92031	-5.89921
7.719191	5.94005	5.89921	-5.94005	-5.93412
7.729519	5.95942	5.91667	-5.95942	-5.96903
7.739422	5.97745	5.93412	-5.97745	-6.01266
7.749555	5.9953	5.95157	-5.9953	-6.05629
7.759659	6.01254	5.96903	-6.01254	-6.0912
7.7697199999999995	6.02915	5.99521	-6.02915	-6.10865
7.779934	6.04542	6.02139	-6.04542	-6.1261
7.7906320000000004	6.06199	6.04757	-6.06199	-6.1261
7.800147	6.07592	6.08247	-6.07592	-6.1261
7.810239	6.0903	6.10865	-6.0903	-6.1261
7.820602	6.10448	6.14356	-6.10448	-6.11738
7.830846000000001	6.11792	6.17846	-6.11792	-6.10865
7.840706	6.13033	6.21337	-6.13033	-6.0912
7.850833000000001	6.14251	6.23082	-6.14251	-6.08247
7.860922	6.1541	6.23955	-6.1541	-6.0912
7.871066000000001	6.16519	6.23955	-6.16519	-6.0912
7.881246000000001	6.17576	6.23955	-6.17576	-6.10865
7.891354	6.18571	6.23082	-6.18571	-6.11738
7.901516	6.19517	6.21337	-6.19517	-6.14356
7.911535000000001	6.20397	6.19592	-6.20397	-6.16101
7.92201	6.21258	6.17846	-6.21258	-6.18719
7.93222	6.22044	6.16101	-6.22044	-6.21337
7.942005	6.22749	6.16101	-6.22749	-6.23955
7.95205	6.2342	6.16101	-6.2342	-6.26573
7.962231	6.24048	6.16101	-6.24048	-6.29191
7.972316999999999	6.2462	6.16974	-6.2462	-6.30936
7.982481	6.25146	6.18719	-6.25146	-6.31809
7.992646000000001	6.25622	6.20464	-6.25622	-6.31809
8.002778	6.26048	6.23082	-6.26048	-6.30936
8.012895	6.26427	6.257	-6.26427	-6.30064
8.023004	6.26759	6.28319	-6.26759	-6.28319
8.033485	6.27057	6.31809	-6.27057	-6.26573
8.043702	6.27304	6.33554	-6.27304	-6.24828
8.053592	6.27506	6.353	-6.27506	-6.2221
8.06367	6.27675	6.353	-6.27675	-6.19592
8.073767	6.28178	6.353	-6.28178	-6.19592
8.083979	6.28178	6.34427	-6.28178	-6.18719
8.094092	6.28178	6.33554	-6.28178	-6.19592
8.104218	6.28178	6.31809	-6.28178	-6.19592
8.114324	6.28178	6.29191	-6.28178	-6.21337
8.124446	6.28178	6.26573	-6.28178	-6.23083
8.144019	6.28178	6.2221	-6.28178	-6.26573
8.148413	6.28178	6.21337	-6.28178	-6.27446
8.158565	6.28178	6.19592	-6.28178	-6.30064
8.168667999999998	6.28178	6.19592	-6.28178	-6.31809
8.17908	6.28178	6.19592	-6.28178	-6.33554
8.188935	6.28178	6.20464	-6.28178	-6.353
8.199042	6.28178	6.2221	-6.28178	-6.353
8.209233	6.28178	6.23082	-6.28178	-6.353
8.219336	6.28178	6.257	-6.28178	-6.353
8.229495	6.28178	6.28319	-6.28178	-6.33554
