26.93825	0.0	0.0	0.0	0.0
26.94832	0.0017	0.00873	-0.0017	-0.03491
26.95843	0.00401	0.0	-0.00401	-0.06981
26.96858	0.00696	-0.00873	-0.00696	-0.09599
26.98077	0.01147	-0.03491	-0.01147	-0.11345
26.988840000000003	0.01474	-0.06109	-0.01474	-0.11345
26.998990000000006	0.01953	-0.08727	-0.01953	-0.10472
27.00907	0.02491	-0.11345	-0.02491	-0.10472
27.0194	0.03107	-0.14835	-0.03107	-0.07854
27.02962	0.03778	-0.16581	-0.03778	-0.06109
27.04008	0.04531	-0.16581	-0.04531	-0.03491
27.05015	0.05316	-0.16581	-0.05316	0.0
27.06033	0.06171	-0.15708	-0.06171	0.01745
27.070390000000003	0.07078	-0.1309	-0.07078	0.02618
27.080540000000006	0.08055	-0.10472	-0.08055	0.02618
27.0907	0.09094	-0.06981	-0.09094	0.01745
27.10083	0.10192	-0.03491	-0.10192	0.0
27.111040000000006	0.1136	0.00873	-0.1136	-0.02618
27.12112	0.12576	0.04363	-0.12576	-0.06109
27.13123	0.13856	0.08727	-0.13856	-0.09599
27.14149	0.15218	0.1309	-0.15218	-0.13963
27.15154	0.16613	0.15708	-0.16613	-0.17453
27.1617	0.18085	0.18326	-0.18085	-0.21817
27.17179	0.19608	0.18326	-0.19608	-0.2618
27.18194	0.21203	0.19199	-0.21203	-0.29671
27.19206	0.22853	0.18326	-0.22853	-0.31416
27.2022	0.24568	0.17453	-0.24568	-0.33161
27.21237	0.26352	0.15708	-0.26352	-0.33161
27.222520000000006	0.28192	0.1309	-0.28192	-0.33161
27.23259	0.3008	0.11345	-0.3008	-0.33161
27.2428	0.32056	0.11345	-0.32056	-0.31416
27.25293	0.34079	0.11345	-0.34079	-0.30543
27.263140000000003	0.36178	0.12217	-0.36178	-0.30543
27.27327	0.38325	0.14835	-0.38325	-0.31416
27.28336	0.40523	0.18326	-0.40523	-0.32289
27.2938	0.42866	0.21817	-0.42866	-0.34907
27.30388	0.45184	0.2618	-0.45184	-0.37525
27.31405	0.47589	0.31416	-0.47589	-0.40143
27.32427	0.50065	0.36652	-0.50065	-0.43633
27.33428	0.52554	0.41888	-0.52554	-0.47997
27.3445	0.55156	0.47124	-0.55156	-0.5236
27.354640000000003	0.57798	0.5236	-0.57798	-0.56723
27.36481	0.60511	0.56723	-0.60511	-0.61087
27.37488	0.63259	0.61959	-0.63259	-0.66323
27.3853	0.66167	0.64577	-0.66167	-0.71559
27.39518	0.68981	0.66323	-0.68981	-0.75922
27.40553	0.71998	0.67195	-0.71998	-0.81158
27.41536	0.74916	0.68068	-0.74916	-0.84648
27.42547	0.77982	0.68068	-0.77982	-0.87266
27.43562	0.81119	0.67195	-0.81119	-0.89012
27.44586	0.84349	0.68068	-0.84349	-0.90757
27.45595	0.87592	0.68941	-0.87592	-0.90757
27.46613	0.90928	0.70686	-0.90928	-0.90757
27.47628	0.94314	0.73304	-0.94314	-0.90757
27.48671	0.97859	0.76794	-0.97859	-0.92502
27.49648	1.01237	0.80285	-1.01237	-0.94248
27.506590000000006	1.04795	0.84648	-1.04795	-0.95993
27.51693	1.08496	0.89012	-1.08496	-0.98611
27.526840000000004	1.12102	0.94248	-1.12102	-1.02102
27.53702	1.1587	0.99484	-1.1587	-1.06465
27.54718	1.19693	1.05592	-1.19693	-1.10828
27.557340000000003	1.23579	1.11701	-1.23579	-1.16064
27.56744	1.27498	1.18682	-1.27498	-1.22173
27.57757	1.31496	1.24791	-1.31496	-1.27409
27.5881	1.35716	1.31772	-1.35716	-1.3439
27.608390000000004	1.44157	1.4399	-1.44157	-1.46608
27.61277	1.45968	1.46608	-1.45968	-1.50098
27.622940000000003	1.50253	1.51844	-1.50253	-1.56207
27.63303	1.54571	1.55334	-1.54571	-1.62316
27.64376	1.59234	1.57952	-1.59234	-1.68424
27.653340000000004	1.63445	1.59698	-1.63445	-1.74533
27.66351	1.67979	1.61443	-1.67979	-1.79769
27.67371	1.72591	1.61443	-1.72591	-1.84132
27.684	1.77344	1.63188	-1.77344	-1.8675
27.693990000000003	1.81946	1.64934	-1.81946	-1.88496
27.70408	1.86687	1.66679	-1.86687	-1.88496
27.7142	1.91511	1.7017	-1.91511	-1.89368
27.72438	1.96424	1.7366	-1.96424	-1.90241
27.73442	2.01329	1.77151	-2.01329	-1.91986
27.74508	2.06609	1.82387	-2.06609	-1.94604
27.7547	2.1142	1.88496	-2.1142	-1.97222
27.76516	2.16726	1.94604	-2.16726	-2.02458
27.77525	2.21898	2.01586	-2.21898	-2.06822
27.78546	2.27201	2.0944	-2.27201	-2.1293
27.7955	2.32475	2.17293	-2.32475	-2.19911
27.80569	2.37887	2.25147	-2.37887	-2.26893
27.81583	2.43342	2.33874	-2.43342	-2.34747
27.82588	2.48795	2.41728	-2.48795	-2.42601
27.83602	2.54373	2.50455	-2.54373	-2.51327
27.84738	2.60701	2.57436	-2.60701	-2.60927
27.85631	2.65706	2.6529	-2.65706	-2.69653
27.86647	2.71475	2.72271	-2.71475	-2.7838
27.87658	2.77272	2.79253	-2.77272	-2.87107
27.88667	2.83127	2.85361	-2.83127	-2.94961
27.89698	2.89171	2.88852	-2.89171	-3.03687
27.90694	2.95065	2.92343	-2.95065	-3.09796
27.91709	3.01136	2.94088	-3.01136	-3.15032
27.92925	3.08509	2.97579	-3.08509	-3.19395
27.93933	3.14672	3.01069	-3.14672	-3.21141
27.95007	3.21101	3.0456	-3.21101	-3.22886
27.96019	3.27104	3.08051	-3.27104	-3.25504
27.97033	3.33056	3.11541	-3.33056	-3.28122
27.98251	3.4012	3.16777	-3.4012	-3.31613
27.99058	3.44758	3.22013	-3.44758	-3.35103
28.00069	3.50518	3.28122	-3.50518	-3.40339
28.01081	3.56216	3.35103	-3.56216	-3.45575
28.02101	3.61904	3.42085	-3.61904	-3.50811
28.03123	3.67533	3.49939	-3.67533	-3.5692
28.04127	3.73009	3.57793	-3.73009	-3.63901
28.05146	3.78505	3.66519	-3.78505	-3.71755
28.06166	3.83946	3.75246	-3.83946	-3.79609
28.071720000000006	3.89248	3.83972	-3.89248	-3.87463
28.08185	3.94533	3.91826	-3.94533	-3.9619
28.09198	3.99753	3.98808	-3.99753	-4.04044
28.10214	4.0493	4.06662	-4.0493	-4.1277
28.11225	4.10019	4.1277	-4.10019	-4.20624
28.12237	4.15056	4.18006	-4.15056	-4.27606
28.13256	4.20067	4.21497	-4.20067	-4.34587
28.14263	4.24958	4.23242	-4.24958	-4.39823
28.15285	4.29859	4.24988	-4.29859	-4.43314
28.16297	4.34655	4.2586	-4.34655	-4.45932
28.17311	4.39393	4.26733	-4.39393	-4.46804
28.18326	4.44085	4.29351	-4.44085	-4.47677
28.19332	4.48672	4.31969	-4.48672	-4.4855
28.2035	4.53253	4.34587	-4.53253	-4.49422
28.21372	4.5779	4.37205	-4.5779	-4.51168
28.22399	4.6229	4.41568	-4.6229	-4.53786
28.233940000000004	4.66589	4.45932	-4.66589	-4.56404
28.24414	4.70936	4.50295	-4.70936	-4.60767
28.26442	4.79278	4.57276	-4.79278	-4.66003
28.26884	4.811	4.64258	-4.811	-4.72112
28.27896	4.85206	4.71239	-4.85206	-4.7822
28.28907	4.8925	4.77348	-4.8925	-4.84329
28.299190000000007	4.93249	4.84329	-4.93249	-4.90438
28.30934	4.97176	4.9131	-4.97176	-4.97419
28.31945	5.01038	4.98292	-5.01038	-5.044
28.3297	5.04894	5.044	-5.04894	-5.10509
28.33971	5.086	5.10509	-5.086	-5.1749
28.35082	5.12645	5.13999	-5.12645	-5.24471
28.36	5.15935	5.16617	-5.15935	-5.3058
28.370140000000006	5.19508	5.1749	-5.19508	-5.34071
28.38032	5.23038	5.19235	-5.23038	-5.36689
28.39041	5.26479	5.19235	-5.26479	-5.38434
28.40056	5.29878	5.18363	-5.29878	-5.39307
28.41071	5.33217	5.1749	-5.33217	-5.39307
28.420820000000006	5.36484	5.18363	-5.36484	-5.38434
28.446890000000003	5.44397	5.20108	-5.44397	-5.37561
28.45151	5.45816	5.23599	-5.45816	-5.38434
28.46167	5.48857	5.26217	-5.48857	-5.39307
28.47182	5.51837	5.29707	-5.51837	-5.41925
28.48204	5.5478	5.34943	-5.5478	-5.44543
28.49219	5.57642	5.39307	-5.57642	-5.48033
28.502340000000004	5.60444	5.44543	-5.60444	-5.52397
28.51254	5.632	5.50651	-5.632	-5.57633
28.52268	5.6588	5.55887	-5.6588	-5.61996
28.532940000000004	5.68533	5.61123	-5.68533	-5.67232
28.54317	5.71119	5.67232	-5.71119	-5.72468
28.5547	5.73953	5.72468	-5.73953	-5.78577
28.563540000000003	5.76086	5.77704	-5.76086	-5.83813
28.5822	5.80339	5.81195	-5.80339	-5.89921
28.58687	5.8141	5.83813	-5.8141	-5.95157
28.6067	5.85648	5.84685	-5.85648	-5.98648
28.611290000000004	5.86637	5.83813	-5.86637	-6.00393
28.6215	5.8876	5.83813	-5.8876	-6.01266
28.64002	5.92377	5.82067	-5.92377	-6.01266
28.64466	5.93291	5.79449	-5.93291	-6.00393
28.66355	5.96728	5.77704	-5.96728	-5.98648
28.66825	5.9759	5.76831	-5.9759	-5.9603
28.67844	5.99385	5.77704	-5.99385	-5.95157
28.68861	6.01118	5.78577	-6.01118	-5.94285
28.69878	6.02795	5.81195	-6.02795	-5.95157
28.70901	6.04423	5.83813	-6.04423	-5.9603
28.71916	6.05983	5.88176	-6.05983	-5.97775
28.72936	6.07492	5.92539	-6.07492	-6.00393
28.73953	6.0894	5.96903	-6.0894	-6.03884
28.749840000000006	6.10349	6.01266	-6.10349	-6.07375
28.759940000000004	6.11675	6.04757	-6.11675	-6.10865
28.77012	6.12955	6.09993	-6.12955	-6.14356
28.78036	6.14186	6.13483	-6.14186	-6.18719
28.79049	6.15347	6.15229	-6.15347	-6.23083
28.800690000000003	6.16461	6.16974	-6.16461	-6.26573
28.81088	6.17519	6.16974	-6.17519	-6.28319
28.82107	6.18521	6.16974	-6.18521	-6.29191
28.83136	6.19477	6.15229	-6.19477	-6.30064
28.84145	6.20361	6.14356	-6.20361	-6.29191
28.85163	6.212	6.11738	-6.212	-6.28319
28.86193	6.21993	6.09993	-6.21993	-6.26573
28.87208	6.22722	6.08247	-6.22722	-6.23955
28.88227	6.23401	6.07375	-6.23401	-6.21337
28.89253	6.24032	6.07375	-6.24032	-6.19592
28.902690000000003	6.24607	6.08247	-6.24607	-6.18719
28.91288	6.25132	6.0912	-6.25132	-6.18719
28.92311	6.25611	6.10865	-6.25611	-6.19592
28.93332	6.26037	6.13483	-6.26037	-6.21337
28.9437	6.26423	6.16101	-6.26423	-6.23083
28.95377	6.26753	6.19592	-6.26753	-6.25701
28.96415	6.27046	6.23083	-6.27046	-6.28319
28.97425	6.27291	6.25701	-6.27291	-6.30937
28.984690000000004	6.27501	6.27446	-6.27501	-6.34427
28.99476	6.27668	6.27446	-6.27668	-6.36173
29.00491	6.28167	6.26573	-6.28167	-6.37918
29.01515	6.28167	6.24828	-6.28167	-6.37918
29.02525	6.28167	6.23083	-6.28167	-6.37918
29.03562	6.28167	6.20465	-6.28167	-6.37045
29.04565	6.28167	6.17847	-6.28167	-6.353
29.05625	6.28167	6.14356	-6.28167	-6.32682
29.06598	6.28167	6.10865	-6.28167	-6.30064
29.08456	6.28167	6.08247	-6.28167	-6.27446
29.089140000000004	6.28167	6.07375	-6.28167	-6.24828
29.09936	6.28167	6.08247	-6.28167	-6.2221
29.11809	6.28167	6.08247	-6.28167	-6.20465
29.12267	6.28167	6.10865	-6.28167	-6.19592
29.13291	6.28167	6.13483	-6.28167	-6.19592
29.1431	6.28167	6.16101	-6.28167	-6.21337
29.15328	6.28167	6.19592	-6.28167	-6.23083
