56.36181	0.0	0.0	0.0	0.0
56.36859000000001	0.00096	0.0	-0.00096	0.01745
56.37868	0.00309	0.00873	-0.00309	0.05236
56.38878	0.00584	0.01745	-0.00584	0.06981
56.39925	0.00936	0.04363	-0.00937	0.08727
56.40911	0.01325	0.07854	-0.01325	0.08727
56.419230000000006	0.01785	0.11345	-0.01785	0.07854
56.42937	0.02308	0.14835	-0.02308	0.06981
56.43946999999999	0.02891	0.19199	-0.02891	0.04363
56.44965	0.0354	0.22689	-0.03541	0.01745
56.45976	0.04246	0.24435	-0.04246	-0.01745
56.46999	0.05024	0.25307	-0.05024	-0.04363
56.4801	0.05853	0.25307	-0.05853	-0.07854
56.49025	0.06748	0.24435	-0.06748	-0.11345
56.50039	0.07703	0.23562	-0.07703	-0.13963
56.51054	0.08721	0.21817	-0.08721	-0.15708
56.52076	0.09809	0.19199	-0.09809	-0.17453
56.53081	0.10939	0.17453	-0.10939	-0.17453
56.54095	0.12141	0.16581	-0.12141	-0.16581
56.55105	0.134	0.16581	-0.13401	-0.15708
56.56122	0.1473	0.16581	-0.1473	-0.13963
56.57145	0.16131	0.18326	-0.16131	-0.11345
56.58151	0.17566	0.20071	-0.17566	-0.09599
56.59169	0.19084	0.22689	-0.19085	-0.08727
56.6018	0.20652	0.2618	-0.20652	-0.09599
56.61195	0.22288	0.29671	-0.22288	-0.10472
56.62208	0.23987	0.33161	-0.23987	-0.12217
56.63224	0.25743	0.37525	-0.25743	-0.14835
56.64236999999999	0.2756	0.41888	-0.2756	-0.18326
56.65247	0.29432	0.45379	-0.29432	-0.22689
56.66266	0.31385	0.49742	-0.31385	-0.2618
56.672880000000006	0.33406	0.53233	-0.33406	-0.31416
56.68294	0.35456	0.54978	-0.35456	-0.35779
56.69339	0.37653	0.56723	-0.37653	-0.40143
56.7032	0.39768	0.56723	-0.39768	-0.45379
56.71337	0.42026	0.56723	-0.42026	-0.49742
56.72348	0.44331	0.55851	-0.44332	-0.54105
56.73376	0.46742	0.54978	-0.46742	-0.55851
56.74371	0.49131	0.55851	-0.49131	-0.57596
56.75411999999999	0.51696	0.56723	-0.51696	-0.58469
56.76403000000001	0.54196	0.57596	-0.54196	-0.58469
56.77421	0.56838	0.60214	-0.56838	-0.57596
56.78434	0.5951	0.61959	-0.5951	-0.56723
56.79449	0.62255	0.64577	-0.62255	-0.55851
56.80456	0.65043	0.68068	-0.65043	-0.55851
56.81469	0.67907	0.72431	-0.67907	-0.55851
56.8249	0.70858	0.76794	-0.70858	-0.57596
56.835	0.73837	0.81158	-0.73837	-0.59341
56.84512	0.76883	0.85521	-0.76884	-0.62832
56.85527	0.79999	0.9163	-0.8	-0.68068
56.86646999999999	0.83523	0.95993	-0.83523	-0.72431
56.87585	0.86516	1.02102	-0.86516	-0.7854
56.88564	0.89698	1.06465	-0.89698	-0.83776
56.90376	0.95837	1.16064	-0.95837	-0.9512
56.90808000000001	0.97291	1.18682	-0.97291	-0.97738
56.91832	1.00825	1.22173	-1.00825	-1.03847
56.9284	1.04361	1.25664	-1.04361	-1.09956
56.93853000000001	1.07981	1.27409	-1.07981	-1.16937
56.94866999999999	1.11661	1.28282	-1.11661	-1.22173
56.95877	1.1539	1.29154	-1.1539	-1.25664
56.97799000000001	1.22766	1.29154	-1.22766	-1.28282
56.98237	1.24435	1.309	-1.24436	-1.30027
56.99253	1.2839	1.31772	-1.2839	-1.309
57.00264	1.32392	1.3439	-1.32392	-1.309
57.01276	1.36455	1.37881	-1.36455	-1.309
57.02291999999999	1.40598	1.41372	-1.40598	-1.309
57.0331	1.4481	1.44862	-1.4481	-1.32645
57.04321	1.49058	1.50098	-1.49058	-1.3439
57.06401	1.58166	1.55334	-1.58166	-1.37881
57.06888000000001	1.60235	1.64061	-1.60235	-1.44862
57.07863	1.64533	1.71042	-1.64533	-1.50098
57.08896	1.69155	1.78024	-1.69156	-1.5708
57.09895	1.73679	1.85878	-1.7368	-1.64061
57.10902	1.78307	1.92859	-1.78307	-1.72788
57.11921	1.83049	2.00713	-1.83049	-1.79769
57.12934	1.8783	2.07694	-1.8783	-1.88496
57.13946	1.92662	2.14675	-1.92663	-1.96349
57.14961	1.97572	2.19911	-1.97573	-2.04204
57.15988	2.02604	2.25147	-2.02604	-2.12058
57.17121	2.08239	2.27765	-2.08239	-2.19912
57.18016	2.12724	2.29511	-2.12724	-2.2602
57.19035	2.17907	2.31256	-2.17907	-2.30383
57.200480000000006	2.23116	2.33001	-2.23116	-2.33874
57.21055	2.28354	2.35619	-2.28354	-2.35619
57.22071999999999	2.33706	2.37365	-2.33706	-2.37365
57.23085	2.391	2.40856	-2.391	-2.37365
57.24101	2.44572	2.44346	-2.44573	-2.3911
57.25114	2.50089	2.48709	-2.50089	-2.40855
57.26123000000001	2.55648	2.53945	-2.55648	-2.43473
57.2726	2.61996	2.60054	-2.61996	-2.46964
57.28157	2.67043	2.67035	-2.67043	-2.51327
57.29168000000001	2.72789	2.74889	-2.72789	-2.56563
57.3018	2.78613	2.82743	-2.78613	-2.62672
57.31191999999999	2.8449	2.9147	-2.8449	-2.69653
57.32205	2.9044	3.00197	-2.9044	-2.77507
57.33216	2.96434	3.08923	-2.96434	-2.86234
57.34229000000001	3.02529	3.1765	-3.02529	-2.94961
57.35249	3.08687	3.25504	-3.08688	-3.03687
57.36255	3.14834	3.33358	-3.14834	-3.14159
57.37381	3.21581	3.41212	-3.21581	-3.22886
57.38285	3.26944	3.49066	-3.26944	-3.33358
57.39301	3.32913	3.56047	-3.32913	-3.42084
57.40313	3.38795	3.61283	-3.38795	-3.50811
57.41324	3.44613	3.66519	-3.44613	-3.58665
57.42348000000001	3.50449	3.69137	-3.50449	-3.64774
57.43355	3.56122	3.71755	-3.56122	-3.69137
57.44368000000001	3.61772	3.73501	-3.61772	-3.71755
57.45383	3.67366	3.76119	-3.67366	-3.735
57.4641	3.72972	3.78736	-3.72972	-3.75246
57.4751	3.78899	3.82227	-3.789	-3.75246
57.48421999999999	3.83771	3.85718	-3.83772	-3.76991
57.49435	3.89114	3.90081	-3.89114	-3.79609
57.50446	3.94391	3.94444	-3.94391	-3.82227
57.51456999999999	3.99607	3.9968	-3.99608	-3.8659
57.52477	4.04801	4.06662	-4.04801	-3.90954
57.53485	4.09883	4.1277	-4.09883	-3.9619
57.54502	4.14944	4.19752	-4.14944	-4.03171
57.55526	4.19984	4.26733	-4.19984	-4.10152
57.5654	4.24912	4.34587	-4.24912	-4.17134
57.57636	4.30163	4.42441	-4.30164	-4.24988
57.59356999999999	4.38205	4.50295	-4.38205	-4.32842
57.61094	4.46142	4.68621	-4.46143	-4.52913
57.61535	4.48161	4.72112	-4.48161	-4.56404
57.6255	4.52735	4.7822	-4.52736	-4.64258
57.63557	4.57215	4.82584	-4.57215	-4.71239
57.6457	4.61657	4.85202	-4.61657	-4.76475
57.65583	4.66045	4.86947	-4.66045	-4.79966
57.66593	4.70355	4.8782	-4.70355	-4.82584
57.68431999999999	4.77968	4.88692	-4.77968	-4.83456
57.68879	4.79821	4.88692	-4.79821	-4.84329
57.69885	4.8392	4.89565	-4.83921	-4.84329
57.70904	4.88012	4.90438	-4.88013	-4.85202
57.71911	4.91999	4.93055	-4.91999	-4.86947
57.72924	4.95949	4.95674	-4.95949	-4.88692
57.73934000000001	4.99829	4.99164	-4.99829	-4.90438
57.7495	5.03669	5.02655	-5.03669	-4.93928
57.75965	5.07445	5.07891	-5.07445	-4.97419
57.76975	5.11148	5.13127	-5.11148	-5.01782
57.78031	5.1495	5.20108	-5.1495	-5.06146
57.79008	5.18413	5.26217	-5.18413	-5.11382
57.8002	5.21941	5.33198	-5.21941	-5.16617
57.81044	5.25447	5.39307	-5.25447	-5.22726
57.82048	5.2883	5.46288	-5.2883	-5.28835
57.83073	5.32219	5.53269	-5.32219	-5.34071
57.84092	5.3553	5.59378	-5.3553	-5.41052
57.85093000000001	5.38724	5.63741	-5.38724	-5.46288
57.86103000000001	5.41889	5.66359	-5.41889	-5.51524
57.87116	5.45001	5.68105	-5.45001	-5.55887
57.88164	5.48161	5.68977	-5.48161	-5.58505
57.89176	5.51151	5.68105	-5.51151	-5.59378
57.9016	5.54	5.67232	-5.54	-5.60251
57.91176	5.56884	5.66359	-5.56884	-5.60251
57.92185	5.59692	5.64614	-5.59692	-5.59378
57.932	5.62454	5.64614	-5.62454	-5.58505
57.94391	5.6561	5.65487	-5.6561	-5.59378
57.95401	5.68232	5.67232	-5.68232	-5.60251
57.96413	5.70797	5.70723	-5.70797	-5.61996
57.97427	5.73314	5.74213	-5.73314	-5.63741
57.98449	5.75787	5.78577	-5.75787	-5.67232
57.9946	5.78176	5.8294	-5.78176	-5.70723
58.00476999999999	5.80518	5.88176	-5.80518	-5.74213
58.01485	5.82785	5.94285	-5.82785	-5.79449
58.02533	5.85076	5.98648	-5.85076	-5.83813
58.03511	5.8716	6.04757	-5.8716	-5.88176
58.04524	5.89261	6.09993	-5.89262	-5.93412
58.05775	5.91761	6.14356	-5.91761	-5.97775
58.06546	5.93273	6.16974	-5.93273	-6.02139
58.07561	5.95206	6.19592	-5.95206	-6.03884
58.08575	5.97076	6.19592	-5.97076	-6.05629
58.09588000000001	5.98886	6.19592	-5.98886	-6.06502
58.10613000000001	6.00659	6.18719	-6.00659	-6.06502
58.11623	6.02349	6.16974	-6.02349	-6.05629
58.12684	6.04059	6.15229	-6.04059	-6.03884
58.13648000000001	6.05563	6.12611	-6.05563	-6.02139
58.14659	6.07083	6.10865	-6.07083	-6.00393
58.15671999999999	6.08548	6.0912	-6.08548	-6.00393
58.1668	6.09951	6.0912	-6.09951	-6.00393
58.17702	6.11315	6.10865	-6.11315	-6.02139
58.18715	6.12611	6.12611	-6.12611	-6.03884
58.19739000000001	6.13863	6.16101	-6.13863	-6.05629
58.20744000000001	6.15037	6.19592	-6.15037	-6.0912
58.21754	6.16161	6.23955	-6.16161	-6.12611
58.22814	6.17279	6.28319	-6.17279	-6.16101
58.23816	6.18282	6.33554	-6.18283	-6.19592
58.24831999999999	6.19245	6.37045	-6.19245	-6.23955
58.25847	6.20152	6.41409	-6.20152	-6.26573
58.26854	6.20999	6.44026	-6.20999	-6.28319
58.27909	6.21826	6.44899	-6.21826	-6.30064
58.28931	6.22574	6.44899	-6.22574	-6.30064
58.29932	6.23256	6.44026	-6.23256	-6.30064
58.3095	6.23896	6.43154	-6.23896	-6.28319
58.31964	6.24483	6.40536	-6.24483	-6.27446
58.33002	6.2503	6.37918	-6.2503	-6.25701
58.34016999999999	6.25515	6.353	-6.25515	-6.23082
58.3505	6.25958	6.31809	-6.25958	-6.21337
58.36046999999999	6.2634	6.29191	-6.2634	-6.19592
58.37056	6.26681	6.27446	-6.26681	-6.17847
58.38071	6.2698	6.26573	-6.2698	-6.17847
58.3909	6.27236	6.27446	-6.27236	-6.18719
58.40106	6.2745	6.29191	-6.2745	-6.19592
58.41119000000001	6.27627	6.31809	-6.27627	-6.21337
58.42132	6.28157	6.34427	-6.28157	-6.23955
58.43146	6.28157	6.38791	-6.28157	-6.26573
58.44161999999999	6.28157	6.42281	-6.28157	-6.30064
58.45173000000001	6.28157	6.45772	-6.28157	-6.31809
58.46184	6.28157	6.4839	-6.28157	-6.34427
58.47203	6.28157	6.49263	-6.28157	-6.353
58.48211	6.28157	6.50135	-6.28157	-6.353
