65.59876	0.0	0.0	0.0	0.0
65.60676	0.00116	0.03491	0.00116	-0.02618
65.61686	0.00331	0.05236	0.00331	-0.06109
65.62703	0.0061	0.06981	0.0061	-0.07854
65.63723	0.00952	0.06981	0.00952	-0.09599
65.64728000000001	0.01349	0.06109	0.01349	-0.09599
65.65739	0.0181	0.05236	0.0181	-0.08727
65.66752	0.02334	0.03491	0.02334	-0.07854
65.67769	0.02921	0.01745	0.02922	-0.05236
65.68781	0.03567	0.0	0.03568	-0.02618
65.6986	0.04332	-0.02618	0.04332	0.0
65.70813000000001	0.05052	-0.03491	0.05052	0.03491
65.71826	0.05884	-0.04363	0.05884	0.06109
65.7287	0.06809	-0.03491	0.06809	0.09599
65.73855999999999	0.07737	-0.02618	0.07737	0.1309
65.74871999999999	0.08757	-0.00873	0.08757	0.16581
65.75883	0.09833	0.00873	0.09834	0.17453
65.76893000000001	0.1097	0.04363	0.1097	0.18326
65.77905	0.1217	0.07854	0.1217	0.18326
65.78924	0.13442	0.11345	0.13442	0.18326
65.79989	0.14841	0.14835	0.14841	0.17453
65.80948000000001	0.1615	0.19199	0.1615	0.16581
65.81957	0.17591	0.22689	0.17591	0.14835
65.82978	0.19115	0.2618	0.19115	0.1309
65.83993000000001	0.2069	0.27925	0.2069	0.1309
65.85004	0.22318	0.28798	0.22318	0.1309
65.86021	0.24021	0.28798	0.24021	0.14835
65.87034	0.25776	0.28798	0.25776	0.16581
65.88044000000001	0.27588	0.28798	0.27588	0.18326
65.89061	0.29475	0.27053	0.29475	0.21817
65.90125	0.3152	0.2618	0.3152	0.25307
65.91091	0.33429	0.2618	0.33429	0.28798
65.92101	0.35496	0.2618	0.35496	0.32289
65.93141	0.37686	0.27053	0.37686	0.36652
65.94136999999999	0.39821	0.28798	0.39821	0.41015
65.95143	0.42055	0.31416	0.42055	0.44506
65.96155999999999	0.44365	0.34034	0.44366	0.47996
65.97163	0.46723	0.38397	0.46723	0.5236
65.98178	0.49164	0.41888	0.49164	0.5585
65.99192	0.51659	0.46251	0.51659	0.58468
66.00263000000001	0.54379	0.51487	0.54379	0.60214
66.01226	0.56856	0.55851	0.56856	0.61086
66.02234	0.59524	0.60214	0.59524	0.61086
66.03284000000001	0.62368	0.6545	0.62368	0.61086
66.04262	0.65074	0.69813	0.65074	0.60214
66.05271	0.6793	0.74176	0.6793	0.61086
66.06285	0.70857	0.7854	0.70857	0.61959
66.07297	0.7384	0.81158	0.7384	0.63704
66.0831	0.76891	0.82903	0.76891	0.6545
66.09326999999999	0.80016	0.84648	0.80016	0.6894
66.10393	0.83361	0.84648	0.83361	0.72431
66.11355999999999	0.86433	0.84648	0.86433	0.77667
66.1237	0.89732	0.84648	0.89732	0.8203
66.13412	0.93189	0.84648	0.93189	0.87266
66.14393000000001	0.965	0.86394	0.965	0.92502
66.15406	0.9998	0.88139	0.9998	0.97738
66.16414	1.03505	0.90757	1.03506	1.02974
66.17428000000001	1.07114	0.94248	1.07114	1.0821
66.18446999999999	1.10798	0.97738	1.10798	1.13446
66.19459	1.14522	1.02102	1.14522	1.18682
66.20525	1.18518	1.0821	1.18518	1.23918
66.21516	1.22284	1.13446	1.22284	1.29154
66.22501	1.26084	1.19555	1.26084	1.3439
66.24335	1.33415	1.31772	1.33415	1.41372
66.24772	1.35152	1.3439	1.35152	1.42244
66.25786	1.3927	1.41372	1.3927	1.4399
66.268	1.43449	1.4748	1.43449	1.45735
66.2781	1.47667	1.54462	1.47667	1.46608
66.28826	1.51979	1.6057	1.5198	1.48353
66.29839	1.56336	1.65806	1.56336	1.50971
66.3093	1.61108	1.7017	1.61108	1.53589
66.31942	1.65585	1.72788	1.65586	1.56207
66.32952	1.70118	1.74533	1.70118	1.6057
66.33964	1.74721	1.75406	1.74721	1.64934
66.3498	1.79409	1.77151	1.79409	1.7017
66.35995	1.84151	1.78024	1.84151	1.75406
66.37003	1.88918	1.80642	1.88918	1.80642
66.38022	1.93802	1.82387	1.93802	1.8675
66.39035	1.98722	1.85878	1.98722	1.92859
66.40045	2.03684	1.89368	2.03684	1.98967
66.41068	2.08793	1.94604	2.08793	2.05076
66.42084	2.13891	1.9984	2.13891	2.12057
66.43094	2.1904	2.05949	2.1904	2.18166
66.4411	2.24283	2.12057	2.24283	2.24275
66.45145	2.29725	2.19912	2.29725	2.31256
66.46144	2.34959	2.27765	2.34959	2.37365
66.47147	2.40312	2.35619	2.40312	2.43473
66.48161999999999	2.45795	2.43473	2.45795	2.50455
66.49186	2.51391	2.522	2.51391	2.56563
66.50187	2.56921	2.60054	2.56921	2.62672
66.51205999999999	2.62616	2.67908	2.62616	2.67908
66.52223000000001	2.6835	2.75762	2.6835	2.74017
66.5323	2.74097	2.82743	2.74097	2.80125
66.54244	2.79942	2.90597	2.79942	2.85361
66.56102	2.90945	3.02815	2.90945	2.95833
66.56545	2.93523	3.05433	2.93523	2.98451
66.57561	2.99581	3.10669	2.99581	3.0456
66.58574	3.05683	3.14159	3.05683	3.09796
66.59586	3.11845	3.16777	3.11845	3.15032
66.60598	3.17889	3.19395	3.17889	3.20268
66.61624	3.23951	3.22013	3.23951	3.26377
66.6264	3.29892	3.25504	3.29892	3.31612
66.63656999999999	3.35785	3.28995	3.35785	3.36849
66.64676	3.41621	3.32485	3.41621	3.42957
66.65719	3.47538	3.36849	3.47538	3.48193
66.66698000000001	3.53037	3.42085	3.53037	3.53429
66.6772	3.58712	3.48193	3.58712	3.58665
66.68727	3.64248	3.53429	3.64248	3.63901
66.69735	3.69734	3.60411	3.69734	3.69137
66.70752	3.75205	3.67392	3.75205	3.75246
66.71775	3.80651	3.74373	3.80651	3.80482
66.72785	3.85962	3.82227	3.85962	3.8659
66.73798000000001	3.91235	3.90081	3.91235	3.91826
66.74814	3.96462	3.97935	3.96463	3.97062
66.75834	4.01655	4.04916	4.01655	4.03171
66.76839	4.06706	4.1277	4.06706	4.08407
66.77852	4.11737	4.19752	4.11738	4.14516
66.78869	4.16735	4.26733	4.16735	4.19752
66.79879	4.21638	4.32842	4.21638	4.24988
66.80895	4.26509	4.37205	4.26509	4.31096
66.81918	4.31353	4.40696	4.31353	4.37205
66.82935	4.36109	4.42441	4.36109	4.42441
66.83941999999999	4.40762	4.44186	4.40762	4.47677
66.84973000000001	4.45462	4.45059	4.45462	4.52913
66.85968000000001	4.49941	4.46804	4.49941	4.58149
66.86981	4.5444	4.49422	4.5444	4.63385
66.88926	4.62817	4.54658	4.62817	4.68621
66.8937	4.64734	4.56404	4.64734	4.68621
66.90375	4.69004	4.59894	4.69004	4.70366
66.91539	4.73868	4.64258	4.73869	4.72984
66.92405	4.7745	4.68621	4.7745	4.75602
66.93415	4.81561	4.73857	4.81561	4.77347
66.94426999999999	4.85625	4.79093	4.85625	4.80838
66.95472	4.89762	4.85202	4.89762	4.84329
66.96476	4.93675	4.9131	4.93675	4.87819
66.97475	4.97513	4.96546	4.97513	4.92183
66.98484	5.01327	5.02655	5.01327	4.96546
66.99504	5.05127	5.08763	5.05127	5.00909
67.00511	5.08819	5.13999	5.08819	5.05273
67.01678000000001	5.13019	5.19235	5.13019	5.10509
67.02563	5.1616	5.24471	5.1616	5.15745
67.03583	5.19722	5.29708	5.19722	5.20981
67.04590999999999	5.23186	5.33198	5.23186	5.26217
67.05601	5.26594	5.35816	5.26594	5.31453
67.06623	5.29985	5.36689	5.29985	5.36689
67.07636	5.33287	5.37561	5.33287	5.42797
67.08651	5.36538	5.38434	5.36538	5.47161
67.09662	5.39717	5.38434	5.39717	5.50651
67.10681	5.42862	5.38434	5.42862	5.52397
67.11829	5.46329	5.40179	5.46329	5.54142
67.12706999999999	5.48938	5.41925	5.48938	5.54142
67.13719	5.51889	5.44543	5.51889	5.54142
67.14733000000001	5.54785	5.47161	5.54785	5.53269
67.15751999999999	5.57638	5.50651	5.57638	5.52397
67.1681	5.60534	5.55015	5.60534	5.53269
67.17826	5.63258	5.59378	5.63258	5.54142
67.18843000000001	5.65926	5.62869	5.65926	5.55015
67.19879	5.68583	5.67232	5.68583	5.57633
67.20865	5.71059	5.71595	5.71059	5.60251
67.21947	5.73708	5.75959	5.73708	5.64614
67.22896	5.75981	5.80322	5.75981	5.68105
67.2391	5.78351	5.83813	5.78351	5.72468
67.24925	5.80667	5.87303	5.80667	5.77704
67.25934000000001	5.82911	5.89921	5.82911	5.82067
67.2696	5.85136	5.91667	5.85136	5.87303
67.27960999999999	5.87249	5.92539	5.87249	5.92539
67.28976999999999	5.89335	5.92539	5.89335	5.96903
67.29995	5.9137	5.92539	5.9137	6.01266
67.31004	5.93328	5.90794	5.93328	6.03884
67.32085	5.95361	5.90794	5.95361	6.06502
67.33032	5.97093	5.91667	5.97093	6.06502
67.34047	5.98893	5.92539	5.98893	6.06502
67.35065999999999	6.00642	5.94285	6.00642	6.06502
67.36071	6.0231	5.9603	6.02311	6.05629
67.37118000000001	6.03989	5.98648	6.03989	6.04757
67.38101999999999	6.0552	6.02139	6.0552	6.03011
67.39114000000001	6.07025	6.04757	6.07025	6.01266
67.40126	6.0848	6.08247	6.0848	6.01266
67.41152	6.09899	6.11738	6.09899	6.01266
67.42226	6.11318	6.15229	6.11319	6.02139
67.43166	6.12518	6.18719	6.12518	6.03884
67.4418	6.13753	6.20465	6.13753	6.06502
67.45201	6.14942	6.21337	6.14942	6.0912
67.46202	6.16053	6.21337	6.16053	6.11738
67.47223000000001	6.17131	6.20465	6.17131	6.15229
67.48234000000001	6.18144	6.19592	6.18144	6.18719
67.49245	6.19104	6.18719	6.19104	6.2221
67.50258000000001	6.20012	6.16974	6.20012	6.257
67.51290999999999	6.20882	6.15229	6.20882	6.29191
67.53135	6.22221	6.15229	6.22221	6.30936
67.53578	6.22548	6.15229	6.22549	6.32682
67.54593	6.23233	6.16101	6.23233	6.32682
67.55604	6.23865	6.17847	6.23865	6.31809
67.56615	6.24448	6.20465	6.24448	6.30936
67.57634	6.24985	6.2221	6.24985	6.29191
67.58645	6.25469	6.25701	6.2547	6.26573
67.59661	6.25909	6.29191	6.25909	6.23955
67.60677	6.26301	6.31809	6.26301	6.2221
67.6169	6.26647	6.32682	6.26647	6.20464
67.6271	6.26952	6.33554	6.26952	6.18719
67.63794	6.27225	6.33554	6.27225	6.18719
67.648	6.27442	6.32682	6.27442	6.19592
67.65811	6.27622	6.31809	6.27622	6.20464
67.66824	6.28182	6.30064	6.28182	6.2221
67.67869	6.28182	6.28319	6.28182	6.23955
67.68871999999999	6.28182	6.25701	6.28182	6.27446
67.69891	6.28182	6.23083	6.28182	6.30064
67.70900999999999	6.28182	6.20465	6.28182	6.32682
67.71907	6.28182	6.18719	6.28182	6.34427
