49.389109999999995	0.0	0.0	0.0	0.0
49.39734	0.0012	-0.02618	0.00121	-0.00873
49.40741	0.00335	-0.02618	0.00335	-0.01745
49.4175	0.0061	-0.02618	0.0061	-0.03491
49.42777	0.00954	-0.02618	0.00955	-0.06109
49.43778	0.0135	-0.00873	0.0135	-0.08727
49.44829	0.01833	0.00873	0.01832	-0.11345
49.45816	0.02342	0.04363	0.02342	-0.13963
49.46826	0.02925	0.06981	0.02925	-0.15708
49.47837	0.03571	0.10472	0.03571	-0.15708
49.4885	0.04279	0.13963	0.04279	-0.15708
49.498709999999996	0.05056	0.17453	0.05056	-0.14835
49.50894	0.05897	0.20071	0.05897	-0.1309
49.51896	0.06781	0.21817	0.06781	-0.10472
49.52908	0.07734	0.21817	0.07734	-0.07854
49.53922	0.08752	0.21817	0.08752	-0.04363
49.54938	0.09833	0.20944	0.09833	-0.01745
49.55955	0.10978	0.20071	0.10978	0.01745
49.56962	0.12173	0.18326	0.12173	0.06109
49.57985	0.13449	0.15708	0.13448	0.09599
49.589890000000004	0.14761	0.13963	0.14761	0.12217
49.600120000000004	0.16163	0.1309	0.16163	0.14835
49.61027	0.17613	0.1309	0.17613	0.15708
49.62035	0.19116	0.13963	0.19116	0.15708
49.63048	0.20686	0.15708	0.20686	0.15708
49.64058	0.22315	0.18326	0.22315	0.14835
49.65081	0.24028	0.21817	0.24028	0.13963
49.66101	0.25795	0.25307	0.25795	0.12217
49.671079999999996	0.27604	0.28798	0.27604	0.10472
49.6812	0.29481	0.33161	0.29481	0.10472
49.6916	0.31477	0.37525	0.31477	0.10472
49.70154	0.33442	0.41888	0.33442	0.12217
49.71167	0.35506	0.46251	0.35506	0.13963
49.721790000000006	0.37631	0.49742	0.37631	0.16581
49.731970000000004	0.3983	0.53233	0.3983	0.20071
49.74204	0.42064	0.54978	0.42065	0.24435
49.75223	0.4439	0.56723	0.4439	0.28798
49.76239	0.4677	0.56723	0.4677	0.33161
49.7725	0.49199	0.56723	0.49199	0.38397
49.782579999999996	0.51684	0.56723	0.51684	0.42761
49.79296	0.54315	0.56723	0.54315	0.47997
49.80291	0.5688	0.58469	0.5688	0.5236
49.813359999999996	0.59649	0.59341	0.59649	0.57596
49.823190000000004	0.62306	0.61959	0.62306	0.61087
49.833290000000005	0.65102	0.63705	0.65102	0.64577
49.85176	0.70467	0.67195	0.70467	0.66323
49.8561	0.7172	0.71559	0.7172	0.68068
49.8663	0.74746	0.75922	0.74746	0.68068
49.87644	0.77815	0.80285	0.77815	0.68068
49.88655	0.80935	0.84649	0.80935	0.68068
49.89713	0.84275	0.89885	0.84275	0.68068
49.906859999999995	0.87403	0.95121	0.87403	0.68941
49.91704	0.90722	0.99484	0.90722	0.70686
49.92718	0.94099	1.03847	0.94099	0.73304
49.937290000000004	0.97528	1.0821	0.97528	0.75922
49.94751	1.0106	1.12574	1.0106	0.80285
49.95756	1.04591	1.1781	1.04591	0.83776
49.97698	1.11708	1.25664	1.11708	0.94248
49.9814	1.13304	1.28282	1.13304	0.95993
49.99155	1.17079	1.309	1.17079	1.02102
50.0017	1.20913	1.33518	1.20913	1.0821
50.01189	1.24826	1.3439	1.24826	1.14319
50.02199	1.28761	1.36136	1.28761	1.20428
50.03203	1.32739	1.37008	1.32739	1.25664
50.04265	1.37014	1.39626	1.37014	1.31772
50.05232	1.40961	1.42244	1.40961	1.37881
50.062470000000005	1.45167	1.44862	1.45167	1.43117
50.07258	1.49416	1.48353	1.49416	1.48353
50.0827	1.53729	1.52716	1.53729	1.51844
50.0929	1.58146	1.5708	1.58146	1.54462
50.10305	1.62599	1.61443	1.626	1.56207
50.11315	1.67087	1.67552	1.67087	1.57952
50.123259999999995	1.71644	1.72788	1.71644	1.59698
50.133379999999995	1.76268	1.78896	1.76268	1.62316
50.1518	1.84933	1.84132	1.84933	1.64934
50.15616	1.86979	1.91986	1.86979	1.68424
50.166470000000004	1.91895	1.97222	1.91895	1.72788
50.17642	1.96696	2.03331	1.96696	1.76278
50.18653	2.01639	2.0944	2.01639	1.81514
50.1967	2.06668	2.15548	2.06667	1.8675
50.20687	2.11765	2.20784	2.11765	1.91986
50.21699	2.16895	2.26893	2.16895	1.98967
50.227140000000006	2.22104	2.33002	2.22104	2.05949
50.23735	2.27404	2.38237	2.27404	2.1293
50.2474	2.32682	2.44346	2.32682	2.19912
50.25796	2.38299	2.50455	2.38299	2.26893
50.268440000000005	2.43937	2.55691	2.43937	2.34747
50.278209999999994	2.49245	2.60927	2.49245	2.41728
50.28833	2.54812	2.66163	2.54811	2.48709
50.2985	2.60464	2.72271	2.60464	2.55691
50.308690000000006	2.66195	2.76635	2.66195	2.62672
50.31881	2.71941	2.82743	2.71941	2.68781
50.32894	2.77759	2.87107	2.77759	2.75762
50.339059999999996	2.83631	2.93215	2.83631	2.82743
50.34922	2.8959	2.97579	2.8959	2.87979
50.35935	2.95591	3.03687	2.95591	2.94088
50.36942	3.01615	3.08051	3.01615	3.00197
50.37964	3.07799	3.14159	3.07799	3.05433
50.38971	3.13948	3.19395	3.13948	3.11541
50.399879999999996	3.20029	3.24631	3.20029	3.16777
50.410090000000004	3.26085	3.3074	3.26085	3.22886
50.42013	3.31977	3.35976	3.31977	3.28122
50.430279999999996	3.37874	3.42085	3.37874	3.33358
50.44042	3.43699	3.48193	3.43699	3.38594
50.45069	3.49544	3.53429	3.49544	3.4383
50.460840000000005	3.55259	3.60411	3.55259	3.49066
50.47085	3.60832	3.65647	3.60832	3.54302
50.48097	3.66409	3.71755	3.66409	3.59538
50.49109	3.71923	3.77864	3.71923	3.64774
50.50144	3.77542	3.84845	3.77542	3.7001
50.5114	3.82818	3.90954	3.82818	3.75246
50.52149	3.88135	3.97062	3.88135	3.80482
50.53165	3.93432	4.03171	3.93432	3.85718
50.54177	3.98651	4.0928	3.98651	3.90954
50.55187	4.03797	4.14516	4.03797	3.9619
50.562020000000004	4.08909	4.20624	4.08909	4.01426
50.57224	4.13993	4.26733	4.13993	4.06662
50.5824	4.18991	4.31969	4.18991	4.11898
50.59255	4.2392	4.38078	4.2392	4.18006
50.60289	4.28878	4.43314	4.28878	4.23242
50.612809999999996	4.33584	4.4855	4.33584	4.28478
50.622890000000005	4.383	4.53786	4.383	4.33714
50.63302	4.4298	4.58149	4.4298	4.3895
50.64313	4.47592	4.6164	4.47592	4.44186
50.65328	4.52163	4.64258	4.52163	4.49422
50.6634	4.5666	4.66003	4.5666	4.54658
50.68189	4.64634	4.68621	4.64634	4.59894
50.68627	4.66526	4.72112	4.66526	4.6513
50.69639	4.70826	4.75602	4.70826	4.68621
50.70759	4.75517	4.79093	4.75517	4.71239
50.71672	4.7929	4.82584	4.7929	4.73857
50.726820000000004	4.83404	4.86074	4.83404	4.76475
50.73701	4.87495	4.90437	4.87495	4.7822
50.74707	4.91476	4.94801	4.91476	4.80838
50.75728	4.95454	4.99164	4.95454	4.83456
50.767340000000004	4.99318	5.03527	4.99318	4.86947
50.77747	5.03148	5.08764	5.03148	4.90438
50.787729999999996	5.06965	5.13127	5.06965	4.93928
50.79777	5.10639	5.18363	5.10639	4.97419
50.80888	5.14639	5.22726	5.14639	5.01782
50.81813	5.17919	5.27962	5.17919	5.06146
50.82821	5.21431	5.33198	5.21431	5.10509
50.83834	5.24902	5.38434	5.24902	5.14872
50.84843	5.28303	5.42797	5.28303	5.20108
50.85862	5.31675	5.47161	5.31675	5.24471
50.86872	5.34959	5.49779	5.34959	5.29707
50.88882	5.41205	5.52397	5.41205	5.39307
50.89326	5.42593	5.53269	5.42593	5.41052
50.90339	5.45685	5.54142	5.45685	5.45415
50.91367	5.48763	5.55015	5.48763	5.48033
50.923770000000005	5.51724	5.5676	5.51724	5.50651
50.93391	5.54641	5.59378	5.54641	5.51524
50.94393	5.57467	5.61123	5.57468	5.51524
50.95438	5.6035	5.64614	5.6035	5.51524
50.964209999999994	5.63009	5.67232	5.63009	5.51524
50.97437	5.65695	5.70723	5.65695	5.52397
50.98454	5.68325	5.74213	5.68325	5.53269
50.9946	5.7087	5.77704	5.7087	5.55015
51.00473	5.73372	5.81195	5.73372	5.5676
51.01505	5.75863	5.84685	5.75863	5.59378
51.025059999999996	5.78221	5.89049	5.78221	5.62869
51.03549	5.80616	5.92539	5.80616	5.65487
51.04527	5.82805	5.9603	5.82805	5.6985
51.05558	5.85057	5.97775	5.85057	5.73341
51.06573	5.87214	5.99521	5.87214	5.77704
51.07593	5.89321	5.99521	5.89321	5.81195
51.086000000000006	5.91345	5.99521	5.91345	5.85558
51.09615	5.93327	5.99521	5.93327	5.89921
51.10633	5.95258	5.98648	5.95258	5.93412
51.1165	5.97126	5.98648	5.97126	5.9603
51.12665	5.98934	5.99521	5.98934	5.97775
51.13678	6.00683	6.01266	6.00683	5.98648
51.14695	6.02379	6.03011	6.02378	5.98648
51.16507	6.0518	6.06502	6.0518	5.97775
51.16941	6.05855	6.08247	6.05855	5.96903
51.17965	6.07377	6.11738	6.07378	5.9603
51.19004	6.08863	6.14356	6.08863	5.94285
51.19982	6.10209	6.17847	6.10209	5.94285
51.209959999999995	6.11548	6.2221	6.11548	5.95157
51.22016	6.12838	6.25701	6.12838	5.9603
51.23025	6.14059	6.28319	6.14059	5.96903
51.24051	6.15243	6.29191	6.15243	5.99521
51.25054	6.16347	6.30937	6.16347	6.02139
51.26068	6.17408	6.30937	6.17408	6.04757
51.27084	6.18415	6.30064	6.18415	6.08247
51.28089	6.19359	6.29191	6.19359	6.11738
51.2911	6.20263	6.27446	6.20263	6.15229
51.30129	6.2111	6.24828	6.2111	6.17847
51.31147	6.21909	6.23955	6.21909	6.19592
51.32156	6.22637	6.23083	6.22637	6.21337
51.331759999999996	6.23325	6.23083	6.23325	6.21337
51.341809999999995	6.23953	6.23955	6.23953	6.20465
51.35198	6.24537	6.25701	6.24537	6.19592
51.36205	6.25066	6.27446	6.25066	6.17847
51.37231	6.25554	6.29191	6.25554	6.16101
51.38235	6.25984	6.32682	6.25984	6.13483
51.39248	6.26371	6.353	6.26371	6.10865
51.40263	6.26713	6.38791	6.26713	6.0912
51.412890000000004	6.27012	6.41409	6.27012	6.08247
51.42293	6.27264	6.42281	6.27264	6.08247
51.43306	6.27478	6.42281	6.27478	6.0912
51.44319	6.27655	6.42281	6.27655	6.10865
51.45327	6.28187	6.41409	6.28187	6.12611
51.463440000000006	6.28187	6.39663	6.28187	6.14356
51.47361	6.28187	6.37045	6.28187	6.17847
51.483779999999996	6.28187	6.34427	6.28187	6.21337
51.4939	6.28187	6.31809	6.28187	6.23955
51.50392	6.28187	6.29191	6.28187	6.257
51.51441	6.28187	6.26573	6.28187	6.26573
