23.50975	0.0	0.0	0.0	0.0
23.51783	0.00116	0.00873	0.00116	-0.02618
23.52835	0.00341	0.00873	0.00341	-0.04363
23.53838	0.00615	0.0	0.00615	-0.05236
23.548560000000002	0.00955	-0.00873	0.00955	-0.05236
23.558670000000003	0.01354	-0.01745	0.01354	-0.04363
23.56881	0.01816	-0.03491	0.01816	-0.03491
23.57899	0.02342	-0.06109	0.02342	-0.01745
23.589029999999998	0.02922	-0.08727	0.02922	0.0
23.59923	0.03572	-0.10472	0.03572	0.01745
23.609720000000003	0.0431	-0.11345	0.0431	0.05236
23.61958	0.05058	-0.12217	0.05058	0.07854
23.62966	0.05886	-0.11345	0.05886	0.10472
23.63981	0.06781	-0.10472	0.06781	0.1309
23.65004	0.07746	-0.09599	0.07746	0.15708
23.660079999999997	0.08753	-0.06981	0.08753	0.18326
23.6702	0.09829	-0.05236	0.09829	0.19199
23.68037	0.10973	-0.02618	0.10973	0.20071
23.6905	0.12175	0.0	0.12175	0.20071
23.70054	0.13426	0.03491	0.13426	0.19199
23.71097	0.14792	0.06981	0.14792	0.19199
23.72091	0.16152	0.09599	0.16151	0.17453
23.73099	0.17591	0.1309	0.17591	0.17453
23.74109	0.19095	0.16581	0.19095	0.18326
23.7513	0.20678	0.20071	0.20678	0.19199
23.76135	0.22297	0.23562	0.22296	0.20071
23.77144	0.23984	0.2618	0.23984	0.21817
23.78162	0.25747	0.27925	0.25747	0.24435
23.8	0.29183	0.29671	0.29183	0.2618
23.80441	0.29996	0.29671	0.29996	0.29671
23.815170000000002	0.32081	0.29671	0.32081	0.33161
23.8247	0.33976	0.29671	0.33976	0.35779
23.83488	0.36064	0.29671	0.36064	0.3927
23.845	0.38204	0.30543	0.38204	0.42761
23.85513	0.40405	0.31416	0.40405	0.46251
23.865289999999998	0.42676	0.33161	0.42675	0.48869
23.8754	0.44995	0.34907	0.44995	0.53233
23.88551	0.47378	0.37525	0.47378	0.56723
23.89566	0.49832	0.40143	0.49832	0.60214
23.90581	0.52345	0.42761	0.52345	0.64577
23.91647	0.55058	0.45379	0.55058	0.68068
23.92611	0.5756	0.48869	0.5756	0.72431
23.93627	0.60262	0.5236	0.60262	0.75922
23.94641	0.63025	0.5585	0.63025	0.7854
23.95647	0.65822	0.59341	0.65822	0.79413
23.96665	0.68718	0.62832	0.68718	0.80285
23.97682	0.71669	0.67195	0.71669	0.80285
23.986929999999997	0.74666	0.71558	0.74666	0.80285
23.99706	0.77729	0.75049	0.77729	0.81158
24.007189999999998	0.80854	0.79413	0.80854	0.82031
24.01785	0.84218	0.83776	0.84218	0.83776
24.02751	0.87313	0.88139	0.87313	0.86394
24.037589999999998	0.90609	0.92502	0.90609	0.89012
24.04772	0.93982	0.96866	0.93982	0.9163
24.057879999999997	0.97424	1.01229	0.97424	0.94248
24.06803	1.00928	1.05592	1.00928	0.97739
24.07817	1.04489	1.09956	1.04489	1.02102
24.088379999999997	1.08138	1.14319	1.08138	1.05593
24.0984	1.11775	1.18682	1.11775	1.09956
24.11906	1.19607	1.27409	1.19607	1.1781
24.123720000000002	1.21361	1.29154	1.21361	1.20428
24.13365	1.25178	1.3439	1.25178	1.24791
24.14416	1.29288	1.38754	1.29288	1.29154
24.153979999999997	1.33183	1.43117	1.33183	1.3439
24.16413	1.37268	1.45735	1.37268	1.39626
24.17426	1.41407	1.46608	1.41407	1.44862
24.184420000000003	1.45627	1.48353	1.45627	1.50098
24.19453	1.49882	1.50971	1.49882	1.55334
24.204639999999998	1.54198	1.53589	1.54198	1.59698
24.21491	1.58652	1.56207	1.58652	1.64934
24.22502	1.63094	1.58825	1.63094	1.7017
24.23522	1.67638	1.62316	1.67638	1.75406
24.24531	1.72189	1.65806	1.72189	1.80642
24.2554	1.76805	1.69297	1.76805	1.85878
24.265629999999998	1.81547	1.72788	1.81547	1.90241
24.27569	1.86276	1.77151	1.86276	1.95477
24.28582	1.91094	1.81514	1.91094	2.00713
24.29593	1.95966	1.85878	1.95966	2.05949
24.30609	2.00923	1.90241	2.00923	2.11185
24.31624	2.05938	1.94604	2.05938	2.16421
24.326420000000002	2.11031	1.98968	2.11031	2.21657
24.336660000000002	2.16215	2.04203	2.16215	2.26893
24.3467	2.21356	2.09439	2.21356	2.32129
24.35681	2.26595	2.14676	2.26595	2.36492
24.366999999999997	2.31938	2.19912	2.31938	2.41728
24.37714	2.37322	2.2602	2.37322	2.46964
24.39515	2.47116	2.35619	2.47116	2.56563
24.3995	2.495	2.38237	2.495	2.58309
24.40989	2.55246	2.44346	2.55246	2.63545
24.42004	2.6084	2.49582	2.6084	2.68781
24.42995	2.66409	2.55691	2.66409	2.74017
24.44003	2.72137	2.61799	2.72136	2.80125
24.45025	2.78005	2.67908	2.78005	2.84489
24.46033	2.83855	2.74017	2.83855	2.90597
24.47042	2.89777	2.80125	2.89777	2.95833
24.480610000000002	2.95814	2.86234	2.95814	3.01069
24.49073	3.01877	2.92343	3.01877	3.07178
24.50091	3.08035	2.98451	3.08035	3.12414
24.510920000000002	3.14147	3.0456	3.14148	3.1765
24.52243	3.21031	3.10669	3.2103	3.23759
24.539170000000002	3.30839	3.22013	3.30839	3.34231
24.54362	3.33452	3.24631	3.33451	3.36849
24.5538	3.39352	3.3074	3.39352	3.42957
24.56383	3.45106	3.36848	3.45106	3.49066
24.57413	3.50951	3.4383	3.50951	3.54302
24.58426	3.56642	3.49938	3.56642	3.60411
24.594379999999997	3.62266	3.56047	3.62266	3.66519
24.60454	3.67854	3.62156	3.67854	3.72628
24.61463	3.7334	3.68265	3.7334	3.78736
24.62558	3.79228	3.74373	3.79227	3.84845
24.63494	3.84206	3.80482	3.84206	3.90954
24.64538	3.89695	3.8659	3.89695	3.97062
24.655260000000002	3.94836	3.92699	3.94836	4.03171
24.66536	4.00026	3.98808	4.00026	4.0928
24.67551	4.05187	4.04916	4.05187	4.15388
24.68563	4.10268	4.10152	4.10268	4.20624
24.695729999999998	4.15284	4.15388	4.15284	4.26733
24.70598	4.20309	4.21497	4.20309	4.32842
24.71604	4.25183	4.27606	4.25182	4.38078
24.72691	4.3038	4.32842	4.3038	4.44186
24.736420000000003	4.34875	4.38078	4.34875	4.49422
24.74648	4.39569	4.43314	4.39569	4.55531
24.75658	4.4422	4.49422	4.4422	4.60767
24.76679	4.48865	4.54658	4.48865	4.66003
24.77686	4.53386	4.59894	4.53386	4.72112
24.78695	4.57856	4.6513	4.57856	4.77348
24.79712	4.62299	4.70366	4.62299	4.82584
24.80726	4.66673	4.7473	4.66673	4.8782
24.81736	4.70965	4.79966	4.70965	4.93055
24.828210000000002	4.75515	4.85201	4.75515	4.97419
24.83769	4.79431	4.90438	4.79431	5.0091
24.84783	4.83564	4.94801	4.83564	5.03528
24.85799	4.87644	4.99164	4.87644	5.044
24.86805	4.91624	5.02655	4.91624	5.05273
24.87821	4.95586	5.044	4.95586	5.06145
24.888370000000002	4.99488	5.05273	4.99488	5.07891
24.89846	5.033	5.06145	5.033	5.09636
24.90861	5.07079	5.07891	5.07079	5.11381
24.91873	5.10785	5.09636	5.10785	5.14
24.929579999999998	5.14692	5.12254	5.14691	5.16618
24.93919	5.18098	5.14872	5.18098	5.20108
24.94915	5.21568	5.1749	5.21568	5.23599
24.95929	5.25046	5.20108	5.25046	5.2709
24.969379999999997	5.28445	5.23599	5.28445	5.3058
24.97956	5.31815	5.26217	5.31815	5.34071
24.98966	5.351	5.28835	5.351	5.37561
24.9998	5.38337	5.32325	5.38337	5.41052
25.009929999999997	5.41512	5.35816	5.41512	5.45415
25.02005	5.44626	5.39307	5.44626	5.48906
25.03085	5.47881	5.42797	5.47881	5.53269
25.04042	5.50712	5.47161	5.50712	5.57633
25.05048	5.5363	5.50651	5.5363	5.62869
25.060570000000002	5.565	5.55015	5.565	5.67232
25.07115	5.59441	5.59378	5.59441	5.71595
25.0809	5.62099	5.63741	5.62099	5.76831
25.09101	5.64797	5.68105	5.64796	5.81195
25.1011	5.6743	5.72468	5.6743	5.84685
25.12136	5.72425	5.80322	5.72425	5.89921
25.12574	5.73512	5.82067	5.73512	5.90794
25.13627	5.7605	5.85558	5.7605	5.91667
25.14603	5.78347	5.86431	5.78347	5.91667
25.15611	5.8066	5.88176	5.8066	5.91667
25.16624	5.82929	5.89049	5.82929	5.90794
25.176460000000002	5.85157	5.89049	5.85157	5.90794
25.18655	5.87299	5.88176	5.87299	5.90794
25.19666	5.89389	5.87303	5.89388	5.91667
25.206789999999998	5.91424	5.86431	5.91424	5.93412
25.2169	5.93398	5.86431	5.93397	5.95157
25.22707	5.95324	5.86431	5.95324	5.96903
25.23725	5.97194	5.87303	5.97194	5.99521
25.247410000000002	5.99002	5.89049	5.99002	6.02139
25.25753	6.00747	5.89921	6.00747	6.04757
25.267670000000003	6.02437	5.92539	6.02437	6.07375
25.27775	6.04061	5.95157	6.04061	6.10865
25.28793	6.05644	5.96903	6.05644	6.13483
25.29806	6.07161	6.00393	6.07161	6.16974
25.30821	6.08624	6.03011	6.08624	6.19592
25.31832	6.10027	6.06502	6.10026	6.23083
25.32846	6.11376	6.09993	6.11376	6.24828
25.33867	6.12677	6.12611	6.12676	6.25701
25.34883	6.13915	6.16101	6.13915	6.25701
25.35892	6.1509	6.17846	6.1509	6.25701
25.36909	6.16218	6.18719	6.16218	6.24828
25.37921	6.17285	6.19592	6.17285	6.23955
25.38936	6.18301	6.19592	6.18301	6.23083
25.39948	6.19259	6.17846	6.19259	6.21337
25.40962	6.20164	6.17846	6.20164	6.19592
25.419729999999998	6.21014	6.16101	6.21013	6.19592
25.43001	6.21822	6.14356	6.21822	6.20465
25.44006	6.2256	6.12611	6.2256	6.21337
25.45027	6.23256	6.11738	6.23256	6.23083
25.46031	6.23891	6.11738	6.23891	6.24828
25.47043	6.24479	6.11738	6.24479	6.26573
25.48079	6.25027	6.12611	6.25027	6.28319
25.49073	6.25507	6.14356	6.25507	6.30937
25.5009	6.25948	6.16101	6.25948	6.33555
25.51093	6.26337	6.17846	6.26337	6.36173
25.521060000000002	6.26683	6.20464	6.26683	6.37045
25.531370000000003	6.2699	6.23083	6.26989	6.37045
25.54138	6.27246	6.25701	6.27246	6.37045
25.55153	6.27464	6.27446	6.27464	6.37045
25.56162	6.27644	6.28319	6.27644	6.353
25.57174	6.28193	6.29191	6.28193	6.34427
25.581870000000002	6.28193	6.29191	6.28193	6.32682
25.59205	6.28193	6.28319	6.28193	6.30064
25.61149	6.28193	6.27446	6.28193	6.28319
25.61586	6.28193	6.24828	6.28193	6.25701
25.636860000000002	6.28193	6.21337	6.28193	6.2221
25.6413	6.28193	6.19592	6.28193	6.21337
25.651529999999998	6.28193	6.16974	6.28193	6.20465
25.661579999999997	6.28193	6.14356	6.28193	6.20465
25.67168	6.28193	6.12611	6.28193	6.20465
25.68185	6.28193	6.12611	6.28193	6.21337
25.69199	6.28193	6.12611	6.28193	6.23083
25.702189999999998	6.28193	6.12611	6.28193	6.24828
25.712229999999998	6.28193	6.13483	6.28193	6.26573
25.72237	6.28193	6.14356	6.28193	6.29191
25.73281	6.28193	6.16974	6.28193	6.31809
