60.65967	0.0	0.0	0.0	0.0
60.669819999999994	0.00159	0.03491	0.00159	-0.01745
60.67994	0.0038	0.05236	0.0038	-0.03491
60.69818000000001	0.01022	0.06109	0.01022	-0.03491
60.702780000000004	0.01177	0.06109	0.01177	-0.01745
60.71269	0.01587	0.05236	0.01587	0.0
60.722809999999996	0.02068	0.03491	0.02068	0.02618
60.732980000000005	0.02613	0.01745	0.02613	0.05236
60.74306	0.03214	-0.00873	0.03214	0.08727
60.75317	0.03879	-0.03491	0.03879	0.12217
60.763369999999995	0.04612	-0.06981	0.04612	0.15708
60.7814	0.06145	-0.09599	0.06145	0.18326
60.785759999999996	0.06509	-0.11345	0.06509	0.20944
60.79591	0.07436	-0.11345	0.07436	0.20944
60.806090000000005	0.08429	-0.10472	0.08429	0.20944
60.81625	0.09482	-0.07854	0.09482	0.20944
60.82636	0.1059	-0.05236	0.1059	0.19199
60.83653	0.11768	-0.01745	0.11768	0.17453
60.846630000000005	0.12997	0.02618	0.12997	0.16581
60.856719999999996	0.14287	0.06981	0.14287	0.15708
60.86691999999999	0.15654	0.11345	0.15654	0.15708
60.88721999999999	0.18684	0.19199	0.18684	0.17453
60.89159	0.19325	0.20944	0.19325	0.19199
60.90172	0.20894	0.24435	0.20894	0.20944
60.911809999999996	0.22518	0.27053	0.22518	0.23562
60.92199	0.24225	0.27925	0.24225	0.27053
60.93212	0.25972	0.28798	0.25972	0.30543
60.94226999999999	0.2779	0.27925	0.2779	0.34034
60.95241	0.2967	0.27925	0.29669	0.37525
60.96369	0.31841	0.2618	0.31841	0.41888
60.98149	0.3549	0.24435	0.3549	0.45379
60.98585	0.36376	0.22689	0.36376	0.50615
61.00464	0.40496	0.22689	0.40496	0.57596
61.008959999999995	0.41435	0.22689	0.41435	0.59341
61.01916	0.43734	0.24435	0.43734	0.62832
61.02925	0.46066	0.27053	0.46066	0.63705
61.03943	0.48484	0.30543	0.48484	0.64577
61.04951	0.50939	0.34907	0.50939	0.64577
61.060590000000005	0.53716	0.40143	0.53716	0.63705
61.069869999999995	0.56086	0.45379	0.56086	0.62832
61.08003000000001	0.58746	0.51487	0.58746	0.61959
61.090140000000005	0.61462	0.56723	0.61462	0.61959
61.10024	0.64222	0.62832	0.64222	0.62832
61.11054	0.67107	0.68068	0.67107	0.63705
61.12056	0.69975	0.72431	0.69975	0.6545
61.13111	0.73063	0.76794	0.73063	0.68068
61.14086999999999	0.75973	0.80285	0.75973	0.72431
61.15093	0.79033	0.8203	0.79033	0.76794
61.161880000000004	0.82445	0.83776	0.82445	0.81158
61.17131	0.85425	0.83776	0.85425	0.87266
61.181430000000006	0.88692	0.83776	0.88692	0.92502
61.19151	0.92003	0.83776	0.92003	0.97738
61.20166999999999	0.95407	0.84648	0.95407	1.02974
61.21176	0.98845	0.85521	0.98845	1.0821
61.221940000000004	1.02376	0.87266	1.02376	1.14319
61.23206999999999	1.05955	0.90757	1.05955	1.19555
61.24225	1.09611	0.93375	1.09611	1.25664
61.25233000000001	1.13293	0.97738	1.13293	1.30027
61.26314	1.17315	1.02102	1.17315	1.32645
61.27259	1.20877	1.0821	1.20877	1.36136
61.2827	1.24753	1.13446	1.24753	1.37008
61.29294	1.28743	1.19555	1.28743	1.37881
61.302980000000005	1.32715	1.25664	1.32715	1.38754
61.31312	1.3679	1.31772	1.3679	1.39626
61.323280000000004	1.40933	1.37881	1.40933	1.41372
61.3334	1.45119	1.43117	1.45119	1.4399
61.34359	1.49399	1.49226	1.49399	1.46608
61.353669999999994	1.53693	1.55334	1.53693	1.50098
61.364380000000004	1.58333	1.6057	1.58332	1.54462
61.37405	1.62566	1.65806	1.62566	1.59698
61.38406	1.6701	1.71042	1.6701	1.64934
61.39415	1.71553	1.76278	1.71553	1.71042
61.40427	1.76173	1.78896	1.76173	1.77151
61.414390000000004	1.80855	1.81514	1.80855	1.84132
61.424530000000004	1.85606	1.8326	1.85606	1.90241
61.43472	1.90441	1.84132	1.90441	1.97222
61.444880000000005	1.95324	1.85878	1.95324	2.04204
61.454969999999996	2.00237	1.87623	2.00237	2.10312
61.47436	2.09963	1.93732	2.09963	2.2253
61.47877	2.12157	1.95477	2.12157	2.25148
61.48887	2.1728	1.98968	2.1728	2.32129
61.499030000000005	2.22493	2.04203	2.22493	2.38237
61.509130000000006	2.27741	2.10312	2.27741	2.44346
61.5193	2.3308	2.16421	2.3308	2.50455
61.52939	2.38445	2.23402	2.38445	2.54818
61.539609999999996	2.43942	2.31256	2.43942	2.59181
61.54975	2.49452	2.3911	2.49452	2.61799
61.559830000000005	2.54992	2.47837	2.54992	2.64417
61.570930000000004	2.61176	2.56563	2.61176	2.67035
61.58115	2.66923	2.64417	2.66923	2.70526
61.59121	2.7264	2.72271	2.7264	2.74017
61.60136	2.78475	2.79253	2.78475	2.77507
61.61169	2.84481	2.87107	2.84481	2.81871
61.62175	2.90375	2.94088	2.90375	2.87107
61.63225	2.96614	3.01069	2.96614	2.93215
61.64196	3.02423	3.07178	3.02423	2.99324
61.65205	3.08529	3.14159	3.08529	3.06305
61.662659999999995	3.1502	3.20268	3.1502	3.14159
61.672419999999995	3.20871	3.25504	3.20871	3.21141
61.68254	3.26877	3.29867	3.26877	3.29867
61.692859999999996	3.3294	3.35103	3.3294	3.37721
61.70281	3.38734	3.39467	3.38734	3.45575
61.71294	3.44561	3.4383	3.44561	3.54302
61.72306	3.50326	3.49066	3.50326	3.62156
61.73335	3.56129	3.52556	3.56129	3.7001
61.74332	3.61691	3.57792	3.61691	3.76991
61.75342	3.67259	3.63028	3.67259	3.84845
61.77188	3.77207	3.68264	3.77207	3.92699
61.77626	3.79566	3.74373	3.79566	3.9968
61.78644	3.84988	3.79609	3.84988	4.04916
61.79663000000001	3.90346	3.85718	3.90346	4.0928
61.80665	3.95563	3.90954	3.95563	4.11898
61.81684	4.00804	3.9619	4.00804	4.14516
61.82699	4.05967	4.01426	4.05967	4.15388
61.83712	4.11057	4.07534	4.11057	4.17134
61.847269999999995	4.16099	4.1277	4.16099	4.18879
61.857369999999996	4.21052	4.18006	4.21052	4.21497
61.86755	4.25983	4.23242	4.25983	4.24115
61.87775	4.30867	4.28478	4.30867	4.27606
61.88819	4.35803	4.33714	4.35803	4.31969
61.898030000000006	4.40393	4.3895	4.40393	4.37205
61.90811	4.45037	4.44186	4.45037	4.42441
61.91831	4.49675	4.49422	4.49675	4.4855
61.92841	4.54208	4.53786	4.54208	4.54658
61.93854	4.58696	4.59022	4.58696	4.6164
61.948780000000006	4.6317	4.64258	4.6317	4.67748
61.958769999999994	4.67475	4.69494	4.67475	4.7473
61.96893000000001	4.71794	4.7473	4.71794	4.81711
61.979119999999995	4.76069	4.79093	4.76069	4.88692
61.989259999999994	4.80258	4.83456	4.80258	4.94801
61.999469999999995	4.84416	4.86074	4.84416	5.01782
62.0096	4.88479	4.88692	4.88479	5.07018
62.019690000000004	4.9247	4.90438	4.9247	5.11381
62.02984	4.96423	4.92183	4.96423	5.14872
62.04	5.00319	4.94801	5.00319	5.16617
62.05007	5.04123	4.98291	5.04123	5.18363
62.06029	5.07922	5.00909	5.07922	5.18363
62.07035	5.11601	5.044	5.116	5.18363
62.080580000000005	5.15285	5.08763	5.15285	5.18363
62.09072	5.18873	5.12254	5.18873	5.19235
62.101000000000006	5.22449	5.15745	5.22449	5.20108
62.11096	5.25857	5.20108	5.25857	5.22726
62.12129	5.29406	5.23599	5.29406	5.25344
62.1313	5.32636	5.27962	5.32635	5.28835
62.14139	5.35911	5.32325	5.35911	5.33198
62.151559999999996	5.39149	5.35816	5.39149	5.37561
62.161680000000004	5.42313	5.40179	5.42313	5.42797
62.171769999999995	5.45415	5.44543	5.45415	5.48033
62.18201	5.48493	5.48906	5.48493	5.54142
62.192130000000006	5.5148	5.53269	5.5148	5.59378
62.202259999999995	5.54416	5.5676	5.54416	5.64614
62.212419999999995	5.57286	5.59378	5.57286	5.70723
62.22274	5.60149	5.61123	5.60149	5.75959
62.23261	5.6283	5.61996	5.6283	5.81195
62.51619	5.71137	4.86074	5.71137	5.22726
62.526309999999995	5.72243	4.83456	5.72243	5.18363
62.53661999999999	5.73361	4.81711	5.73361	5.16617
62.546640000000004	5.74435	4.83456	5.74435	5.16617
62.55738	5.75574	4.86947	5.75574	5.20108
62.566930000000006	5.76577	4.92183	5.76577	5.25344
62.577090000000005	5.77633	4.99164	5.77633	5.31453
62.58725	5.78678	5.07891	5.78678	5.39307
62.59744	5.79714	5.16618	5.79714	5.48033
62.60755	5.80733	5.27089	5.80733	5.58505
62.61773	5.81746	5.37561	5.81746	5.68977
62.62866999999999	5.82823	5.49779	5.82823	5.81195
62.637969999999996	5.83727	5.61996	5.83727	5.92539
62.64809	5.84702	5.75086	5.84702	6.03884
62.65824	5.85668	5.88176	5.85668	6.13483
62.6684	5.86623	6.00393	5.86624	6.21337
62.67851999999999	5.87565	6.10865	5.87565	6.27446
62.688719999999996	5.88502	6.19592	5.88502	6.30937
62.69885	5.89423	6.24828	5.89423	6.31809
62.70909	5.90341	6.28319	5.90341	6.30937
62.71913000000001	5.91231	6.28319	5.91231	6.28319
62.729330000000004	5.92124	6.25701	5.92124	6.24828
62.73948000000001	5.93002	6.21337	5.93002	6.19592
62.74965	5.9387	6.16101	5.93869	6.1261
62.759840000000004	5.94729	6.08247	5.94729	6.06502
62.77008000000001	5.9558	6.00393	5.9558	5.99521
62.7801	5.96403	5.91667	5.96403	5.93412
62.79035	5.97232	5.8294	5.97232	5.87303
62.8004	5.98035	5.75959	5.98035	5.8294
62.81052	5.98833	5.71595	5.98833	5.81195
62.8207	5.99624	5.68105	5.99624	5.82067
62.8308	6.00399	5.66359	6.00399	5.83813
62.84092	6.01163	5.67232	6.01163	5.87303
62.8511	6.01921	5.6985	6.01921	5.92539
62.86124	6.02665	5.75086	6.02665	5.98648
62.87164	6.0343	5.81195	6.0343	6.04757
62.883430000000004	6.04254	5.88176	6.04254	6.10865
62.89236	6.0488	5.9603	6.0488	6.17847
62.90249	6.05578	6.03884	6.05578	6.23955
62.91256	6.06262	6.10865	6.06262	6.29191
62.92267	6.06938	6.17847	6.06938	6.33554
62.932930000000006	6.07612	6.2221	6.07612	6.353
62.94294	6.08259	6.24828	6.08259	6.353
62.95307	6.08903	6.26573	6.08904	6.34427
62.96318	6.09536	6.25701	6.09536	6.32682
62.97335	6.10161	6.23955	6.10161	6.30064
62.991659999999996	6.11242	6.20465	6.11242	6.26573
62.9967	6.11547	6.14356	6.11547	6.21337
63.00623	6.12093	6.09993	6.12093	6.17847
63.01636	6.12668	6.05629	6.12668	6.14356
63.02644	6.13231	6.00393	6.13231	6.11738
63.036609999999996	6.13787	5.96903	6.13787	6.09993
63.046690000000005	6.14328	5.95157	6.14328	6.0912
63.056869999999996	6.14863	5.93412	6.14863	6.0912
63.067	6.15385	5.93412	6.15385	6.09993
63.07719	6.15899	5.94285	6.15899	6.10865
63.0885	6.16455	5.96903	6.16455	6.1261
63.09744	6.16887	5.99521	6.16887	6.15229
63.10776	6.17375	6.03011	6.17375	6.17847
63.11786	6.17841	6.07375	6.17841	6.20464
63.12798000000001	6.18297	6.10865	6.18297	6.23955
63.13816	6.18745	6.15229	6.18745	6.27446
63.148309999999995	6.19181	6.19592	6.19181	6.30937
63.15844	6.19605	6.23955	6.19605	6.33554
63.16854	6.20018	6.26573	6.20018	6.353
63.17868000000001	6.20421	6.28319	6.20421	6.37045
63.190059999999995	6.2086	6.28319	6.2086	6.37918
63.198969999999996	6.21195	6.28319	6.21195	6.37918
63.20913	6.21568	6.26573	6.21568	6.37045
63.21926	6.21928	6.24828	6.21928	6.36173
63.22936	6.22276	6.2221	6.22276	6.34427
63.239540000000005	6.22617	6.19592	6.22617	6.32682
63.249759999999995	6.22948	6.16974	6.22948	6.30937
63.25979	6.23263	6.14356	6.23263	6.28319
63.26995	6.23571	6.11738	6.23571	6.26573
63.2802	6.23871	6.10865	6.23871	6.23955
63.29144	6.24187	6.09993	6.24187	6.23083
63.30072	6.24439	6.09993	6.24439	6.23083
63.31052	6.24696	6.10865	6.24696	6.23083
63.320640000000004	6.24951	6.12611	6.24951	6.23955
63.33071999999999	6.25194	6.14356	6.25194	6.257
63.34098	6.25431	6.16974	6.25431	6.28319
63.35102	6.25654	6.19592	6.25654	6.30064
63.3612	6.25868	6.2221	6.25868	6.32682
63.37124	6.2607	6.24828	6.2607	6.353
63.38155	6.26266	6.27446	6.26266	6.3879
63.39272	6.26467	6.28319	6.26467	6.40536
63.40173000000001	6.26621	6.28319	6.26621	6.42281
63.41186999999999	6.26785	6.28319	6.26785	6.42281
63.422	6.26938	6.27446	6.26938	6.42281
63.432080000000006	6.27081	6.26573	6.27081	6.42281
63.44225	6.27215	6.24828	6.27215	6.40536
63.45242	6.2734	6.2221	6.2734	6.3879
63.462540000000004	6.27454	6.20465	6.27454	6.37045
63.47261999999999	6.27559	6.17847	6.27559	6.353
63.48294	6.27657	6.17847	6.27657	6.31809
63.49422	6.27752	6.16974	6.27752	6.30064
63.5032	6.2821	6.17847	6.2821	6.27446
63.51331999999999	6.2821	6.18719	6.2821	6.26573
63.523759999999996	6.2821	6.20465	6.2821	6.257
63.534169999999996	6.2821	6.21337	6.2821	6.257
63.54396	6.2821	6.23955	6.2821	6.26573
63.55405	6.2821	6.26573	6.2821	6.28319
63.56415	6.2821	6.28319	6.2821	6.30937
63.57439	6.2821	6.29191	6.2821	6.33554
63.58464	6.2821	6.30064	6.2821	6.37045
