45.25972	0.0	0.0	0.0	0.0
45.26767	0.00115	-0.00873	0.00115	0.01745
45.27775	0.0033	-0.03491	0.0033	0.03491
45.28787	0.00606	-0.05236	0.00606	0.05236
45.29806	0.00948	-0.08727	0.00948	0.07854
45.30818	0.01348	-0.11345	0.01348	0.11345
45.3183	0.01809	-0.14835	0.01808	0.13963
45.32846	0.02334	-0.15708	0.02334	0.15708
45.33855	0.02916	-0.16581	0.02916	0.17453
45.34872	0.03566	-0.15708	0.03566	0.18326
45.3598	0.04351	-0.14835	0.04351	0.18326
45.36903	0.0505	-0.1309	0.0505	0.17453
45.37921	0.05886	-0.11345	0.05886	0.16581
45.389340000000004	0.0678	-0.07854	0.0678	0.14835
45.399409999999996	0.07729	-0.04363	0.07729	0.1309
45.40967	0.08759	-0.00873	0.0876	0.11345
45.41968	0.09824	0.02618	0.09824	0.10472
45.429840000000006	0.10967	0.06109	0.10967	0.10472
45.43998	0.1217	0.08727	0.1217	0.11345
45.45009	0.13431	0.10472	0.13431	0.12217
45.46111	0.14881	0.11345	0.14881	0.14835
45.47045	0.16156	0.11345	0.16156	0.17453
45.48062	0.17611	0.10472	0.17611	0.20071
45.49073	0.19118	0.09599	0.19118	0.23562
45.500820000000004	0.20683	0.08727	0.20683	0.27925
45.51099	0.22322	0.07854	0.22322	0.31416
45.52113	0.24018	0.08727	0.24018	0.34906
45.531240000000004	0.25772	0.09599	0.25772	0.3927
45.5414	0.27594	0.10472	0.27594	0.42761
45.55153	0.29476	0.1309	0.29476	0.46251
45.56231	0.31548	0.14835	0.31548	0.47996
45.57176	0.33412	0.18326	0.33412	0.49742
45.5819	0.35479	0.21817	0.35479	0.49742
45.59207	0.37613	0.25307	0.37613	0.49742
45.602709999999995	0.39917	0.28798	0.39917	0.49742
45.61269	0.42132	0.33161	0.42133	0.48869
45.62245	0.44357	0.36652	0.44357	0.49742
45.63252	0.46715	0.41015	0.46715	0.50615
45.64268	0.49157	0.44506	0.49157	0.5236
45.65278	0.51644	0.48869	0.51644	0.54105
45.66355	0.54372	0.5236	0.54372	0.56723
45.673429999999996	0.56924	0.54978	0.56924	0.59341
45.68325	0.5952	0.5585	0.5952	0.62832
45.69335	0.62253	0.56723	0.62253	0.67195
45.7035	0.65062	0.56723	0.65062	0.71558
45.72186	0.7039	0.56723	0.7039	0.75049
45.72622	0.71646	0.57596	0.71646	0.80285
45.73636	0.74653	0.58469	0.74653	0.84648
45.74648	0.77717	0.61086	0.77717	0.89012
45.75662	0.80845	0.63705	0.80845	0.93375
45.76774	0.84356	0.66322	0.84356	0.97738
45.776920000000004	0.87295	0.69813	0.87295	1.02974
45.78713	0.90633	0.73304	0.90633	1.06465
45.79718	0.93978	0.77667	0.93978	1.10828
45.807320000000004	0.97418	0.82903	0.97418	1.13446
45.81745	1.00913	0.87266	1.00913	1.15192
45.82762	1.04482	0.92502	1.04482	1.16937
45.83775	1.08102	0.96866	1.08102	1.1781
45.84789	1.11786	1.02974	1.11786	1.19555
45.85803	1.15532	1.07338	1.15532	1.213
45.869170000000004	1.19731	1.13446	1.19731	1.23918
45.87835	1.23227	1.18682	1.23227	1.26536
45.8885	1.27164	1.23918	1.27164	1.30027
45.89863	1.31153	1.29154	1.31153	1.33518
45.90872	1.35184	1.3439	1.35185	1.37881
45.91888	1.3931	1.38754	1.3931	1.42244
45.92899	1.43477	1.42244	1.43477	1.4748
45.93919	1.4774	1.4399	1.4774	1.51844
45.9493	1.5203	1.45735	1.5203	1.57952
45.96926	1.60797	1.4748	1.60797	1.67552
45.97377	1.62767	1.48353	1.62767	1.71042
45.98382	1.67241	1.50971	1.67241	1.76278
45.99398	1.71819	1.53589	1.71819	1.82387
46.00401	1.76403	1.5708	1.76403	1.87623
46.0144	1.81217	1.61443	1.81217	1.93732
46.02425	1.85836	1.65806	1.85836	1.98967
46.0344	1.90659	1.71042	1.90659	2.04203
46.0446	1.95576	1.77151	1.95576	2.10312
46.054759999999995	2.00529	1.83259	2.00529	2.15548
46.06488	2.05521	1.90241	2.05521	2.20784
46.083059999999996	2.14736	2.02458	2.14736	2.30383
46.08744	2.16946	2.05076	2.16946	2.32129
46.09763	2.22178	2.1293	2.22178	2.37365
46.107690000000005	2.27399	2.19039	2.27399	2.42601
46.11788	2.32755	2.2602	2.32755	2.47837
46.128	2.3813	2.33001	2.3813	2.53073
46.13814	2.43583	2.39983	2.43583	2.57436
46.14828	2.49096	2.46964	2.49096	2.62672
46.158390000000004	2.54651	2.53073	2.54651	2.67908
46.16855	2.60298	2.59181	2.60298	2.73144
46.17876	2.6604	2.66163	2.6604	2.7838
46.18884	2.71757	2.71399	2.71757	2.83616
46.19896	2.7757	2.77507	2.7757	2.88852
46.20908	2.83436	2.82743	2.83436	2.94088
46.21927	2.89411	2.88852	2.89411	2.99324
46.22937	2.95394	2.94088	2.95393	3.05433
46.2395	3.01456	2.99324	3.01456	3.10669
46.24965	3.07589	3.0456	3.07589	3.15905
46.25975	3.13752	3.09796	3.13752	3.21141
46.269909999999996	3.19835	3.15032	3.19835	3.27249
46.28007	3.25854	3.20268	3.25854	3.33358
46.29022	3.31811	3.25504	3.31811	3.39467
46.30036	3.37697	3.3074	3.37697	3.45575
46.31047	3.43509	3.35976	3.43509	3.51684
46.32058	3.49255	3.41212	3.49255	3.57792
46.33076	3.54989	3.45575	3.54989	3.63901
46.34094	3.60656	3.50811	3.60656	3.7001
46.35109	3.66247	3.56047	3.66247	3.76991
46.36121	3.7176	3.62156	3.7176	3.831
46.37157	3.77344	3.67392	3.77344	3.89208
46.38152	3.82653	3.72628	3.82653	3.95317
46.39167	3.88	3.78736	3.88	4.01426
46.40183	3.93293	3.83972	3.93293	4.06662
46.41192	3.98494	3.90081	3.98494	4.13643
46.42201	4.03637	3.95317	4.03637	4.18879
46.43221	4.0877	4.00553	4.0877	4.24988
46.4423	4.13791	4.06662	4.13791	4.31096
46.45245	4.18779	4.1277	4.18779	4.36332
46.46253	4.23677	4.18006	4.23677	4.41568
46.472879999999996	4.28644	4.24115	4.28644	4.46804
46.4829	4.33393	4.29351	4.33393	4.5204
46.49301	4.38123	4.34587	4.38123	4.54658
46.5031	4.42782	4.39823	4.42782	4.57276
46.513220000000004	4.47399	4.45059	4.47399	4.59022
46.52337	4.5197	4.50295	4.5197	4.6164
46.53355	4.56492	4.55531	4.56492	4.64257
46.54367	4.60929	4.60767	4.60929	4.67748
46.55379	4.65305	4.6513	4.65305	4.71239
46.56388	4.69612	4.67748	4.69612	4.75602
46.57432	4.74002	4.69493	4.74002	4.79093
46.58419	4.78099	4.71239	4.78098	4.83456
46.59455	4.82332	4.73857	4.82332	4.88692
46.60535	4.86677	4.76475	4.86676	4.93928
46.615359999999995	4.90647	4.79093	4.90647	4.98292
46.62556	4.94632	4.82583	4.94632	5.03527
46.6357	4.98537	4.86074	4.98537	5.07891
46.64584	5.02381	4.89565	5.02381	5.13127
46.656000000000006	5.06172	4.93055	5.06172	5.18363
46.666109999999996	5.09886	4.97419	5.09886	5.22726
46.67693	5.13793	5.01782	5.13793	5.27962
46.68647	5.17182	5.06145	5.17182	5.33198
46.69663	5.20733	5.11381	5.20733	5.38434
46.70673	5.24207	5.15745	5.24207	5.42797
46.71682	5.27617	5.20981	5.27617	5.45415
46.72701	5.31	5.25344	5.31	5.48033
46.73713	5.34302	5.3058	5.34302	5.48906
46.74729	5.37557	5.35816	5.37557	5.49779
46.75739	5.40734	5.40179	5.40734	5.49779
46.7675	5.43854	5.44543	5.43854	5.50651
46.77818	5.47086	5.47161	5.47086	5.52397
46.788109999999996	5.50035	5.48906	5.50034	5.54142
46.797959999999996	5.52901	5.50651	5.52901	5.5676
46.80808	5.5579	5.50651	5.55791	5.59378
46.8182	5.58619	5.50651	5.58619	5.62869
46.828379999999996	5.61407	5.49779	5.61407	5.66359
46.83852	5.64122	5.49779	5.64122	5.6985
46.84864	5.66776	5.50651	5.66776	5.74213
46.858779999999996	5.69375	5.52397	5.69375	5.77704
46.86888	5.71906	5.54142	5.71907	5.82067
46.89012	5.76905	5.59378	5.76905	5.90794
46.89451	5.77946	5.61123	5.77946	5.92539
46.90465	5.8028	5.64614	5.8028	5.95157
46.91475	5.82548	5.68105	5.82548	5.98648
46.9249	5.84768	5.71595	5.84768	5.99521
46.93508	5.86937	5.76831	5.86937	6.00393
46.94515	5.89025	5.81195	5.89025	6.00393
46.95532	5.91074	5.85558	5.91074	6.00393
46.96542	5.93053	5.89921	5.93053	6.00393
46.97566	5.95	5.94285	5.95	6.00393
46.986000000000004	5.96906	5.9603	5.96906	6.01266
46.99613	5.98715	5.97775	5.98715	6.02139
47.006209999999996	6.0046	5.9952	6.0046	6.04757
47.01639	6.02163	5.9952	6.02163	6.06502
47.0265	6.03797	5.98648	6.03798	6.0912
47.03674	6.05395	5.97775	6.05395	6.1261
47.04678	6.06907	5.96903	6.06907	6.16101
47.05695	6.08381	5.9603	6.08381	6.19592
47.06711	6.09797	5.95157	6.09797	6.23082
47.07717	6.11143	5.95157	6.11143	6.26573
47.08739	6.12453	5.9603	6.12453	6.29191
47.09779	6.13726	5.97775	6.13726	6.30937
47.107859999999995	6.14906	5.9952	6.14906	6.31809
47.118	6.16038	6.02139	6.16038	6.31809
47.12811	6.17111	6.04756	6.17111	6.30937
47.13827	6.18135	6.07375	6.18135	6.30064
47.14842	6.19103	6.10865	6.19103	6.29191
47.15854	6.20013	6.13483	6.20013	6.26573
47.16867	6.20872	6.16974	6.20872	6.257
47.17876	6.21673	6.20464	6.21673	6.257
47.18899999999999	6.22433	6.2221	6.22433	6.257
47.19931	6.23143	6.2221	6.23143	6.26573
47.20946	6.23791	6.2221	6.23791	6.28319
47.21962	6.24387	6.2221	6.24387	6.30064
47.2297	6.24929	6.20464	6.24929	6.31809
47.23987	6.25426	6.18719	6.25426	6.353
47.250009999999996	6.25873	6.16974	6.25873	6.37918
47.26018	6.26273	6.14356	6.26273	6.40536
47.2703	6.26625	6.11738	6.26625	6.41409
47.280390000000004	6.26931	6.10865	6.26931	6.42281
47.290620000000004	6.27199	6.10865	6.27199	6.42281
47.30079	6.27423	6.10865	6.27423	6.40536
47.3109	6.27608	6.11738	6.27608	6.39663
47.32101	6.28181	6.13483	6.28181	6.3879
47.33143	6.28181	6.15229	6.28181	6.36172
47.341609999999996	6.28181	6.17846	6.28181	6.33555
47.351729999999996	6.28181	6.20464	6.28181	6.31809
47.36192	6.28181	6.23955	6.28181	6.30937
47.37193	6.28181	6.257	6.28181	6.30064
47.382090000000005	6.28181	6.27446	6.28181	6.30064
