19.383689999999998	0.0	0.0	0.0	0.0
19.39379	0.00153	0.0	0.00153	0.02618
19.40391	0.00369	0.0	0.00369	0.03491
19.41425	0.00654	0.00873	0.00653	0.04363
19.424220000000002	0.00987	0.01745	0.00987	0.04363
19.43435	0.01387	0.04363	0.01387	0.04363
19.44449	0.0185	0.06109	0.0185	0.03491
19.454620000000002	0.02375	0.08727	0.02375	0.01745
19.46474	0.02958	0.11345	0.02958	0.0
19.47492	0.03608	0.13963	0.03608	-0.00873
19.4851	0.04321	0.17453	0.04321	-0.02618
19.49519	0.05088	0.20071	0.05088	-0.02618
19.50558	0.05944	0.22689	0.05944	-0.01745
19.51591	0.06858	0.23562	0.06858	-0.00873
19.52561	0.07772	0.24435	0.07772	0.00873
19.53581	0.08796	0.24435	0.08796	0.02618
19.545920000000002	0.09873	0.23562	0.09873	0.04363
19.55604	0.11011	0.22689	0.11011	0.06981
19.56617	0.12212	0.21817	0.12212	0.09599
19.57629	0.13475	0.21817	0.13475	0.12217
19.5865	0.14811	0.21817	0.14811	0.14835
19.59686	0.16232	0.22689	0.16232	0.18326
19.61648	0.19208	0.2618	0.19208	0.23562
19.620910000000002	0.19871	0.2618	0.19871	0.25307
19.63138	0.21524	0.28798	0.21524	0.27925
19.641189999999998	0.23128	0.31416	0.23128	0.31416
19.65127	0.24838	0.33161	0.24838	0.34907
19.6614	0.26618	0.36652	0.26618	0.38397
19.67151	0.28458	0.3927	0.28457	0.40143
19.68273	0.30578	0.41888	0.30578	0.41015
19.691779999999998	0.32329	0.45379	0.32329	0.41888
19.70195	0.34364	0.48869	0.34363	0.41888
19.7122	0.36479	0.5236	0.36479	0.41888
19.72222	0.38605	0.5585	0.38605	0.42761
19.73272	0.40901	0.59341	0.40901	0.42761
19.74247	0.43088	0.62832	0.43088	0.44506
19.752570000000002	0.45415	0.66323	0.45415	0.46251
19.76285	0.47849	0.70686	0.47849	0.48869
19.77282	0.50268	0.74177	0.50268	0.51487
19.784010000000002	0.53064	0.7854	0.53064	0.53233
19.79334	0.55439	0.81158	0.55439	0.56723
19.80327	0.58026	0.83776	0.58026	0.60214
19.81341	0.60735	0.84649	0.60735	0.63705
19.8314	0.65776	0.85521	0.65776	0.69813
19.83578	0.66994	0.85521	0.66994	0.70686
19.84593	0.69902	0.85521	0.69902	0.75049
19.8561	0.72876	0.86394	0.72876	0.7854
19.86621	0.75898	0.88139	0.75898	0.82903
19.87629	0.78969	0.89012	0.78969	0.86394
19.88772	0.82537	0.9163	0.82537	0.90757
19.89658	0.85337	0.94248	0.85337	0.95121
19.90682	0.88646	0.96866	0.88646	0.98611
19.91687	0.91954	0.99484	0.91954	1.02974
19.92697	0.95337	1.02974	0.95337	1.07338
19.937179999999998	0.98823	1.06465	0.98823	1.11701
19.94727	1.02326	1.09956	1.02326	1.16064
19.9574	1.05906	1.13446	1.05906	1.20428
19.96752	1.09542	1.16937	1.09542	1.24791
19.977710000000002	1.13268	1.213	1.13268	1.29154
19.996920000000003	1.20567	1.25664	1.20567	1.33518
20.00137	1.22244	1.309	1.22244	1.39626
20.01146	1.2614	1.35263	1.2614	1.4399
20.02159	1.3011	1.39626	1.3011	1.49226
20.03177	1.34162	1.44862	1.34161	1.53589
20.04186	1.38236	1.49226	1.38236	1.57952
20.052039999999998	1.42414	1.54462	1.42414	1.63188
20.062170000000002	1.46628	1.58825	1.46628	1.67552
20.07222	1.50873	1.64061	1.50873	1.71915
20.082629999999998	1.55333	1.69297	1.55333	1.77151
20.09252	1.5963	1.7366	1.5963	1.82387
20.1027	1.64136	1.78896	1.64136	1.8675
20.112779999999997	1.68616	1.8326	1.68616	1.91114
20.122970000000002	1.73228	1.88496	1.73228	1.9635
20.13315	1.77905	1.93732	1.77905	2.01586
20.14322	1.82582	1.98968	1.82582	2.05949
20.15343	1.87391	2.04203	1.87391	2.10312
20.16354	1.92213	2.0944	1.92213	2.15548
20.17362	1.97084	2.14676	1.97084	2.20784
20.1841	2.02213	2.19912	2.02213	2.2602
20.19428	2.07258	2.25147	2.07257	2.30384
20.204420000000002	2.12346	2.29511	2.12345	2.34747
20.214570000000002	2.17495	2.34747	2.17495	2.39983
20.22486	2.22782	2.39983	2.22782	2.45219
20.235	2.28057	2.45219	2.28057	2.50455
20.24517	2.33403	2.50455	2.33403	2.54818
20.25525	2.3877	2.55691	2.3877	2.59181
20.26547	2.44271	2.60927	2.44271	2.64417
20.27551	2.49731	2.66163	2.49731	2.69653
20.285829999999997	2.55419	2.71399	2.55419	2.74889
20.29589	2.61011	2.76635	2.61011	2.79253
20.30603	2.66718	2.81871	2.66718	2.84489
20.316110000000002	2.72448	2.87107	2.72448	2.89725
20.32626	2.7828	2.92343	2.7828	2.94088
20.33638	2.84159	2.97579	2.84159	2.99324
20.34654	2.90122	3.02815	2.90122	3.0456
20.356679999999997	2.96131	3.08051	2.96131	3.09796
20.36682	3.02204	3.13287	3.02204	3.15032
20.37695	3.08335	3.18523	3.08335	3.20268
20.38702	3.14491	3.24631	3.14491	3.25504
20.39726	3.20623	3.29867	3.20622	3.3074
20.40744	3.26659	3.35976	3.26659	3.35976
20.41759	3.3262	3.41212	3.3262	3.41212
20.42772	3.38513	3.47321	3.38513	3.46448
20.43778	3.44295	3.52557	3.44295	3.51684
20.44803	3.50127	3.57792	3.50127	3.5692
20.45812	3.55812	3.63901	3.55811	3.63029
20.468220000000002	3.61439	3.7001	3.61439	3.68265
20.47839	3.67048	3.75246	3.67048	3.73501
20.48848	3.72551	3.82227	3.72551	3.79609
20.49871	3.78069	3.87463	3.78069	3.84845
20.508779999999998	3.83442	3.92699	3.83442	3.90081
20.51896	3.88808	3.9968	3.88807	3.95317
20.52913	3.94114	4.04916	3.94114	4.01426
20.539189999999998	3.993	4.11025	3.993	4.06662
20.54936	4.04485	4.17134	4.04485	4.11898
20.5595	4.09611	4.2237	4.09611	4.18006
20.56971	4.14672	4.28478	4.14672	4.23242
20.57974	4.19604	4.34587	4.19604	4.28478
20.59004	4.24606	4.39823	4.24606	4.34587
20.60013	4.29448	4.45059	4.29447	4.39823
20.6105	4.34362	4.51168	4.34362	4.45059
20.62032	4.38956	4.57276	4.38956	4.51168
20.6307	4.43752	4.62512	4.43752	4.56404
20.64057	4.48254	4.67748	4.48254	4.6164
20.65073	4.52827	4.72984	4.52827	4.66876
20.660829999999997	4.57315	4.79093	4.57315	4.72112
20.67097	4.61758	4.83456	4.61758	4.77348
20.68105	4.66117	4.89565	4.66117	4.82584
20.691370000000003	4.7052	4.93928	4.7052	4.8782
20.70137	4.74726	5.00037	4.74726	4.93056
20.71966	4.82179	5.08764	4.82179	5.01782
20.72407	4.83983	5.11382	4.83983	5.03528
20.73441	4.88128	5.15745	4.88128	5.09636
20.74434	4.92055	5.20981	4.92055	5.13999
20.75446	4.95999	5.25344	4.95999	5.19236
20.7646	4.9989	5.3058	4.9989	5.24472
20.774720000000002	5.03713	5.35816	5.03712	5.27962
20.78489	5.07497	5.41052	5.07497	5.31453
20.795070000000003	5.11221	5.45415	5.1122	5.34071
20.80573	5.15055	5.49779	5.15054	5.34943
20.8157	5.18584	5.52397	5.18584	5.35816
20.82556	5.22017	5.54142	5.22016	5.36689
20.835620000000002	5.25462	5.55015	5.25462	5.37561
20.84579	5.28884	5.55887	5.28884	5.39307
20.85594	5.3224	5.5676	5.32239	5.41052
20.86605	5.35523	5.5676	5.35523	5.4367
20.876179999999998	5.38753	5.58505	5.38753	5.45415
20.88628	5.41913	5.60251	5.41913	5.48906
20.89644	5.45035	5.61996	5.45035	5.52397
20.90664	5.48108	5.63741	5.48108	5.55015
20.91676	5.51099	5.66359	5.51099	5.58505
20.92688	5.54029	5.68977	5.54029	5.61123
20.93702	5.56908	5.71595	5.56908	5.64614
20.94717	5.59726	5.74213	5.59726	5.68105
20.95731	5.62486	5.77704	5.62486	5.71595
20.96743	5.65181	5.81195	5.65181	5.75086
20.97764	5.67837	5.83813	5.67837	5.78577
20.98769	5.70398	5.87303	5.70398	5.82067
20.99906	5.73217	5.91667	5.73217	5.86431
21.00806	5.75404	5.95157	5.75404	5.90794
21.01817	5.77801	5.98648	5.77801	5.94285
21.02828	5.80142	6.02139	5.80142	5.98648
21.03836	5.82416	6.06502	5.82416	6.01266
21.048579999999998	5.84662	6.10865	5.84662	6.03011
21.05875	5.86839	6.14356	5.86839	6.03884
21.068839999999998	5.8894	6.16974	5.8894	6.03884
21.079	5.90999	6.18719	5.90999	6.03884
21.08907	5.92981	6.19592	5.92981	6.03011
21.10237	5.95488	6.19592	5.95488	6.02139
21.10934	5.96785	6.18719	5.96785	6.01266
21.11947	5.98606	6.17847	5.98606	6.01266
21.12964	6.00375	6.16974	6.00375	6.02139
21.1397	6.02069	6.16101	6.02069	6.03011
21.14995	6.03746	6.15229	6.03746	6.04757
21.16006	6.05321	6.15229	6.05321	6.06502
21.17015	6.06848	6.16101	6.06848	6.08247
21.18028	6.08325	6.16974	6.08325	6.10865
21.19042	6.09745	6.18719	6.09745	6.13483
21.2005	6.11103	6.20465	6.11103	6.16974
21.21078	6.12427	6.2221	6.12427	6.18719
21.22084	6.13668	6.24828	6.13668	6.2221
21.23099	6.14864	6.27446	6.14864	6.24828
21.24118	6.16009	6.30064	6.16009	6.25701
21.25141	6.171	6.32682	6.171	6.27446
21.26146	6.18119	6.36173	6.18119	6.27446
21.27163	6.19095	6.38791	6.19095	6.26573
21.28175	6.20011	6.39663	6.20011	6.25701
21.29184	6.20871	6.40536	6.20871	6.24828
21.30237	6.2171	6.40536	6.2171	6.23083
21.312260000000002	6.22448	6.40536	6.22448	6.21337
21.32229	6.23145	6.39663	6.23145	6.20465
21.332420000000003	6.23796	6.38791	6.23796	6.20465
21.342470000000002	6.24392	6.37045	6.24392	6.20465
21.35291	6.24955	6.353	6.24955	6.21337
21.3628	6.25443	6.32682	6.25443	6.2221
21.37291	6.25893	6.30064	6.25893	6.24828
21.38304	6.26295	6.29191	6.26295	6.26573
21.39312	6.2665	6.29191	6.2665	6.29191
21.403270000000003	6.26961	6.29191	6.26961	6.30937
21.41356	6.27232	6.30064	6.27232	6.31809
21.42366	6.27458	6.30064	6.27458	6.32682
21.43381	6.27645	6.31809	6.27645	6.31809
21.44388	6.28225	6.33555	6.28225	6.30937
21.45413	6.28225	6.36173	6.28225	6.30064
21.46429	6.28225	6.38791	6.28225	6.28319
21.47459	6.28225	6.41409	6.28225	6.26573
21.48474	6.28225	6.44027	6.28225	6.23955
21.49482	6.28225	6.44027	6.28225	6.2221
