24.85088	0.0	0.0	0.0	0.0
24.86119	0.00159	-0.02618	0.00159	0.0
24.87129	0.00375	-0.04363	0.00375	-0.01745
24.88137	0.00652	-0.05236	0.00652	-0.02618
24.89151	0.00992	-0.05236	0.00992	-0.04363
24.9017	0.01396	-0.04363	0.01396	-0.06981
24.91178	0.01857	-0.02618	0.01856	-0.09599
24.92193	0.02383	0.0	0.02383	-0.12217
24.93209	0.02971	0.02618	0.02971	-0.13963
24.94217	0.03615	0.06109	0.03615	-0.13963
24.952379999999998	0.04331	0.09599	0.0433	-0.13963
24.96248	0.05099	0.1309	0.05099	-0.12217
24.97268	0.05939	0.16581	0.05938	-0.10472
24.982870000000002	0.06839	0.20071	0.06839	-0.07854
24.992910000000002	0.07787	0.21817	0.07787	-0.05236
25.00521	0.09046	0.22689	0.09046	-0.01745
25.01322	0.09894	0.22689	0.09894	0.01745
25.0233	0.11029	0.21817	0.11029	0.05236
25.0335	0.12241	0.20071	0.12241	0.08727
25.04405	0.13563	0.18326	0.13563	0.12217
25.05378	0.14834	0.16581	0.14834	0.13963
25.06385	0.16213	0.14835	0.16213	0.15708
25.073970000000003	0.1766	0.13963	0.1766	0.15708
25.08411	0.19172	0.13963	0.19172	0.15708
25.094279999999998	0.20752	0.14835	0.20752	0.14835
25.10435	0.22375	0.16581	0.22375	0.13963
25.1145	0.24073	0.18326	0.24073	0.12217
25.124660000000002	0.25835	0.21817	0.25835	0.10472
25.134870000000003	0.2767	0.25307	0.27669	0.10472
25.14535	0.29617	0.29671	0.29617	0.10472
25.15513	0.31492	0.34034	0.31493	0.12217
25.16525	0.33495	0.37525	0.33494	0.13963
25.17533	0.35547	0.42761	0.35548	0.15708
25.18544	0.3767	0.47124	0.3767	0.19199
25.19565	0.39875	0.51487	0.39875	0.23562
25.20574	0.42118	0.54105	0.42118	0.27925
25.21586	0.44425	0.56723	0.44424	0.33161
25.22597	0.46794	0.57596	0.46794	0.37525
25.236079999999998	0.49223	0.58469	0.49223	0.41888
25.25441	0.53875	0.57596	0.53875	0.51487
25.25883	0.54989	0.57596	0.54989	0.53233
25.26897	0.57624	0.56723	0.57624	0.57596
25.27906	0.60308	0.56723	0.60308	0.60214
25.289179999999998	0.63063	0.58469	0.63063	0.61959
25.29936	0.65897	0.60214	0.65897	0.62832
25.30954	0.68792	0.61959	0.68792	0.63704
25.31964	0.71726	0.6545	0.71726	0.63704
25.32976	0.74725	0.68941	0.74725	0.63704
25.33985	0.77778	0.74177	0.77778	0.64577
25.350070000000002	0.80931	0.79413	0.80931	0.6545
25.360210000000002	0.84125	0.84649	0.84125	0.66322
25.37033	0.87372	0.89885	0.87372	0.6894
25.38043	0.90672	0.95993	0.90672	0.72431
25.40019	0.97426	1.05593	0.97426	0.80285
25.40458	0.98914	1.08211	0.98914	0.8203
25.41481	1.02471	1.13446	1.02471	0.87266
25.42492	1.06046	1.18682	1.06046	0.92503
25.43496	1.09655	1.23046	1.09654	0.97738
25.44555	1.13534	1.26536	1.13534	1.02974
25.45581	1.17353	1.28282	1.17353	1.0821
25.465339999999998	1.2095	1.30027	1.2095	1.14319
25.47543	1.24823	1.30027	1.24823	1.20428
25.48559	1.28784	1.309	1.28784	1.25664
25.49568	1.32782	1.31772	1.32782	1.31772
25.50585	1.36871	1.33518	1.36871	1.37008
25.515970000000003	1.41004	1.36136	1.41004	1.42244
25.52606	1.45184	1.38754	1.45184	1.45735
25.53621	1.49451	1.43117	1.49451	1.48353
25.54634	1.53769	1.4748	1.53769	1.50098
25.55709	1.58428	1.52716	1.58428	1.50971
25.5669	1.62731	1.58825	1.62731	1.51844
25.57696	1.67204	1.65806	1.67204	1.53589
25.58713	1.71788	1.71915	1.71788	1.55334
25.59727	1.76421	1.78896	1.76421	1.57952
25.60745	1.81137	1.85878	1.81137	1.6057
25.617520000000003	1.85861	1.91986	1.85861	1.64934
25.627660000000002	1.90684	1.98095	1.90684	1.69297
25.63785	1.95585	2.05076	1.95585	1.74533
25.6479	2.00483	2.11185	2.00483	1.81514
25.65846	2.057	2.17294	2.05699	1.88496
25.66822	2.10572	2.2253	2.10572	1.95477
25.67836	2.15702	2.28638	2.15702	2.03331
25.688489999999998	2.20885	2.33874	2.20885	2.11185
25.698620000000002	2.26128	2.3911	2.26128	2.19039
25.708779999999997	2.31452	2.42601	2.31452	2.26893
25.71901	2.36877	2.45219	2.36876	2.35619
25.72906	2.42263	2.46964	2.42263	2.42601
25.73968	2.48027	2.50455	2.48027	2.49582
25.74934	2.53321	2.53073	2.53321	2.56563
25.75976	2.59104	2.56563	2.59104	2.60927
25.7696	2.6461	2.60054	2.6461	2.6529
25.77972	2.70345	2.64417	2.70345	2.67035
25.78989	2.7617	2.69653	2.7617	2.68781
25.80016	2.82112	2.75762	2.82112	2.70526
25.81012	2.87936	2.81871	2.87936	2.73144
25.82035	2.93982	2.88852	2.93982	2.75762
25.83045	3.00008	2.95833	3.00008	2.79253
25.84057	3.06114	3.0456	3.06113	2.82743
25.85068	3.12265	3.12414	3.12265	2.88852
25.8611	3.18493	3.20268	3.18493	2.94961
25.87105	3.24372	3.28122	3.24372	3.01942
25.88113	3.30274	3.36849	3.30274	3.09796
25.8913	3.36165	3.44703	3.36165	3.18523
25.90145	3.41986	3.51684	3.41985	3.28122
25.91153	3.4771	3.59538	3.4771	3.37721
25.92184	3.53503	3.66519	3.53503	3.4732
25.93184	3.59058	3.73501	3.59058	3.56047
25.94199	3.64642	3.80482	3.64642	3.65646
25.95205	3.70115	3.86591	3.70114	3.735
25.97131	3.80339	3.93572	3.80339	3.8659
25.97571	3.82675	3.95317	3.82675	3.89208
25.98585	3.87994	3.97062	3.87994	3.93572
25.99602	3.93267	3.9968	3.93268	3.9619
26.00827	3.9953	4.01426	3.9953	3.98808
26.016270000000002	4.03591	4.04044	4.03591	3.9968
26.026429999999998	4.08683	4.07534	4.08683	4.01426
26.03655	4.13691	4.11025	4.1369	4.03171
26.046670000000002	4.18644	4.15388	4.18644	4.05789
26.05684	4.23564	4.19752	4.23564	4.08407
26.06706	4.28445	4.24988	4.28445	4.11898
26.077189999999998	4.33222	4.30224	4.33222	4.15388
26.08735	4.37955	4.3546	4.37955	4.18879
26.09744	4.42601	4.41568	4.426	4.24115
26.10761	4.47216	4.47677	4.47216	4.29351
26.117820000000002	4.51793	4.53786	4.51793	4.34587
26.135839999999998	4.59648	4.6513	4.59648	4.46804
26.14027	4.6158	4.67748	4.61579	4.49422
26.15032	4.65896	4.73857	4.65896	4.56404
26.16049	4.70208	4.79966	4.70208	4.63385
26.17065	4.74452	4.86074	4.74452	4.70366
26.18086	4.78661	4.92183	4.78661	4.77348
26.19106	4.82801	4.97419	4.82801	4.83456
26.20107	4.8681	5.01782	4.8681	4.89565
26.211270000000003	4.90833	5.044	4.90833	4.93928
26.22145	4.9479	5.07018	4.9479	4.97419
26.231540000000003	4.9865	5.07891	4.9865	4.99164
26.241640000000004	5.02462	5.08764	5.02462	5.00909
26.25174	5.06211	5.08764	5.06211	5.00909
26.26192	5.0993	5.09636	5.0993	5.00909
26.27208	5.13585	5.11382	5.13585	5.01782
26.28408	5.17812	5.14	5.17812	5.02655
26.294140000000002	5.21301	5.15745	5.21301	5.03527
26.304240000000004	5.24747	5.19236	5.24748	5.06145
26.314770000000003	5.28274	5.23599	5.28274	5.08763
26.324790000000004	5.31576	5.27962	5.31576	5.12254
26.334940000000003	5.3486	5.33198	5.34859	5.16618
26.345	5.38059	5.38434	5.38059	5.20981
26.3551	5.4121	5.4367	5.4121	5.26217
26.365940000000002	5.44528	5.48906	5.44528	5.31453
26.37547	5.47394	5.54142	5.47393	5.36689
26.3855	5.50348	5.59378	5.50348	5.42797
26.395609999999998	5.53271	5.64614	5.53271	5.48033
26.40575	5.56144	5.68977	5.56144	5.54142
26.41593	5.58969	5.73341	5.58969	5.59378
26.426009999999998	5.61708	5.76831	5.61708	5.64614
26.43617	5.64412	5.78577	5.64412	5.68105
26.446340000000003	5.67058	5.80322	5.67058	5.70723
26.456359999999997	5.69608	5.80322	5.69608	5.72468
26.467259999999996	5.72318	5.80322	5.72318	5.72468
26.4769	5.74659	5.79449	5.74659	5.72468
26.48708	5.77075	5.79449	5.77075	5.72468
26.4972	5.79418	5.80322	5.79418	5.71595
26.50729	5.81698	5.81195	5.81698	5.70723
26.517540000000004	5.83953	5.82067	5.83953	5.6985
26.52758	5.86106	5.84685	5.86106	5.6985
26.53773	5.88227	5.87303	5.88227	5.70723
26.54785	5.90282	5.89921	5.90282	5.72468
26.55795	5.92278	5.93412	5.92278	5.75086
26.568579999999997	5.94314	5.96903	5.94314	5.77704
26.57827	5.96118	6.00393	5.96118	5.81195
26.58847	5.97958	6.03884	5.97958	5.84685
26.59859	5.99728	6.07375	5.99728	5.88176
26.608690000000003	6.01439	6.11738	6.01439	5.92539
26.618859999999998	6.03102	6.14356	6.03102	5.9603
26.62899	6.04705	6.16974	6.04705	6.00393
26.63927	6.06272	6.17847	6.06272	6.04757
26.64927	6.07741	6.18719	6.07741	6.0912
26.659370000000003	6.09171	6.17847	6.09171	6.11738
26.669890000000002	6.10597	6.16974	6.10597	6.13483
26.679679999999998	6.11875	6.16101	6.11874	6.14356
26.689870000000003	6.13147	6.15229	6.13147	6.14356
26.700020000000002	6.14358	6.15229	6.14358	6.13483
26.710079999999998	6.15506	6.16101	6.15506	6.11738
26.720270000000003	6.16612	6.16974	6.16612	6.09993
26.730390000000003	6.17656	6.18719	6.17656	6.08247
26.74056	6.18651	6.20465	6.18651	6.05629
26.750690000000002	6.19587	6.23955	6.19587	6.03884
26.76077	6.20467	6.26573	6.20467	6.03884
26.771209999999996	6.2132	6.29191	6.2132	6.03884
26.78148	6.22105	6.31809	6.22105	6.03884
26.791179999999997	6.22801	6.32682	6.22801	6.05629
26.801340000000003	6.23475	6.33555	6.23475	6.08247
26.811420000000002	6.24095	6.32682	6.24095	6.10865
26.821690000000004	6.24673	6.32682	6.24673	6.14356
26.83175	6.25191	6.30937	6.25191	6.17847
26.8419	6.25665	6.29191	6.25665	6.20465
26.85203	6.2609	6.27446	6.2609	6.23083
26.8621	6.26466	6.25701	6.26466	6.24828
26.872529999999998	6.26807	6.24828	6.26807	6.26573
26.882409999999997	6.2709	6.24828	6.2709	6.26573
26.892570000000003	6.27338	6.25701	6.27338	6.25701
26.90268	6.27545	6.27446	6.27545	6.24828
26.91279	6.27715	6.29191	6.27715	6.23955
26.922929999999997	6.28225	6.30937	6.28225	6.21337
26.9331	6.28225	6.33555	6.28225	6.19592
26.943240000000003	6.28225	6.36173	6.28225	6.17847
26.95334	6.28225	6.38791	6.28225	6.15229
26.96387	6.28225	6.40536	6.28225	6.13483
