25.68515	0.0	0.0	0.0	0.0
25.69037	0.00072	0.0	-0.00072	0.0
25.70052	0.00288	0.0	-0.00288	0.0
25.7106	0.00563	0.00873	-0.00563	-0.00873
25.72079	0.00904	0.01745	-0.00904	-0.01745
25.73092	0.01305	0.03491	-0.01305	-0.03491
25.74106	0.01767	0.05236	-0.01767	-0.05236
25.7512	0.02291	0.07854	-0.02291	-0.07854
25.76128	0.02874	0.09599	-0.02874	-0.09599
25.77149	0.03526	0.10472	-0.03526	-0.10472
25.78156	0.0423	0.10472	-0.0423	-0.10472
25.791710000000002	0.05002	0.10472	-0.05002	-0.08727
25.80195	0.05843	0.08727	-0.05843	-0.07854
25.81198	0.06727	0.06981	-0.06727	-0.06981
25.82228	0.07699	0.05236	-0.07699	-0.06981
25.8324	0.08716	0.05236	-0.08716	-0.06981
25.84253	0.09795	0.05236	-0.09795	-0.07854
25.85268	0.10937	0.06109	-0.10937	-0.08727
25.86277	0.12134	0.07854	-0.12134	-0.10472
25.872870000000002	0.13398	0.09599	-0.13398	-0.1309
25.88304	0.14724	0.12217	-0.14724	-0.15708
25.89532	0.16429	0.13963	-0.16429	-0.18326
25.9033	0.17565	0.16581	-0.17565	-0.20944
25.91346	0.1908	0.19199	-0.1908	-0.24435
25.92392000000001	0.20706	0.22689	-0.20706	-0.27053
25.9337	0.2228	0.2618	-0.2228	-0.30543
25.94386	0.23979	0.29671	-0.23979	-0.34034
25.95404	0.25745	0.33161	-0.25745	-0.38397
25.96409	0.27549	0.36652	-0.27549	-0.41888
25.974239999999998	0.29433	0.40143	-0.29433	-0.45379
25.98434	0.31367	0.43633	-0.31367	-0.47124
25.99555	0.33596	0.47124	-0.33596	-0.47997
26.00498	0.35515	0.50615	-0.35515	-0.48869
26.01505	0.37629	0.53233	-0.37629	-0.47997
26.02519	0.39821	0.54105	-0.39821	-0.47124
26.03557	0.42131	0.54105	-0.42131	-0.47124
26.045460000000002	0.44386	0.54105	-0.44386	-0.47124
26.05558	0.46758	0.53233	-0.46758	-0.47997
26.0657	0.49191	0.54105	-0.49191	-0.48869
26.0758	0.51679	0.54105	-0.51679	-0.51487
26.08595	0.54243	0.55851	-0.54243	-0.53233
26.09619	0.56892	0.57596	-0.56892	-0.55851
26.10633	0.59577	0.59341	-0.59577	-0.59341
26.11647	0.62325	0.61087	-0.62325	-0.61959
26.12659	0.65127	0.63705	-0.65127	-0.6545
26.13683	0.68027	0.66323	-0.68027	-0.68941
26.14694	0.70948	0.68941	-0.70948	-0.72431
26.15705	0.73935	0.71558	-0.73934	-0.76794
26.167189999999998	0.76989	0.75049	-0.76989	-0.80285
26.177310000000002	0.80098	0.7854	-0.80098	-0.84648
26.1875	0.83294	0.8203	-0.83294	-0.89012
26.197670000000002	0.86544	0.85521	-0.86544	-0.94248
26.207810000000002	0.89846	0.89884	-0.89846	-0.97738
26.21797	0.93217	0.94248	-0.93217	-1.02974
26.2281	0.96639	0.97738	-0.96639	-1.0821
26.238229999999998	1.00123	1.02102	-1.00123	-1.12574
26.24837	1.03672	1.06465	-1.03672	-1.16937
26.25855	1.07297	1.10828	-1.07297	-1.22173
26.26864	1.10951	1.15192	-1.10951	-1.27409
26.27876	1.14679	1.19555	-1.14679	-1.32645
26.288890000000002	1.18484	1.23918	-1.18484	-1.37008
26.299129999999998	1.22366	1.28282	-1.22366	-1.42244
26.30923	1.26272	1.32645	-1.26272	-1.4748
26.319409999999998	1.30267	1.37881	-1.30267	-1.52716
26.32954	1.34307	1.42244	-1.34307	-1.5708
26.34954	1.42583	1.51844	-1.42583	-1.67552
26.35397	1.44402	1.53589	-1.44402	-1.69297
26.36406	1.48633	1.57952	-1.48633	-1.74533
26.37418	1.52941	1.62316	-1.52941	-1.79769
26.384290000000004	1.57303	1.67552	-1.57303	-1.85005
26.394609999999997	1.61827	1.71915	-1.61827	-1.90241
26.4046	1.66257	1.76278	-1.66257	-1.94604
26.41478	1.70832	1.81514	-1.70832	-1.97222
26.42506	1.75527	1.8675	-1.75527	-1.98968
26.43501	1.80121	1.91114	-1.80121	-2.00713
26.44547	1.85022	1.9635	-1.85022	-2.02458
26.455240000000003	1.89647	2.00713	-1.89647	-2.05076
26.465320000000002	1.9449	2.05949	-1.9449	-2.07694
26.47555	1.99468	2.11185	-1.99468	-2.10312
26.485640000000004	2.04431	2.15548	-2.04431	-2.13803
26.49692000000001	2.10088	2.20784	-2.10088	-2.17293
26.50585	2.1457	2.25147	-2.1457	-2.21657
26.516009999999998	2.1976	2.30383	-2.1976	-2.25147
26.52618	2.25015	2.35619	-2.25015	-2.29511
26.536309999999997	2.30308	2.40855	-2.30308	-2.33874
26.54676	2.35836	2.46091	-2.35836	-2.37365
26.5569	2.41261	2.51327	-2.41261	-2.42601
26.566959999999998	2.46707	2.56563	-2.46707	-2.46964
26.577109999999998	2.5226	2.62672	-2.5226	-2.522
26.587259999999997	2.57879	2.67908	-2.57879	-2.57436
26.598309999999998	2.64071	2.73144	-2.64071	-2.62672
26.60753	2.69279	2.79253	-2.69279	-2.68781
26.618029999999997	2.7529	2.84489	-2.75289	-2.74017
26.62785	2.80957	2.90597	-2.80957	-2.80125
26.63805	2.8691	2.95833	-2.8691	-2.86234
26.648229999999998	2.92916	3.01942	-2.92916	-2.92343
26.65836	2.98954	3.07178	-2.98954	-2.98451
26.668490000000002	3.05052	3.13287	-3.05052	-3.0456
26.67863	3.11223	3.19395	-3.11223	-3.10669
26.68872	3.17237	3.25504	-3.17237	-3.1765
26.69959	3.23651	3.31613	-3.23651	-3.24631
26.70907	3.29195	3.37721	-3.29195	-3.31613
26.719359999999998	3.35152	3.4383	-3.35152	-3.38594
26.729359999999996	3.40876	3.49939	-3.40875	-3.44703
26.73954	3.4665	3.56047	-3.4665	-3.51684
26.74965	3.52321	3.61283	-3.52321	-3.58665
26.75975	3.5793	3.68264	-3.5793	-3.65646
26.7699	3.63508	3.74373	-3.63508	-3.71755
26.78005	3.69028	3.79609	-3.69028	-3.78736
26.79012	3.74446	3.85718	-3.74446	-3.85718
26.80084	3.80167	3.91826	-3.80167	-3.92699
26.81046	3.85204	3.97935	-3.85204	-3.9968
26.82062	3.90491	4.04044	-3.90491	-4.06662
26.83111	3.95886	4.10152	-3.95886	-4.1277
26.840909999999997	4.00872	4.15388	-4.00872	-4.18879
26.85101	4.0595	4.20624	-4.0595	-4.2586
26.861140000000002	4.10982	4.26733	-4.10982	-4.31969
26.87128	4.15959	4.31969	-4.15959	-4.38078
26.881390000000003	4.20869	4.38078	-4.20869	-4.44186
26.89156	4.25742	4.43314	-4.25742	-4.50295
26.9021	4.30735	4.4855	-4.30735	-4.57276
26.91183	4.35288	4.53786	-4.35288	-4.62512
26.921909999999997	4.39943	4.59022	-4.39943	-4.68621
26.93204	4.44563	4.64258	-4.44563	-4.7473
26.94272	4.49373	4.69494	-4.49373	-4.80838
26.95235	4.53651	4.7473	-4.53651	-4.86074
26.96247	4.58092	4.79966	-4.58092	-4.89565
26.972640000000002	4.62495	4.85202	-4.62495	-4.92183
26.98275	4.6681	4.89565	-4.6681	-4.93056
26.99284	4.71081	4.94801	-4.71081	-4.93928
27.00347	4.75479	4.99164	-4.75479	-4.93928
27.01316	4.79448	5.044	-4.79448	-4.95674
27.02327	4.83533	5.08763	-4.83533	-4.96546
27.033409999999996	4.87568	5.13999	-4.87568	-4.99164
27.04415	4.91779	5.18363	-4.91779	-5.0091
27.05367	4.95456	5.21853	-4.95456	-5.044
27.063779999999998	4.99307	5.24471	-4.99307	-5.07018
27.07392	5.03107	5.25344	-5.03107	-5.10509
27.084020000000002	5.06835	5.27089	-5.06835	-5.13999
27.094179999999998	5.10531	5.27089	-5.10531	-5.1749
27.104770000000002	5.14313	5.28835	-5.14313	-5.21853
27.11448	5.17729	5.3058	-5.17729	-5.25344
27.124570000000002	5.21219	5.32325	-5.21219	-5.28835
27.134759999999996	5.24688	5.34943	-5.24688	-5.33198
27.144859999999998	5.2808	5.37561	-5.2808	-5.37561
27.155309999999997	5.315	5.40179	-5.315	-5.41925
27.16515	5.34678	5.42797	-5.34678	-5.46288
27.17523	5.37876	5.45415	-5.37876	-5.51524
27.185409999999997	5.41046	5.48906	-5.41046	-5.55887
27.195729999999998	5.44199	5.51524	-5.44199	-5.61123
27.20607	5.47301	5.55015	-5.47301	-5.66359
27.215790000000002	5.50161	5.58505	-5.50161	-5.71595
27.225920000000002	5.53083	5.61996	-5.53083	-5.76831
27.23604000000001	5.55944	5.66359	-5.55944	-5.81195
27.246190000000002	5.58755	5.70723	-5.58755	-5.83813
27.25674	5.61615	5.74213	-5.61615	-5.86431
27.266790000000004	5.64282	5.78577	-5.64282	-5.87303
27.276970000000002	5.66927	5.8294	-5.66927	-5.87303
27.287020000000002	5.6948	5.86431	-5.6948	-5.87303
27.29715	5.71996	5.90794	-5.71996	-5.86431
27.30855	5.74751	5.94285	-5.74751	-5.85558
27.31762	5.76901	5.9603	-5.76901	-5.84685
27.327759999999998	5.79245	5.96903	-5.79245	-5.84685
27.3379	5.8153	5.97775	-5.8153	-5.84685
27.34800000000001	5.83752	5.97775	-5.83752	-5.86431
27.3582	5.85935	5.96903	-5.85935	-5.88176
27.36832	5.88045	5.9603	-5.88045	-5.89921
27.37848	5.90105	5.96903	-5.90105	-5.91667
27.38862	5.92106	5.97775	-5.92106	-5.95157
27.398709999999998	5.94039	5.98648	-5.94039	-5.97775
27.409990000000004	5.96127	6.00393	-5.96127	-6.00393
27.419079999999997	5.97767	6.02139	-5.97767	-6.03884
27.429159999999996	5.9953	6.03884	-5.9953	-6.07375
27.43931	6.01247	6.06502	-6.01247	-6.10865
27.449409999999997	6.02899	6.0912	-6.02899	-6.14356
27.459659999999996	6.04518	6.11738	-6.04518	-6.18719
27.46974	6.06055	6.14356	-6.06055	-6.2221
27.479879999999998	6.07544	6.17847	-6.07544	-6.23955
27.49007000000001	6.08985	6.20465	-6.08985	-6.24828
27.50013	6.10354	6.23083	-6.10354	-6.25701
27.51132	6.11805	6.24828	-6.11805	-6.24828
27.52045	6.12948	6.24828	-6.12948	-6.24828
27.530590000000004	6.14159	6.24828	-6.14159	-6.23083
27.540709999999997	6.15314	6.23955	-6.15314	-6.21337
27.55082	6.16414	6.23083	-6.16414	-6.18719
27.56102000000001	6.17468	6.21337	-6.17468	-6.16974
27.571140000000003	6.1846	6.19592	-6.1846	-6.16101
27.581259999999997	6.19398	6.18719	-6.19398	-6.16101
27.591409999999996	6.20286	6.18719	-6.20286	-6.16101
27.601509999999998	6.21116	6.19592	-6.21116	-6.16974
27.61272	6.2197	6.20465	-6.2197	-6.17847
27.62185	6.22629	6.2221	-6.22629	-6.19592
27.63196	6.23304	6.24828	-6.23304	-6.2221
27.642159999999997	6.23933	6.26573	-6.23933	-6.24828
27.652390000000004	6.24522	6.30064	-6.24522	-6.27446
27.662390000000002	6.25031	6.32682	-6.25031	-6.30064
27.672520000000002	6.25508	6.34427	-6.25508	-6.33555
27.68264000000001	6.25937	6.353	-6.25937	-6.36173
27.692759999999996	6.26319	6.353	-6.26319	-6.37045
27.70288	6.26656	6.353	-6.26656	-6.37918
27.71401	6.26971	6.34427	-6.26971	-6.37918
27.723229999999997	6.27201	6.33555	-6.27201	-6.37045
27.733390000000004	6.27413	6.31809	-6.27413	-6.36173
27.743470000000002	6.27587	6.29191	-6.27587	-6.34427
27.753890000000002	6.28114	6.26573	-6.28114	-6.31809
27.763790000000004	6.28114	6.23083	-6.28114	-6.30064
27.77386	6.28114	6.20465	-6.28114	-6.28319
27.783959999999997	6.28114	6.17847	-6.28114	-6.24828
27.79409	6.28114	6.16974	-6.28114	-6.23083
27.80422	6.28114	6.16974	-6.28114	-6.21337
