29.82045	0.0	0.0	0.0	0.0
29.830509999999997	0.0	0.02618	0.0	-0.01745
29.843740000000004	0.00158	0.05236	-0.00158	-0.02618
29.85075	0.00258	0.07854	-0.00258	-0.03491
29.86089	0.00473	0.07854	-0.00473	-0.03491
29.87097	0.00749	0.07854	-0.00749	-0.02618
29.881159999999998	0.01089	0.07854	-0.01089	-0.00873
29.89128	0.01489	0.06109	-0.01489	0.00873
29.90193	0.01988	0.04363	-0.01988	0.02618
29.9116	0.02478	0.02618	-0.02478	0.04363
29.92195	0.03079	0.00873	-0.03079	0.04363
29.93188	0.03711	-0.00873	-0.03711	0.04363
29.94193	0.04414	-0.01745	-0.04414	0.04363
29.9527	0.05239	-0.02618	-0.05239	0.02618
29.962259999999997	0.06022	-0.00873	-0.06022	0.01745
29.972409999999996	0.06917	0.0	-0.06917	-0.00873
29.98253	0.07871	0.00873	-0.07871	-0.02618
29.99267	0.08887	0.03491	-0.08887	-0.06109
30.00274000000001	0.09959	0.06109	-0.09959	-0.08727
30.013170000000002	0.11135	0.08727	-0.11135	-0.11345
30.02308	0.12308	0.12217	-0.12308	-0.14835
30.033179999999998	0.13573	0.14835	-0.13573	-0.18326
30.044359999999998	0.15041	0.18326	-0.15041	-0.21817
30.05353	0.16293	0.21817	-0.16293	-0.25307
30.063640000000003	0.17737	0.25307	-0.17737	-0.27053
30.07374	0.19242	0.28798	-0.19242	-0.28798
30.083909999999996	0.2082	0.31416	-0.2082	-0.28798
30.09409	0.2246	0.33161	-0.2246	-0.28798
30.10409000000001	0.24132	0.34034	-0.24132	-0.27053
30.11461	0.2596	0.34034	-0.2596	-0.27053
30.124390000000002	0.27711	0.33161	-0.27711	-0.27053
30.1345	0.29586	0.32289	-0.29586	-0.28798
30.145609999999998	0.31725	0.33161	-0.31725	-0.29671
30.1549	0.33558	0.34034	-0.33558	-0.31416
30.164920000000002	0.35599	0.35779	-0.35599	-0.34034
30.175079999999998	0.37729	0.37525	-0.37729	-0.35779
30.185129999999997	0.39898	0.3927	-0.39898	-0.3927
30.195559999999997	0.42215	0.41015	-0.42215	-0.42761
30.20549	0.44479	0.42761	-0.44479	-0.45379
30.2156	0.46846	0.46251	-0.46846	-0.48869
30.225740000000002	0.49282	0.48869	-0.49282	-0.5236
30.235909999999997	0.51785	0.51487	-0.51785	-0.56723
30.24823	0.54922	0.54978	-0.54922	-0.60214
30.25617	0.56966	0.58469	-0.56966	-0.64577
30.266309999999997	0.59649	0.61959	-0.59649	-0.68941
30.27638	0.62373	0.6545	-0.62373	-0.73304
30.28647	0.65164	0.68941	-0.65164	-0.77667
30.296809999999997	0.68091	0.72431	-0.68091	-0.8203
30.306959999999997	0.7102	0.76794	-0.7102	-0.87266
30.317140000000002	0.74024	0.80285	-0.74024	-0.9163
30.32728	0.77077	0.84648	-0.77077	-0.94248
30.346729999999997	0.83218	0.9163	-0.83218	-0.96866
30.3524	0.85001	0.94248	-0.85001	-0.96866
30.3626	0.88288	0.98611	-0.88288	-0.96866
30.372659999999996	0.9159	1.02102	-0.9159	-0.98611
30.382790000000004	0.94977	1.07338	-0.94977	-1.00356
30.392879999999998	0.98416	1.10828	-0.98416	-1.02102
30.40304	1.01935	1.15192	-1.01935	-1.0472
30.413190000000004	1.05513	1.19555	-1.05513	-1.07338
30.42332	1.09149	1.23918	-1.09149	-1.10828
30.43344	1.12841	1.28282	-1.12841	-1.13446
30.44383	1.16698	1.32645	-1.16698	-1.16937
30.453740000000003	1.20435	1.37008	-1.20435	-1.20428
30.46387	1.24313	1.41372	-1.24313	-1.23918
30.47397	1.28242	1.45735	-1.28242	-1.28282
30.484170000000002	1.32272	1.50098	-1.32272	-1.31772
30.494259999999997	1.36322	1.54462	-1.36322	-1.36136
30.50437	1.40442	1.58825	-1.40442	-1.40499
30.514540000000004	1.44643	1.63188	-1.44643	-1.45735
30.52471	1.48913	1.67552	-1.48913	-1.50971
30.53479	1.53203	1.71915	-1.53203	-1.55334
30.545309999999997	1.57751	1.76278	-1.57751	-1.6057
30.55511	1.62036	1.80642	-1.62036	-1.65806
30.56525	1.66537	1.85878	-1.66537	-1.71042
30.575359999999996	1.71086	1.89368	-1.71086	-1.76278
30.585459999999998	1.75692	1.94604	-1.75692	-1.81514
30.59562	1.80391	1.98968	-1.80391	-1.8675
30.605729999999998	1.85119	2.03331	-1.85119	-1.91986
30.61585	1.89917	2.07694	-1.89917	-1.97222
30.625970000000002	1.94779	2.12058	-1.94779	-2.03331
30.63621	1.99764	2.17293	-1.99764	-2.08567
30.65568	2.09517	2.2602	-2.09517	-2.19039
30.66013	2.11736	2.27765	-2.11736	-2.21657
30.67025	2.16864	2.32129	-2.16864	-2.27765
30.68037	2.22056	2.37365	-2.22056	-2.33001
30.690479999999997	2.27307	2.41728	-2.27307	-2.3911
30.7008	2.32728	2.46964	-2.32728	-2.45219
30.71092	2.38104	2.51327	-2.38104	-2.50455
30.72105	2.43548	2.55691	-2.43548	-2.55691
30.73119	2.49057	2.60927	-2.49057	-2.61799
30.74135	2.54641	2.66163	-2.54641	-2.67908
30.751479999999997	2.6027	2.71399	-2.6027	-2.73144
30.76182	2.6608	2.76635	-2.6608	-2.79253
30.77188	2.71793	2.80998	-2.71793	-2.85361
30.781940000000002	2.77565	2.86234	-2.77565	-2.90597
30.7921	2.83458	2.9147	-2.83458	-2.96706
30.802559999999996	2.89648	2.96706	-2.89648	-3.02815
30.81242	2.95428	3.02815	-2.95428	-3.08051
30.82253	3.01477	3.08051	-3.01477	-3.14159
30.83268	3.07616	3.13287	-3.07616	-3.20268
30.84282	3.13802	3.18523	-3.13802	-3.25504
30.85398	3.20477	3.24631	-3.20477	-3.32485
30.86331	3.26005	3.3074	-3.26005	-3.37721
30.8732	3.318	3.35976	-3.318	-3.4383
30.88338	3.37709	3.42085	-3.37709	-3.49939
30.893490000000003	3.43519	3.48193	-3.43519	-3.56047
30.90448	3.49846	3.54302	-3.49846	-3.62156
30.9137	3.54956	3.6041	-3.54956	-3.68264
30.923890000000004	3.60634	3.66519	-3.60634	-3.74373
30.933970000000002	3.66192	3.72628	-3.66192	-3.80482
30.9441	3.71709	3.77864	-3.71709	-3.8659
30.9552	3.77685	3.84845	-3.77685	-3.92699
30.964440000000003	3.82615	3.90081	-3.82615	-3.98808
30.974559999999997	3.87948	3.9619	-3.87948	-4.04916
30.98475	3.93261	4.02298	-3.93261	-4.11025
30.994840000000003	3.98458	4.08407	-3.98458	-4.16261
31.00532	4.03796	4.13643	-4.03796	-4.2237
31.015079999999998	4.08715	4.19752	-4.08715	-4.28478
31.025190000000002	4.13742	4.24988	-4.13742	-4.34587
31.03527	4.18702	4.31096	-4.18702	-4.40696
31.04547	4.23658	4.36332	-4.23658	-4.45932
31.0564	4.28896	4.42441	-4.28896	-4.5204
31.06591	4.33408	4.47677	-4.33408	-4.58149
31.07594000000001	4.38099	4.52913	-4.38099	-4.63385
31.086009999999998	4.42751	4.58149	-4.42751	-4.69494
31.09612000000001	4.47365	4.63385	-4.47365	-4.73857
31.11453	4.55524	4.72984	-4.55524	-4.79966
31.11887	4.57456	4.75602	-4.57456	-4.80838
31.12903	4.61894	4.80838	-4.61894	-4.82584
31.139609999999998	4.66457	4.85202	-4.66457	-4.82584
31.1576	4.7398	4.93928	-4.7398	-4.83456
31.162020000000002	4.75831	4.96546	-4.75831	-4.84329
31.1722	4.80048	5.01782	-4.80048	-4.86074
31.182290000000002	4.84124	5.06145	-4.84124	-4.8782
31.192420000000002	4.8818	5.10509	-4.8818	-4.90438
31.20272000000001	4.92242	5.15745	-4.92242	-4.93056
31.212709999999998	4.96124	5.20108	-4.96124	-4.96546
31.22281	4.99987	5.24471	-4.99987	-5.00037
31.2329	5.03791	5.27089	-5.03791	-5.03527
31.24349	5.07715	5.28835	-5.07715	-5.07891
31.253159999999998	5.11248	5.29707	-5.11248	-5.11381
31.26342	5.14933	5.29707	-5.14933	-5.15745
31.273590000000002	5.18525	5.29707	-5.18525	-5.19235
31.28365	5.22019	5.29707	-5.22019	-5.24471
31.293740000000003	5.25467	5.3058	-5.25467	-5.27962
31.30407	5.28933	5.31453	-5.28933	-5.33198
31.31402000000001	5.32217	5.33198	-5.32217	-5.37561
31.32419	5.35513	5.34943	-5.35513	-5.42797
31.33432	5.38738	5.36689	-5.38738	-5.47161
31.34465	5.41964	5.39307	-5.41964	-5.52397
31.354609999999997	5.45018	5.41925	-5.45019	-5.57633
31.36481	5.48087	5.44543	-5.48087	-5.62869
31.3749	5.51061	5.47161	-5.51061	-5.68105
31.38505	5.53996	5.50651	-5.53996	-5.73341
31.3951	5.56844	5.54142	-5.56844	-5.77704
31.405540000000002	5.59737	5.57633	-5.59737	-5.80322
31.415390000000002	5.62416	5.61996	-5.62416	-5.8294
31.42554	5.65114	5.66359	-5.65114	-5.83813
31.43563	5.6774	5.6985	-5.6774	-5.83813
31.44577	5.70318	5.74213	-5.70318	-5.83813
31.4559	5.72838	5.78577	-5.72838	-5.82067
31.466079999999998	5.75309	5.82067	-5.75309	-5.81195
31.476329999999997	5.77737	5.86431	-5.77737	-5.80322
31.486340000000002	5.80052	5.90794	-5.80052	-5.80322
31.49646	5.82334	5.95157	-5.82334	-5.81195
31.50678	5.84601	5.99521	-5.84601	-5.8294
31.5169	5.86766	6.03011	-5.86766	-5.84685
31.52705	5.88879	6.04757	-5.88879	-5.87303
31.53715	5.90924	6.06502	-5.90924	-5.89049
31.547279999999997	5.92917	6.07375	-5.92917	-5.91667
31.557509999999997	5.94872	6.06502	-5.94872	-5.94285
31.567659999999997	5.96753	6.06502	-5.96753	-5.97775
31.57782000000001	5.98579	6.04757	-5.98579	-6.00393
31.58803	6.00354	6.03884	-6.00354	-6.03884
31.598029999999998	6.02038	6.03011	-6.02038	-6.07375
31.608209999999996	6.03694	6.03884	-6.03694	-6.11738
31.61835	6.05287	6.04757	-6.05287	-6.15229
31.62849000000001	6.06822	6.05629	-6.06823	-6.18719
31.638659999999998	6.08305	6.07375	-6.08305	-6.20465
31.64873	6.09718	6.09993	-6.09718	-6.2221
31.658929999999998	6.11091	6.12611	-6.11091	-6.23083
31.6691	6.12403	6.15229	-6.12403	-6.2221
31.67923	6.13656	6.17847	-6.13656	-6.2221
31.68937	6.14856	6.21337	-6.14856	-6.20465
31.699540000000002	6.15997	6.23955	-6.15997	-6.18719
31.709629999999997	6.17078	6.26573	-6.17078	-6.16101
31.71981	6.18113	6.28319	-6.18113	-6.14356
31.72993	6.19087	6.28319	-6.19087	-6.13483
31.74012	6.20014	6.28319	-6.20014	-6.13483
31.75021	6.20877	6.27446	-6.20877	-6.13483
31.76033	6.21691	6.26573	-6.21691	-6.15229
31.77062	6.22462	6.24828	-6.22462	-6.16974
31.78071	6.23166	6.23083	-6.23166	-6.18719
31.790770000000002	6.23817	6.21337	-6.23817	-6.20465
31.800929999999997	6.24424	6.20465	-6.24424	-6.23083
31.811040000000002	6.24976	6.20465	-6.24976	-6.25701
31.821209999999997	6.25482	6.21337	-6.25482	-6.29191
31.831329999999998	6.25937	6.2221	-6.25937	-6.30937
31.841490000000004	6.26345	6.23955	-6.26345	-6.32682
31.85163	6.26705	6.25701	-6.26705	-6.32682
31.86175	6.2702	6.28319	-6.2702	-6.32682
31.87195	6.27294	6.30937	-6.27294	-6.31809
31.8821	6.27525	6.32682	-6.27525	-6.30937
31.89227	6.27718	6.33555	-6.27718	-6.29191
31.90235	6.27873	6.33555	-6.27873	-6.26573
31.912740000000003	6.28319	6.32682	-6.28319	-6.23955
31.9228	6.28319	6.31809	-6.28319	-6.2221
31.932940000000002	6.28319	6.29191	-6.28319	-6.19592
31.94308	6.28319	6.27446	-6.28319	-6.16974
31.953229999999998	6.28319	6.25701	-6.28319	-6.16974
31.963829999999998	6.28319	6.23083	-6.28319	-6.16974
