29.11893	0.0	0.0	0.0	0.0	
29.12332	0.000679	-0.008727	-0.000679	0.008727	
29.13343	0.003034	-0.008727	-0.003034	0.017453	
29.14372	0.006073	0.008727	-0.006073	0.034907	
29.15371	0.009613	0.02618	-0.009613	0.061087	
29.16381	0.013802	0.043633	-0.013802	0.07854	
29.17398	0.018648	0.069813	-0.018648	0.10472	
29.18411	0.024085	0.095993	-0.024085	0.10472	
29.19416	0.030088	0.1309	-0.030088	0.10472	
29.21297	0.043942	0.191986	-0.043942	0.10472	
29.22554	0.053914	0.200713	-0.053914	0.095993	
29.22992	0.057384	0.226893	-0.057384	0.069813	
29.2401	0.066274	0.23562	-0.066274	0.05236	
29.25017	0.075679	0.23562	-0.075679	0.02618	
29.26035	0.085801	0.23562	-0.085801	0.0	
29.270570000000006	0.096587	0.218166	-0.096587	-0.034907	
29.28063	0.107811	0.200713	-0.107811	-0.069813	
29.29075	0.119723	0.18326	-0.119723	-0.095993	
29.30088	0.132274	0.165806	-0.132274	-0.122173	
29.31198	0.146782	0.15708	-0.146782	-0.139626	
29.32115	0.159203	0.148353	-0.159203	-0.148353	
29.33938	0.186439	0.165806	-0.186439	-0.139626	
29.34372	0.192839	0.165806	-0.192839	-0.139626	
29.353890000000003	0.208671	0.18326	-0.208671	-0.1309	
29.36406	0.225163	0.20944	-0.225163	-0.139626	
29.37416	0.24205	0.244346	-0.24205	-0.139626	
29.38437	0.259803	0.287979	-0.259803	-0.15708	
29.394440000000003	0.277908	0.322886	-0.277908	-0.174533	
29.404870000000006	0.297344	0.366519	-0.297344	-0.191986	
29.41507	0.316966	0.410152	-0.316966	-0.218166	
29.42521	0.337075	0.445059	-0.337075	-0.244346	
29.43533	0.357751	0.479966	-0.357751	-0.279253	
29.4455	0.37917	0.532325	-0.37917	-0.305433	
29.45561	0.401072	0.567232	-0.401072	-0.340339	
29.46571	0.423563	0.584685	-0.423563	-0.375246	
29.475890000000003	0.446834	0.602139	-0.446834	-0.410152	
29.48605	0.470719	0.602139	-0.470719	-0.453786	
29.496170000000006	0.495097	0.602139	-0.495097	-0.488692	
29.5063	0.520107	0.602139	-0.520107	-0.523599	
29.51653	0.546026	0.593412	-0.546026	-0.541052	
29.52673	0.572469	0.593412	-0.572469	-0.558505	
29.53681	0.59919	0.602139	-0.59919	-0.567232	
29.546940000000006	0.626691	0.619592	-0.626691	-0.567232	
29.55705	0.654736	0.637045	-0.654736	-0.558505	
29.56724	0.683655	0.663225	-0.683655	-0.567232	
29.57736	0.71295	0.689405	-0.71295	-0.575959	
29.58754	0.743072	0.724312	-0.743072	-0.593412	
29.59768	0.77366	0.767945	-0.77366	-0.619592	
29.60777	0.804732	0.811578	-0.804732	-0.645772	
29.61805	0.837065	0.855211	-0.837065	-0.680678	
29.62818	0.86947	0.898845	-0.86947	-0.724312	
29.6383	0.902476	0.959931	-0.902476	-0.767945	
29.64842	0.936096	1.003564	-0.936096	-0.811578	
29.658520000000006	0.970261	1.064651	-0.970261	-0.855211	
29.6687	1.005346	1.108284	-1.005346	-0.907571	
29.67891	1.041146	1.169371	-1.041146	-0.959931	
29.689	1.077141	1.221731	-1.077141	-1.012291	
29.69912	1.113824	1.27409	-1.113824	-1.064651	
29.70927	1.151265	1.317724	-1.151265	-1.125737	
29.71947	1.18954	1.35263	-1.18954	-1.186824	
29.72958	1.228018	1.387537	-1.228018	-1.239184	
29.73974	1.267354	1.396263	-1.267354	-1.291544	
29.74987	1.307181	1.40499	-1.307181	-1.343903	
29.760040000000004	1.347767	1.413717	-1.347767	-1.37881	
29.77014	1.388728	1.422443	-1.388728	-1.396263	
29.78029	1.430487	1.448623	-1.430487	-1.413717	
29.79048	1.473043	1.466077	-1.473043	-1.413717	
29.80057	1.515772	1.492257	-1.515772	-1.422443	
29.81088	1.560082	1.527163	-1.560082	-1.43117	
29.82089	1.603722	1.56207	-1.603722	-1.448623	
29.83102	1.648445	1.596976	-1.648445	-1.466077	
29.84116	1.693893	1.649336	-1.693893	-1.500983	
29.85127	1.739787	1.701696	-1.739787	-1.53589	
29.8614	1.786384	1.762783	-1.786384	-1.579523	
29.87158	1.833862	1.823869	-1.833862	-1.623156	
29.88165	1.881384	1.893682	-1.881384	-1.684243	
29.89181	1.929973	1.972222	-1.929973	-1.745329	
29.901940000000003	1.979057	2.042035	-1.979057	-1.815142	
29.91227	2.029772	2.111848	-2.029772	-1.893682	
29.9223	2.079555	2.181662	-2.079555	-1.972222	
29.93247	2.130698	2.251475	-2.130698	-2.050762	
29.94266	2.182555	2.321288	-2.182555	-2.129302	
29.952690000000004	2.234145	2.391101	-2.234145	-2.216568	
29.96282	2.286968	2.452188	-2.286968	-2.286381	
29.97303	2.34074	2.513274	-2.34074	-2.373648	
29.98309	2.394393	2.574361	-2.394393	-2.443461	
29.993240000000004	2.449143	2.635447	-2.449143	-2.513274	
30.003290000000003	2.503879	2.67908	-2.503879	-2.556907	
30.0137	2.561322	2.713987	-2.561322	-2.591814	
30.02366	2.616809	2.748894	-2.616809	-2.617994	
30.033790000000003	2.673921	2.7838	-2.673921	-2.635447	
30.04389	2.731447	2.818707	-2.731447	-2.661627	
30.054	2.789649	2.86234	-2.789649	-2.696534	
30.06417	2.848801	2.905973	-2.848801	-2.722714	
30.07432	2.908461	2.949607	-2.908461	-2.766347	
30.08443	2.968527	2.99324	-2.968527	-2.80998	
30.094620000000006	3.029621	3.036873	-3.029621	-2.86234	
30.10482	3.091448	3.089233	-3.091448	-2.9147	
30.11499	3.15375	3.150319	-3.15375	-2.975786	
30.1253	3.215611	3.202679	-3.215611	-3.036873	
30.13531	3.275063	3.272492	-3.275063	-3.115413	
30.14547	3.334842	3.342306	-3.334842	-3.185226	
30.15565	3.394066	3.412119	-3.394066	-3.263766	
30.16579	3.452511	3.490659	-3.452511	-3.351032	
30.17592	3.510211	3.569198	-3.510211	-3.429572	
30.18634	3.569029	3.656465	-3.569029	-3.516838	
30.1965	3.625716	3.726278	-3.625716	-3.604105	
30.20715	3.68448	3.813544	-3.68448	-3.682645	
30.21688	3.737573	3.883358	-3.737573	-3.769911	
30.2271	3.792702	3.953171	-3.792702	-3.839724	
30.2373	3.84715	4.022984	-3.84715	-3.918264	
30.24755	3.901216	4.092797	-3.901216	-3.988077	
30.25768	3.954081	4.16261	-3.954081	-4.040437	
30.2679	4.006789	4.21497	-4.006789	-4.075344	
30.27801	4.058253	4.249877	-4.058253	-4.101524	
30.29686	4.151733	4.302237	-4.151733	-4.118977	
30.30148	4.174735	4.302237	-4.174735	-4.118977	
30.31173	4.224911	4.31969	-4.224911	-4.127704	
30.32325	4.280475	4.337143	-4.280475	-4.13643	
30.3321	4.322812	4.354597	-4.322812	-4.153884	
30.34229	4.370836	4.389503	-4.370836	-4.171337	
30.35253	4.418512	4.415683	-4.418512	-4.206243	
30.3627	4.465264	4.45059	-4.465264	-4.258603	
30.37301	4.512011	4.485496	-4.512011	-4.302237	
30.38325	4.557824	4.529129	-4.557824	-4.363323	
30.393290000000004	4.602155	4.581489	-4.602155	-4.433136	
30.40355	4.646822	4.633849	-4.646822	-4.502949	
30.41371	4.690471	4.694936	-4.690471	-4.572763	
30.42541	4.739871	4.756022	-4.739871	-4.642576	
30.43412	4.776253	4.825835	-4.776253	-4.712389	
30.445290000000004	4.822168	4.895649	-4.822168	-4.790929	
30.46289	4.892279	5.017822	-4.892279	-4.921828	
30.4675	4.910682	5.044002	-4.910682	-4.956735	
30.4777	4.950664	5.113815	-4.950664	-5.017822	
30.4879	4.99001	5.174901	-4.99001	-5.061455	
30.4981	5.028773	5.227261	-5.028773	-5.096361	
30.50833	5.067024	5.262168	-5.067024	-5.113815	
30.51852	5.104511	5.288348	-5.104511	-5.131268	
30.52867	5.141289	5.305801	-5.141289	-5.131268	
30.53913	5.17849	5.314528	-5.17849	-5.131268	
30.549090000000003	5.213392	5.314528	-5.213392	-5.131268	
30.5593	5.248511	5.314528	-5.248511	-5.131268	
30.56948	5.282927	5.323254	-5.282927	-5.139995	
30.579690000000006	5.316877	5.331981	-5.316877	-5.148721	
30.589890000000004	5.350145	5.349434	-5.350145	-5.174901	
30.60011	5.382864	5.375614	-5.382864	-5.209808	
30.610290000000006	5.414889	5.401794	-5.414889	-5.244714	
30.62053	5.446481	5.427974	-5.446481	-5.288348	
30.63076	5.477424	5.462881	-5.477424	-5.331981	
30.6409	5.507481	5.497787	-5.507481	-5.384341	
30.65107	5.537053	5.54142	-5.537053	-5.436701	
30.66136	5.566357	5.59378	-5.566357	-5.48906	
30.67153	5.594719	5.637414	-5.594719	-5.550147	
30.68176	5.622615	5.689773	-5.622615	-5.602507	
30.69197	5.649895	5.75086	-5.649895	-5.654867	
30.70225	5.676713	5.80322	-5.676713	-5.715953	
30.71241	5.702658	5.85558	-5.702658	-5.759586	
30.722990000000006	5.728987	5.899213	-5.728987	-5.794493	
30.73272	5.752687	5.942846	-5.752687	-5.820673	
30.74309	5.777325	5.969026	-5.777325	-5.8294	
30.75318	5.800704	5.995206	-5.800704	-5.8294	
30.76338	5.823734	5.995206	-5.823734	-5.8294	
30.77358	5.846174	5.995206	-5.846174	-5.811946	
30.7837	5.867857	5.995206	-5.867857	-5.80322	
30.79391	5.889131	5.977753	-5.889131	-5.794493	
30.80408	5.909816	5.960299	-5.909816	-5.794493	
30.814290000000003	5.929812	5.951573	-5.929812	-5.794493	
30.825470000000006	5.951083	5.942846	-5.951083	-5.80322	
30.834740000000004	5.96825	5.951573	-5.96825	-5.820673	
30.84492	5.986502	5.960299	-5.986502	-5.846853	
30.855220000000006	6.004377	5.977753	-6.004377	-5.873033	
30.86578	6.022062	6.012659	-6.022062	-5.907939	
30.875590000000006	6.037978	6.047566	-6.037978	-5.942846	
30.88597	6.054182	6.082473	-6.054182	-5.977753	
30.89599	6.069285	6.117379	-6.069285	-6.012659	
30.90619	6.084052	6.161012	-6.084052	-6.056292	
30.91636	6.098229	6.204646	-6.098229	-6.091199	
30.9276	6.113146	6.248279	-6.113146	-6.126106	
30.936770000000006	6.124893	6.291912	-6.124893	-6.152286	
30.94694	6.137337	6.326819	-6.137337	-6.161012	
30.95712	6.149228	6.344272	-6.149228	-6.161012	
30.96733	6.160578	6.361725	-6.160578	-6.161012	
30.97752	6.171343	6.361725	-6.171343	-6.152286	
30.98766	6.181499	6.352999	-6.181499	-6.143559	
30.997840000000004	6.19114	6.344272	-6.19114	-6.126106	
31.00801	6.200222	6.326819	-6.200222	-6.108652	
31.01826	6.208813	6.309365	-6.208813	-6.091199	
31.02891	6.217134	6.274459	-6.217134	-6.082472	
31.03915	6.224602	6.248279	-6.224602	-6.082472	
31.049290000000006	6.231471	6.222099	-6.231471	-6.091199	
31.05948	6.237845	6.204646	-6.237845	-6.099926	
31.06973	6.243723	6.204646	-6.243723	-6.117379	
31.07987	6.249036	6.213372	-6.249036	-6.143559	
31.09005	6.253861	6.230826	-6.253861	-6.169739	
31.10032	6.258232	6.257005	-6.258232	-6.195919	
31.11055	6.2621	6.291912	-6.2621	-6.222099	
31.120790000000003	6.265501	6.326819	-6.265501	-6.257005	
31.13085	6.26841	6.361725	-6.26841	-6.283185	
31.14108	6.270928	6.396632	-6.270928	-6.300639	
31.15134	6.273041	6.431538	-6.273041	-6.309365	
31.16149	6.274758	6.448992	-6.274758	-6.300639	
31.17173	6.279845	6.457718	-6.279845	-6.300639	
31.18193	6.279845	6.448992	-6.279845	-6.283185	
31.192120000000006	6.279845	6.448992	-6.279845	-6.265732	
31.2023	6.279845	6.431538	-6.279845	-6.248279	
31.21248	6.279845	6.414085	-6.279845	-6.213372	
31.22278	6.279845	6.379178	-6.279845	-6.187192	
