2.379594	0.00126785845	0	0.00126785845	0	
2.388039	0.00251000701	0	0.00251000701	0	
2.398469	0.00476000833	0	0.00476000833	0	
2.408217	0.0074130825	0	0.0074130825	0	
2.418352	0.0107987103	0	0.0107987103	0	
2.428452	0.0147829158	0.00872664626	0.0147829158	0.0174532925	
2.438556	0.0193826406	0.0174532925	0.0193826406	0.034906585	
2.448738	0.0246453365	0.034906585	0.0246453365	0.0436332313	
2.458806	0.0304498149	0.0436332313	0.0304498149	0.0698131701	
2.468986	0.036943847	0.0610865238	0.036943847	0.0872664626	
2.479389	0.0442457446	0.0698131701	0.0442457446	0.104719755	
2.489525	0.0519588525	0.0872664626	0.0519588525	0.130899694	
2.508924	0.0695212197	0.104719755	0.0695212197	0.157079633	
2.513242	0.0733434324	0.130899694	0.0733434324	0.191986218	
2.523427	0.0831702129	0.148352986	0.0831702129	0.218166156	
2.533494	0.0934844324	0.174532925	0.0934844324	0.253072742	
2.54362	0.104477054	0.191986218	0.104477054	0.27925268	
2.553718	0.116051361	0.20943951	0.116051361	0.314159265	
2.563887	0.128330965	0.244346095	0.128330965	0.34906585	
2.574066	0.141243383	0.261799388	0.141243383	0.383972435	
2.584224	0.154753315	0.296705973	0.154753315	0.41887902	
2.594383	0.168875435	0.314159265	0.168875435	0.453785606	
2.604506	0.183562558	0.34906585	0.183562558	0.488692191	
2.614585	0.198792301	0.383972435	0.198792301	0.532325422	
2.62472	0.214729438	0.410152374	0.214729438	0.567232007	
2.634873	0.231312322	0.445058959	0.231312322	0.602138592	
2.645025	0.248511922	0.471238898	0.248511922	0.637045177	
2.655149	0.266280052	0.506145483	0.266280052	0.680678408	
2.665239	0.284590832	0.541052068	0.284590832	0.715584993	
2.67547	0.303805318	0.575958653	0.303805318	0.750491578	
2.685586	0.323404907	0.610865238	0.323404907	0.785398163	
2.695724	0.343660284	0.645771823	0.343660284	0.829031395	
2.70581	0.364420295	0.680678408	0.364420295	0.872664626	
2.716751	0.38770656	0.715584993	0.38770656	0.907571211	
2.726102	0.408064559	0.759218225	0.408064559	0.951204442	
2.736203	0.430699871	0.79412481	0.430699871	0.994837674	
2.746296	0.454007064	0.829031395	0.454007064	1.02974426	
2.756474	0.477980885	0.86393798	0.477980885	1.06465084	
2.766607	0.50253966	0.898844565	0.50253966	1.11701072	
2.776683	0.527572867	0.942477796	0.527572867	1.15191731	
2.786936	0.553684808	0.977384381	0.553684808	1.19555054	
2.797097	0.580163361	1.01229097	0.580163361	1.23918377	
2.807187	0.60707621	1.04719755	0.60707621	1.27409035	
2.817275	0.634591573	1.09083078	0.634591573	1.31772359	
2.827418	0.662875906	1.12573737	0.662875906	1.36135682	
2.837573	0.691809872	1.1693706	0.691809872	1.3962634	
2.847677	0.721203388	1.20427718	0.721203388	1.44862328	
2.857802	0.751282565	1.24791042	0.751282565	1.48352986	
2.867921	0.781961224	1.282817	0.781961224	1.5271631	
2.878472	0.812684103	1.32645023	0.812684103	1.57079633	
2.888257	0.840638527	1.36135682	0.840638527	1.61442956	
2.898413	0.869051927	1.3962634	0.869051927	1.65806279	
2.90849	0.896668694	1.43989663	0.896668694	1.70169602	
2.918611	0.923840589	1.48352986	0.923840589	1.74532925	
2.928761	0.950485689	1.51843645	0.950485689	1.78896248	
2.938861	0.976419577	1.56206968	0.976419577	1.83259571	
2.949032	1.00195469	1.59697627	1.00195469	1.87622895	
2.959119	1.02670725	1.6406095	1.02670725	1.91986218	
2.969236	1.05095089	1.67551608	1.05095089	1.96349541	
2.987881	1.09323197	1.71914931	1.09323197	2.00712864	
2.992204	1.10309889	1.77150919	1.10309889	2.05948852	
3.002372	1.12554751	1.81514242	1.12554751	2.10312175	
3.012429	1.14719671	1.85004901	1.14719671	2.14675498	
3.022589	1.16849966	1.88495559	1.16849966	2.19038821	
3.032734	1.18918055	1.92858882	1.18918055	2.23402144	
3.042867	1.20926298	1.97222205	1.20926298	2.27765467	
3.053034	1.22883461	2.00712864	1.22883461	2.32128791	
3.063124	1.24769795	2.05076187	1.24769795	2.36492114	
3.073238	1.2660342	2.08566846	1.2660342	2.40855437	
3.083438	1.28395087	2.12930169	1.28395087	2.4521876	
3.093969	1.30182866	2.16420827	1.30182866	2.49582083	
3.103718	1.31785417	2.2078415	1.31785417	2.53945406	
3.11385	1.3339451	2.25147474	1.3339451	2.58308729	
3.124162	1.34973112	2.28638132	1.34973112	2.62672052	
3.134175	1.36451293	2.33001455	1.36451293	2.67035376	
3.144251	1.37883029	2.36492114	1.37883029	2.71398699	
3.154439	1.39274493	2.40855437	1.39274493	2.75762022	
3.164505	1.40593968	2.44346095	1.40593968	2.80125345	
3.174626	1.41864485	2.47836754	1.41864485	2.84488668	
3.184788	1.43085081	2.52200077	1.43085081	2.89724656	
3.194971	1.44252857	2.565634	1.44252857	2.94087979	
3.21503	1.46282159	2.64417382	1.46282159	3.02814625	
3.227335	1.47474088	2.66162711	1.47474088	3.04559954	
3.231643	1.47890244	2.71398699	1.47890244	3.08923278	
3.241772	1.48801256	2.74889357	1.48801256	3.11541271	
3.251925	1.49661174	2.7925268	1.49661174	3.13286601	
3.262046	1.50466009	2.82743339	1.50466009	3.1503193	
3.272161	1.51218493	2.85361333	1.51218493	3.15904595	
3.282332	1.51922947	2.87106662	1.51922947	3.15904595	
3.292526	1.52577211	2.87979327	1.52577211	3.15904595	
3.302664	1.53177391	2.88851991	1.53177391	3.15904595	
3.312773	1.53726397	2.88851991	1.53726397	3.1503193	
3.322918	1.54228175	2.88851991	1.54228175	3.14159265	
3.333169	1.54685854	2.87979327	1.54685854	3.12413936	
3.343195	1.55087931	2.87106662	1.55087931	3.11541271	
3.353319	1.55447928	2.86233997	1.55447928	3.09795942	
3.363456	1.5576394	2.84488668	1.5576394	3.08050613	
3.373593	1.56037185	2.82743339	1.56037185	3.05432619	
3.383679	1.56268685	2.8099801	1.56268685	3.0368729	
3.393913	1.56464076	2.7925268	1.56464076	3.01069296	
3.404073	1.56622225	2.76634686	1.56622225	2.98451302	
3.414199	1.57079633	2.74016693	1.57079633	2.94960644	
3.424318	1.57079633	2.71398699	1.57079633	2.9234265	
3.434455	1.57079633	2.68780705	1.57079633	2.88851991	
3.444599	1.57079633	2.65290046	1.57079633	2.86233997	
3.454708	1.57079633	2.61799388	1.57079633	2.82743339	
3.464843	1.57079633	2.58308729	1.57079633	2.7925268	
3.474976	1.57079633	2.54818071	1.57079633	2.75762022	
3.485098	1.57079633	2.51327412	1.57079633	2.71398699	
3.495304	1.57079633	2.47836754	1.57079633	2.6790804	
3.505445	1.57079633	2.44346095	1.57079633	2.63544717	
3.51562	1.57079633	2.39982772	1.57079633	2.60054059	
3.525717	1.57079633	2.35619449	1.57079633	2.565634	
3.535821	1.57079633	2.32128791	1.57079633	2.53072742	
3.545985	1.57079633	2.28638132	1.57079633	2.48709418	
3.556084	1.57079633	2.24274809	1.57079633	2.44346095	
3.566319	1.57079633	2.19911486	1.57079633	2.40855437	
3.576372	1.57079633	2.15548163	1.57079633	2.36492114	
3.586476	1.57079633	2.11184839	1.57079633	2.32128791	
3.59673	1.57079633	2.07694181	1.57079633	2.28638132	
3.606834	1.57079633	2.02458193	1.57079633	2.24274809	
3.61698	1.57079633	1.98967535	1.57079633	2.19911486	
3.627074	1.57079633	1.94604212	1.57079633	2.16420827	
3.637283	1.57079633	1.90240888	1.57079633	2.11184839	
3.64732	1.57079633	1.85004901	1.57079633	2.07694181	
3.657469	1.57079633	1.81514242	1.57079633	2.04203522	
3.667584	1.57079633	1.76278254	1.57079633	1.99840199	
3.677733	1.57079633	1.71914931	1.57079633	1.95476876	
3.687807	1.57079633	1.67551608	1.57079633	1.91986218	
3.698061	1.57079633	1.63188285	1.57079633	1.88495559	
3.708229	1.57079633	1.58824962	1.57079633	1.84132236	
3.719045	1.57079633	1.53588974	1.57079633	1.79768913	
3.729111	1.57079633	1.49225651	1.57079633	1.76278254	
3.739685	1.57079633	1.46607657	1.57079633	1.72787596	
3.749482	1.57079633	1.43116999	1.57079633	1.69296937	
3.759541	1.57079633	1.42244334	1.57079633	1.65806279	
3.769664	1.57079633	1.41371669	1.57079633	1.61442956	
3.779775	1.57079633	1.40499005	1.57079633	1.57952297	
3.790072	1.57079633	1.40499005	1.57079633	1.54461639	
